#! /usr/bin/vvp
:ivl_version "12.0 (stable)";
:ivl_delay_selection "TYPICAL";
:vpi_time_precision + 0;
:vpi_module "/usr/lib/x86_64-linux-gnu/ivl/system.vpi";
:vpi_module "/usr/lib/x86_64-linux-gnu/ivl/vhdl_sys.vpi";
:vpi_module "/usr/lib/x86_64-linux-gnu/ivl/vhdl_textio.vpi";
:vpi_module "/usr/lib/x86_64-linux-gnu/ivl/v2005_math.vpi";
:vpi_module "/usr/lib/x86_64-linux-gnu/ivl/va_math.vpi";
:vpi_module "/usr/lib/x86_64-linux-gnu/ivl/v2009.vpi";
S_0x55a50f3e6430 .scope package, "$unit" "$unit" 2 1;
 .timescale 0 0;
S_0x55a50f3af930 .scope module, "top_tb" "top_tb" 3 1;
 .timescale 0 0;
v0x55a50f40e3b0_0 .net "alu_result", 31 0, v0x55a50f3e19d0_0;  1 drivers
v0x55a50f40e490_0 .var "clk", 0 0;
v0x55a50f40e550_0 .net "data_out", 31 0, v0x55a50f40c650_0;  1 drivers
v0x55a50f40e5f0_0 .net "leds_out", 7 0, L_0x55a50f3dc5a0;  1 drivers
v0x55a50f40e690_0 .net "pc", 31 0, L_0x55a50f3defa0;  1 drivers
v0x55a50f40e7a0_0 .net "rd", 4 0, L_0x55a50f40f0e0;  1 drivers
v0x55a50f40e860_0 .net "reg_data_1", 31 0, L_0x55a50f41fae0;  1 drivers
v0x55a50f40e9b0_0 .net "reg_data_2", 31 0, L_0x55a50f4201e0;  1 drivers
v0x55a50f40ea70_0 .var "reset", 0 0;
v0x55a50f40ec30_0 .var "sw", 7 0;
S_0x55a50f3e51a0 .scope module, "top" "top" 3 10, 4 1 0, S_0x55a50f3af930;
 .timescale 0 0;
    .port_info 0 /INPUT 1 "clk";
    .port_info 1 /INPUT 1 "reset";
    .port_info 2 /INPUT 8 "sw";
    .port_info 3 /OUTPUT 32 "alu_result";
    .port_info 4 /OUTPUT 32 "pc";
    .port_info 5 /OUTPUT 5 "rd";
    .port_info 6 /OUTPUT 32 "reg_data_2";
    .port_info 7 /OUTPUT 32 "reg_data_1";
    .port_info 8 /OUTPUT 32 "data_out";
    .port_info 9 /OUTPUT 8 "leds_out";
v0x55a50f40d5e0_0 .net "Pc_src", 0 0, v0x55a50f400430_0;  1 drivers
v0x55a50f40d6a0_0 .net "alu_result", 31 0, v0x55a50f3e19d0_0;  alias, 1 drivers
v0x55a50f40d760_0 .net "clk", 0 0, v0x55a50f40e490_0;  1 drivers
v0x55a50f40d800_0 .net "cs", 3 0, v0x55a50f3ffe10_0;  1 drivers
v0x55a50f40d930_0 .net "data_out", 31 0, v0x55a50f40c650_0;  alias, 1 drivers
v0x55a50f40d9f0_0 .net "instr", 31 0, L_0x55a50f3e41c0;  1 drivers
v0x55a50f40db40_0 .net "leds_out", 7 0, L_0x55a50f3dc5a0;  alias, 1 drivers
v0x55a50f40dc00_0 .net "mem_write", 0 0, v0x55a50f400290_0;  1 drivers
v0x55a50f40dd30_0 .net "pc", 31 0, L_0x55a50f3defa0;  alias, 1 drivers
v0x55a50f40de80_0 .net "rd", 4 0, L_0x55a50f40f0e0;  alias, 1 drivers
v0x55a50f40df40_0 .net "reg_data_1", 31 0, L_0x55a50f41fae0;  alias, 1 drivers
v0x55a50f40e000_0 .net "reg_data_2", 31 0, L_0x55a50f4201e0;  alias, 1 drivers
v0x55a50f40e0c0_0 .net "reset", 0 0, v0x55a50f40ea70_0;  1 drivers
v0x55a50f40e160_0 .net "sw", 7 0, v0x55a50f40ec30_0;  1 drivers
L_0x55a50f421c60 .part L_0x55a50f3e41c0, 12, 3;
S_0x55a50f3dcb00 .scope module, "ieu" "inst_execution_u" 4 30, 5 1 0, S_0x55a50f3e51a0;
 .timescale 0 0;
    .port_info 0 /INPUT 1 "clk";
    .port_info 1 /INPUT 32 "instr";
    .port_info 2 /INPUT 32 "mem_data";
    .port_info 3 /INPUT 32 "pc";
    .port_info 4 /OUTPUT 1 "pc_src";
    .port_info 5 /OUTPUT 32 "alu_result";
    .port_info 6 /OUTPUT 32 "reg_data_1";
    .port_info 7 /OUTPUT 32 "reg_data_2";
    .port_info 8 /OUTPUT 5 "rd";
    .port_info 9 /OUTPUT 4 "cs";
    .port_info 10 /OUTPUT 1 "mem_write";
v0x55a50f4027d0_0 .net "alu_control", 1 0, v0x55a50f3ffbd0_0;  1 drivers
v0x55a50f4028e0_0 .net "alu_result", 31 0, v0x55a50f3e19d0_0;  alias, 1 drivers
v0x55a50f4029a0_0 .net "alu_result_src", 0 0, v0x55a50f3ffcb0_0;  1 drivers
v0x55a50f402aa0_0 .net "alu_src", 1 0, v0x55a50f3ffd50_0;  1 drivers
v0x55a50f402b70_0 .var "alu_src_a", 31 0;
v0x55a50f402c60_0 .var "alu_src_b", 31 0;
v0x55a50f402d30_0 .net "clk", 0 0, v0x55a50f40e490_0;  alias, 1 drivers
v0x55a50f402e00_0 .net "cs", 3 0, v0x55a50f3ffe10_0;  alias, 1 drivers
v0x55a50f402ed0_0 .net "flags", 0 0, v0x55a50f3e58f0_0;  1 drivers
v0x55a50f403000_0 .net "funct3", 2 0, L_0x55a50f40f210;  1 drivers
v0x55a50f4030a0_0 .net "funct7", 6 0, L_0x55a50f40f590;  1 drivers
v0x55a50f403140_0 .var "ieu_result", 31 0;
v0x55a50f4031e0_0 .net "imm_ext", 31 0, v0x55a50f402490_0;  1 drivers
v0x55a50f4032b0_0 .net "imm_src", 2 0, v0x55a50f4001b0_0;  1 drivers
v0x55a50f4033a0_0 .net "instr", 31 0, L_0x55a50f3e41c0;  alias, 1 drivers
v0x55a50f403460_0 .net "mem_data", 31 0, v0x55a50f40c650_0;  alias, 1 drivers
v0x55a50f403520_0 .net "mem_write", 0 0, v0x55a50f400290_0;  alias, 1 drivers
v0x55a50f403700_0 .net "opcode", 6 0, L_0x55a50f40efd0;  1 drivers
v0x55a50f4037d0_0 .net "pc", 31 0, L_0x55a50f3defa0;  alias, 1 drivers
v0x55a50f403890_0 .net "pc_src", 0 0, v0x55a50f400430_0;  alias, 1 drivers
v0x55a50f403960_0 .net "rd", 4 0, L_0x55a50f40f0e0;  alias, 1 drivers
v0x55a50f403a30_0 .net "reg_data_1", 31 0, L_0x55a50f41fae0;  alias, 1 drivers
v0x55a50f403b20_0 .net "reg_data_2", 31 0, L_0x55a50f4201e0;  alias, 1 drivers
v0x55a50f403c30_0 .net "reg_write", 0 0, v0x55a50f4004f0_0;  1 drivers
v0x55a50f403d20_0 .var "result", 31 0;
v0x55a50f403de0_0 .net "result_src", 1 0, v0x55a50f4005b0_0;  1 drivers
v0x55a50f403e80_0 .net "rs1", 4 0, L_0x55a50f40f450;  1 drivers
v0x55a50f403f20_0 .net "rs2", 4 0, L_0x55a50f40f4f0;  1 drivers
E_0x55a50f329870 .event anyedge, v0x55a50f4005b0_0, v0x55a50f403460_0, v0x55a50f403140_0, v0x55a50f402490_0;
E_0x55a50f32a140 .event anyedge, v0x55a50f3ffcb0_0, v0x55a50f4037d0_0, v0x55a50f3e19d0_0;
E_0x55a50f2f0d60 .event anyedge, v0x55a50f3ffd50_0, v0x55a50f4037d0_0, v0x55a50f3ff620_0;
E_0x55a50f329cd0 .event anyedge, v0x55a50f3ffd50_0, v0x55a50f402490_0, v0x55a50f3ff6c0_0;
L_0x55a50f40efd0 .part L_0x55a50f3e41c0, 0, 7;
L_0x55a50f40f0e0 .part L_0x55a50f3e41c0, 7, 5;
L_0x55a50f40f210 .part L_0x55a50f3e41c0, 12, 3;
L_0x55a50f40f450 .part L_0x55a50f3e41c0, 15, 5;
L_0x55a50f40f4f0 .part L_0x55a50f3e41c0, 20, 5;
L_0x55a50f40f590 .part L_0x55a50f3e41c0, 25, 7;
S_0x55a50f3e3150 .scope begin, "Mux_alu_src_a" "Mux_alu_src_a" 5 95, 5 95 0, S_0x55a50f3dcb00;
 .timescale 0 0;
S_0x55a50f3e0840 .scope begin, "Mux_alu_src_b" "Mux_alu_src_b" 5 90, 5 90 0, S_0x55a50f3dcb00;
 .timescale 0 0;
S_0x55a50f3ddf30 .scope begin, "Mux_result" "Mux_result" 5 119, 5 119 0, S_0x55a50f3dcb00;
 .timescale 0 0;
S_0x55a50f3db530 .scope begin, "Mux_write_reg" "Mux_write_reg" 5 110, 5 110 0, S_0x55a50f3dcb00;
 .timescale 0 0;
S_0x55a50f3e46c0 .scope module, "alu_unit" "alu" 5 99, 6 1 0, S_0x55a50f3dcb00;
 .timescale 0 0;
    .port_info 0 /INPUT 32 "a";
    .port_info 1 /INPUT 32 "b";
    .port_info 2 /INPUT 2 "alu_control";
    .port_info 3 /INPUT 3 "funct3";
    .port_info 4 /OUTPUT 32 "alu_result";
v0x55a50f3ea210_0 .net "a", 31 0, v0x55a50f402b70_0;  1 drivers
v0x55a50f3e42e0_0 .net "alu_control", 1 0, v0x55a50f3ffbd0_0;  alias, 1 drivers
v0x55a50f3e19d0_0 .var "alu_result", 31 0;
v0x55a50f3df0c0_0 .net "b", 31 0, v0x55a50f402c60_0;  1 drivers
v0x55a50f3dc6c0_0 .net "funct3", 2 0, L_0x55a50f40f210;  alias, 1 drivers
E_0x55a50f314c40/0 .event anyedge, v0x55a50f3e42e0_0, v0x55a50f3ea210_0, v0x55a50f3df0c0_0, v0x55a50f3dc6c0_0;
E_0x55a50f314c40/1 .event anyedge, v0x55a50f3df0c0_0;
E_0x55a50f314c40 .event/or E_0x55a50f314c40/0, E_0x55a50f314c40/1;
S_0x55a50f3ff300 .scope module, "comparer" "comp" 5 52, 7 1 0, S_0x55a50f3dcb00;
 .timescale 0 0;
    .port_info 0 /INPUT 32 "r1";
    .port_info 1 /INPUT 32 "r2";
    .port_info 2 /INPUT 3 "funct3";
    .port_info 3 /OUTPUT 1 "eq";
v0x55a50f3e58f0_0 .var "eq", 0 0;
v0x55a50f3ff560_0 .net "funct3", 2 0, L_0x55a50f40f210;  alias, 1 drivers
v0x55a50f3ff620_0 .net "r1", 31 0, L_0x55a50f41fae0;  alias, 1 drivers
v0x55a50f3ff6c0_0 .net "r2", 31 0, L_0x55a50f4201e0;  alias, 1 drivers
E_0x55a50f3ea140 .event anyedge, v0x55a50f3dc6c0_0, v0x55a50f3ff620_0, v0x55a50f3ff6c0_0;
S_0x55a50f3ff820 .scope module, "control" "controler" 5 62, 8 1 0, S_0x55a50f3dcb00;
 .timescale 0 0;
    .port_info 0 /INPUT 1 "flags";
    .port_info 1 /INPUT 7 "opcode";
    .port_info 2 /INPUT 3 "funct3";
    .port_info 3 /INPUT 7 "funct7";
    .port_info 4 /OUTPUT 2 "alu_src";
    .port_info 5 /OUTPUT 1 "reg_write";
    .port_info 6 /OUTPUT 2 "alu_control";
    .port_info 7 /OUTPUT 3 "imm_src";
    .port_info 8 /OUTPUT 1 "mem_write";
    .port_info 9 /OUTPUT 2 "result_src";
    .port_info 10 /OUTPUT 1 "alu_result_src";
    .port_info 11 /OUTPUT 1 "pc_src";
    .port_info 12 /OUTPUT 4 "cs";
v0x55a50f3ffbd0_0 .var "alu_control", 1 0;
v0x55a50f3ffcb0_0 .var "alu_result_src", 0 0;
v0x55a50f3ffd50_0 .var "alu_src", 1 0;
v0x55a50f3ffe10_0 .var "cs", 3 0;
v0x55a50f3ffef0_0 .net "flags", 0 0, v0x55a50f3e58f0_0;  alias, 1 drivers
v0x55a50f3fffe0_0 .net "funct3", 2 0, L_0x55a50f40f210;  alias, 1 drivers
v0x55a50f4000d0_0 .net "funct7", 6 0, L_0x55a50f40f590;  alias, 1 drivers
v0x55a50f4001b0_0 .var "imm_src", 2 0;
v0x55a50f400290_0 .var "mem_write", 0 0;
v0x55a50f400350_0 .net "opcode", 6 0, L_0x55a50f40efd0;  alias, 1 drivers
v0x55a50f400430_0 .var "pc_src", 0 0;
v0x55a50f4004f0_0 .var "reg_write", 0 0;
v0x55a50f4005b0_0 .var "result_src", 1 0;
E_0x55a50f3ffb40 .event anyedge, v0x55a50f400350_0, v0x55a50f3dc6c0_0, v0x55a50f4000d0_0, v0x55a50f3e58f0_0;
S_0x55a50f400830 .scope module, "reg_file" "register_file" 5 129, 9 1 0, S_0x55a50f3dcb00;
 .timescale 0 0;
    .port_info 0 /INPUT 1 "clk";
    .port_info 1 /INPUT 1 "we";
    .port_info 2 /INPUT 5 "ra1";
    .port_info 3 /INPUT 5 "ra2";
    .port_info 4 /INPUT 5 "wa";
    .port_info 5 /INPUT 32 "wd";
    .port_info 6 /OUTPUT 32 "rd1";
    .port_info 7 /OUTPUT 32 "rd2";
v0x55a50f400b60_0 .net *"_ivl_0", 31 0, L_0x55a50f40f6c0;  1 drivers
v0x55a50f400c60_0 .net *"_ivl_10", 6 0, L_0x55a50f41f9a0;  1 drivers
L_0x7f4b916070f0 .functor BUFT 1, C4<00>, C4<0>, C4<0>, C4<0>;
v0x55a50f400d40_0 .net *"_ivl_13", 1 0, L_0x7f4b916070f0;  1 drivers
L_0x7f4b91607138 .functor BUFT 1, C4<00000000000000000000000000000000>, C4<0>, C4<0>, C4<0>;
v0x55a50f400e00_0 .net/2u *"_ivl_14", 31 0, L_0x7f4b91607138;  1 drivers
v0x55a50f400ee0_0 .net *"_ivl_18", 31 0, L_0x55a50f41fc70;  1 drivers
L_0x7f4b91607180 .functor BUFT 1, C4<000000000000000000000000000>, C4<0>, C4<0>, C4<0>;
v0x55a50f401010_0 .net *"_ivl_21", 26 0, L_0x7f4b91607180;  1 drivers
L_0x7f4b916071c8 .functor BUFT 1, C4<00000000000000000000000000000000>, C4<0>, C4<0>, C4<0>;
v0x55a50f4010f0_0 .net/2u *"_ivl_22", 31 0, L_0x7f4b916071c8;  1 drivers
v0x55a50f4011d0_0 .net *"_ivl_24", 0 0, L_0x55a50f41fda0;  1 drivers
v0x55a50f401290_0 .net *"_ivl_26", 31 0, L_0x55a50f41fee0;  1 drivers
v0x55a50f401400_0 .net *"_ivl_28", 6 0, L_0x55a50f41ffd0;  1 drivers
L_0x7f4b91607060 .functor BUFT 1, C4<000000000000000000000000000>, C4<0>, C4<0>, C4<0>;
v0x55a50f4014e0_0 .net *"_ivl_3", 26 0, L_0x7f4b91607060;  1 drivers
L_0x7f4b91607210 .functor BUFT 1, C4<00>, C4<0>, C4<0>, C4<0>;
v0x55a50f4015c0_0 .net *"_ivl_31", 1 0, L_0x7f4b91607210;  1 drivers
L_0x7f4b91607258 .functor BUFT 1, C4<00000000000000000000000000000000>, C4<0>, C4<0>, C4<0>;
v0x55a50f4016a0_0 .net/2u *"_ivl_32", 31 0, L_0x7f4b91607258;  1 drivers
L_0x7f4b916070a8 .functor BUFT 1, C4<00000000000000000000000000000000>, C4<0>, C4<0>, C4<0>;
v0x55a50f401780_0 .net/2u *"_ivl_4", 31 0, L_0x7f4b916070a8;  1 drivers
v0x55a50f401860_0 .net *"_ivl_6", 0 0, L_0x55a50f41f7c0;  1 drivers
v0x55a50f401920_0 .net *"_ivl_8", 31 0, L_0x55a50f41f900;  1 drivers
v0x55a50f401a00_0 .net "clk", 0 0, v0x55a50f40e490_0;  alias, 1 drivers
v0x55a50f401ac0_0 .net "ra1", 4 0, L_0x55a50f40f450;  alias, 1 drivers
v0x55a50f401ba0_0 .net "ra2", 4 0, L_0x55a50f40f4f0;  alias, 1 drivers
v0x55a50f401c80_0 .net "rd1", 31 0, L_0x55a50f41fae0;  alias, 1 drivers
v0x55a50f401d40_0 .net "rd2", 31 0, L_0x55a50f4201e0;  alias, 1 drivers
v0x55a50f401de0 .array "rf", 31 0, 31 0;
v0x55a50f401e80_0 .net "wa", 4 0, L_0x55a50f40f0e0;  alias, 1 drivers
v0x55a50f401f60_0 .net "wd", 31 0, v0x55a50f403d20_0;  1 drivers
v0x55a50f402040_0 .net "we", 0 0, v0x55a50f4004f0_0;  alias, 1 drivers
E_0x55a50f400ae0 .event posedge, v0x55a50f401a00_0;
L_0x55a50f40f6c0 .concat [ 5 27 0 0], L_0x55a50f40f450, L_0x7f4b91607060;
L_0x55a50f41f7c0 .cmp/ne 32, L_0x55a50f40f6c0, L_0x7f4b916070a8;
L_0x55a50f41f900 .array/port v0x55a50f401de0, L_0x55a50f41f9a0;
L_0x55a50f41f9a0 .concat [ 5 2 0 0], L_0x55a50f40f450, L_0x7f4b916070f0;
L_0x55a50f41fae0 .functor MUXZ 32, L_0x7f4b91607138, L_0x55a50f41f900, L_0x55a50f41f7c0, C4<>;
L_0x55a50f41fc70 .concat [ 5 27 0 0], L_0x55a50f40f4f0, L_0x7f4b91607180;
L_0x55a50f41fda0 .cmp/ne 32, L_0x55a50f41fc70, L_0x7f4b916071c8;
L_0x55a50f41fee0 .array/port v0x55a50f401de0, L_0x55a50f41ffd0;
L_0x55a50f41ffd0 .concat [ 5 2 0 0], L_0x55a50f40f4f0, L_0x7f4b91607210;
L_0x55a50f4201e0 .functor MUXZ 32, L_0x7f4b91607258, L_0x55a50f41fee0, L_0x55a50f41fda0, C4<>;
S_0x55a50f4021c0 .scope module, "sign_ext" "sign_extender" 5 80, 10 1 0, S_0x55a50f3dcb00;
 .timescale 0 0;
    .port_info 0 /INPUT 32 "instr";
    .port_info 1 /INPUT 3 "imm_src";
    .port_info 2 /OUTPUT 32 "imm_ext";
v0x55a50f402490_0 .var "imm_ext", 31 0;
v0x55a50f402590_0 .net "imm_src", 2 0, v0x55a50f4001b0_0;  alias, 1 drivers
v0x55a50f402680_0 .net "instr", 31 0, L_0x55a50f3e41c0;  alias, 1 drivers
E_0x55a50f4023c0/0 .event anyedge, v0x55a50f4001b0_0, v0x55a50f402680_0, v0x55a50f402680_0, v0x55a50f402680_0;
E_0x55a50f4023c0/1 .event anyedge, v0x55a50f402680_0, v0x55a50f402680_0, v0x55a50f402680_0, v0x55a50f402680_0;
E_0x55a50f4023c0/2 .event anyedge, v0x55a50f402680_0, v0x55a50f402680_0, v0x55a50f402680_0, v0x55a50f402680_0;
E_0x55a50f4023c0 .event/or E_0x55a50f4023c0/0, E_0x55a50f4023c0/1, E_0x55a50f4023c0/2;
S_0x55a50f404130 .scope module, "ifu" "inst_fetch_u" 4 20, 11 1 0, S_0x55a50f3e51a0;
 .timescale 0 0;
    .port_info 0 /INPUT 1 "Pc_src";
    .port_info 1 /INPUT 32 "alu_result";
    .port_info 2 /INPUT 1 "reset";
    .port_info 3 /INPUT 1 "clk";
    .port_info 4 /OUTPUT 32 "pc";
    .port_info 5 /OUTPUT 32 "instr";
L_0x55a50f3defa0 .functor BUFZ 32, v0x55a50f405680_0, C4<00000000000000000000000000000000>, C4<00000000000000000000000000000000>, C4<00000000000000000000000000000000>;
v0x55a50f4051e0_0 .net "Pc_src", 0 0, v0x55a50f400430_0;  alias, 1 drivers
v0x55a50f4052d0_0 .net "alu_result", 31 0, v0x55a50f3e19d0_0;  alias, 1 drivers
v0x55a50f4053e0_0 .net "clk", 0 0, v0x55a50f40e490_0;  alias, 1 drivers
v0x55a50f4054d0_0 .net "instr", 31 0, L_0x55a50f3e41c0;  alias, 1 drivers
v0x55a50f405570_0 .net "pc", 31 0, L_0x55a50f3defa0;  alias, 1 drivers
v0x55a50f405680_0 .var "pc_next", 31 0;
v0x55a50f405740_0 .net "reset", 0 0, v0x55a50f40ea70_0;  alias, 1 drivers
E_0x55a50f404410 .event posedge, v0x55a50f405740_0, v0x55a50f401a00_0;
L_0x55a50f40ee50 .part v0x55a50f405680_0, 2, 8;
S_0x55a50f404470 .scope begin, "Pc_update" "Pc_update" 11 10, 11 10 0, S_0x55a50f404130;
 .timescale 0 0;
S_0x55a50f404670 .scope module, "instruction_rom" "i_rom" 11 22, 12 1 0, S_0x55a50f404130;
 .timescale 0 0;
    .port_info 0 /INPUT 8 "address";
    .port_info 1 /OUTPUT 32 "data";
L_0x55a50f3e41c0 .functor BUFZ 32, L_0x55a50f40ecf0, C4<00000000000000000000000000000000>, C4<00000000000000000000000000000000>, C4<00000000000000000000000000000000>;
v0x55a50f404bb0_0 .net *"_ivl_0", 31 0, L_0x55a50f40ecf0;  1 drivers
v0x55a50f404cb0_0 .net *"_ivl_2", 9 0, L_0x55a50f40edb0;  1 drivers
L_0x7f4b91607018 .functor BUFT 1, C4<00>, C4<0>, C4<0>, C4<0>;
v0x55a50f404d90_0 .net *"_ivl_5", 1 0, L_0x7f4b91607018;  1 drivers
v0x55a50f404e80_0 .net "address", 7 0, L_0x55a50f40ee50;  1 drivers
v0x55a50f404f60_0 .net "data", 31 0, L_0x55a50f3e41c0;  alias, 1 drivers
v0x55a50f4050c0 .array "memory", 255 0, 31 0;
L_0x55a50f40ecf0 .array/port v0x55a50f4050c0, L_0x55a50f40edb0;
L_0x55a50f40edb0 .concat [ 8 2 0 0], L_0x55a50f40ee50, L_0x7f4b91607018;
S_0x55a50f4048b0 .scope begin, "$ivl_for_loop0" "$ivl_for_loop0" 12 11, 12 11 0, S_0x55a50f404670;
 .timescale 0 0;
v0x55a50f404ab0_0 .var/2s "i", 31 0;
S_0x55a50f405900 .scope module, "ios" "io_dev_u" 4 45, 13 1 0, S_0x55a50f3e51a0;
 .timescale 0 0;
    .port_info 0 /INPUT 1 "clk";
    .port_info 1 /INPUT 1 "rst";
    .port_info 2 /INPUT 8 "sw";
    .port_info 3 /INPUT 4 "cs";
    .port_info 4 /INPUT 32 "alu_result";
    .port_info 5 /INPUT 32 "reg_data_2";
    .port_info 6 /INPUT 3 "funct3";
    .port_info 7 /INPUT 1 "mem_write";
    .port_info 8 /OUTPUT 32 "data_out";
    .port_info 9 /OUTPUT 8 "leds_out";
v0x55a50f40c390_0 .net "alu_result", 31 0, v0x55a50f3e19d0_0;  alias, 1 drivers
v0x55a50f40c450_0 .net "clk", 0 0, v0x55a50f40e490_0;  alias, 1 drivers
v0x55a50f40c510_0 .net "cs", 3 0, v0x55a50f3ffe10_0;  alias, 1 drivers
v0x55a50f40c5b0_0 .net "cs_out", 3 0, v0x55a50f4063d0_0;  1 drivers
v0x55a50f40c650_0 .var "data_out", 31 0;
v0x55a50f40c760_0 .net "decoded_swithces", 7 0, L_0x55a50f3e57d0;  1 drivers
v0x55a50f40c800_0 .net "funct3", 2 0, L_0x55a50f421c60;  1 drivers
v0x55a50f40c8c0_0 .net "io_enable", 2 0, v0x55a50f406490_0;  1 drivers
v0x55a50f40c9b0_0 .net "leds_out", 7 0, L_0x55a50f3dc5a0;  alias, 1 drivers
v0x55a50f40cb10_0 .net "mem_data_0", 7 0, L_0x55a50f4205b0;  1 drivers
v0x55a50f40cbb0_0 .net "mem_data_1", 7 0, L_0x55a50f420b70;  1 drivers
v0x55a50f40ccc0_0 .net "mem_data_2", 7 0, L_0x55a50f420fd0;  1 drivers
v0x55a50f40cdd0_0 .net "mem_data_3", 7 0, L_0x55a50f4216e0;  1 drivers
v0x55a50f40cee0_0 .var "mem_data_out", 31 0;
v0x55a50f40cfc0_0 .net "mem_write", 0 0, v0x55a50f400290_0;  alias, 1 drivers
v0x55a50f40d060_0 .net "reg_data_2", 31 0, L_0x55a50f4201e0;  alias, 1 drivers
v0x55a50f40d1b0_0 .net "rst", 0 0, v0x55a50f40ea70_0;  alias, 1 drivers
v0x55a50f40d360_0 .net "sw", 7 0, v0x55a50f40ec30_0;  alias, 1 drivers
v0x55a50f40d420_0 .net "w_enable_data_mem", 0 0, v0x55a50f4066b0_0;  1 drivers
E_0x55a50f404330 .event anyedge, v0x55a50f406490_0, v0x55a50f40cee0_0, v0x55a50f40c150_0;
E_0x55a50f405c00/0 .event anyedge, v0x55a50f40c800_0, v0x55a50f407fc0_0, v0x55a50f407fc0_0, v0x55a50f409090_0;
E_0x55a50f405c00/1 .event anyedge, v0x55a50f409090_0, v0x55a50f40b250_0, v0x55a50f40a1e0_0;
E_0x55a50f405c00 .event/or E_0x55a50f405c00/0, E_0x55a50f405c00/1;
L_0x55a50f420330 .part v0x55a50f3e19d0_0, 0, 6;
L_0x55a50f421a00 .part v0x55a50f3e19d0_0, 0, 5;
L_0x55a50f421aa0 .part v0x55a50f406490_0, 0, 1;
L_0x55a50f421b40 .part L_0x55a50f4201e0, 0, 8;
S_0x55a50f405c80 .scope begin, "MUX_DATA_READ" "MUX_DATA_READ" 13 71, 13 71 0, S_0x55a50f405900;
 .timescale 0 0;
S_0x55a50f405e80 .scope module, "io_controler_instance" "io_controler" 13 22, 14 1 0, S_0x55a50f405900;
 .timescale 0 0;
    .port_info 0 /INPUT 1 "w_enable";
    .port_info 1 /INPUT 6 "addr";
    .port_info 2 /INPUT 4 "cs_in";
    .port_info 3 /OUTPUT 1 "w_enable_data_mem";
    .port_info 4 /OUTPUT 4 "cs_out";
    .port_info 5 /OUTPUT 3 "io_enable";
v0x55a50f4061c0_0 .net "addr", 5 0, L_0x55a50f420330;  1 drivers
v0x55a50f4062c0_0 .net "cs_in", 3 0, v0x55a50f3ffe10_0;  alias, 1 drivers
v0x55a50f4063d0_0 .var "cs_out", 3 0;
v0x55a50f406490_0 .var "io_enable", 2 0;
v0x55a50f406570_0 .net "w_enable", 0 0, v0x55a50f400290_0;  alias, 1 drivers
v0x55a50f4066b0_0 .var "w_enable_data_mem", 0 0;
E_0x55a50f406160 .event anyedge, v0x55a50f4061c0_0, v0x55a50f400290_0, v0x55a50f3ffe10_0;
S_0x55a50f406870 .scope module, "leds_instance" "leds" 13 58, 15 1 0, S_0x55a50f405900;
 .timescale 0 0;
    .port_info 0 /INPUT 1 "clk";
    .port_info 1 /INPUT 1 "en";
    .port_info 2 /INPUT 1 "rst";
    .port_info 3 /INPUT 8 "data";
    .port_info 4 /OUTPUT 8 "leds_out";
L_0x55a50f3dc5a0 .functor BUFZ 8, v0x55a50f406c70_0, C4<00000000>, C4<00000000>, C4<00000000>;
v0x55a50f406a50_0 .net "clk", 0 0, v0x55a50f40e490_0;  alias, 1 drivers
v0x55a50f406af0_0 .net "data", 7 0, L_0x55a50f421b40;  1 drivers
v0x55a50f406bd0_0 .net "en", 0 0, L_0x55a50f421aa0;  1 drivers
v0x55a50f406c70_0 .var "leds_next", 7 0;
v0x55a50f406d50_0 .net "leds_out", 7 0, L_0x55a50f3dc5a0;  alias, 1 drivers
v0x55a50f406e80_0 .net "rst", 0 0, v0x55a50f40ea70_0;  alias, 1 drivers
S_0x55a50f406fa0 .scope module, "segmented_memory_instance" "segmented_memory" 13 31, 16 1 0, S_0x55a50f405900;
 .timescale 0 0;
    .port_info 0 /INPUT 1 "clk";
    .port_info 1 /INPUT 4 "cs";
    .port_info 2 /INPUT 5 "addr";
    .port_info 3 /INPUT 32 "data";
    .port_info 4 /INPUT 1 "mem_write";
    .port_info 5 /OUTPUT 8 "mem_data_0";
    .port_info 6 /OUTPUT 8 "mem_data_1";
    .port_info 7 /OUTPUT 8 "mem_data_2";
    .port_info 8 /OUTPUT 8 "mem_data_3";
v0x55a50f40b640_0 .net "addr", 4 0, L_0x55a50f421a00;  1 drivers
v0x55a50f40b7b0_0 .net "clk", 0 0, v0x55a50f40e490_0;  alias, 1 drivers
v0x55a50f40b980_0 .net "cs", 3 0, v0x55a50f4063d0_0;  alias, 1 drivers
v0x55a50f40ba50_0 .net "data", 31 0, L_0x55a50f4201e0;  alias, 1 drivers
v0x55a50f40baf0_0 .net "mem_data_0", 7 0, L_0x55a50f4205b0;  alias, 1 drivers
v0x55a50f40bb90_0 .net "mem_data_1", 7 0, L_0x55a50f420b70;  alias, 1 drivers
v0x55a50f40bc60_0 .net "mem_data_2", 7 0, L_0x55a50f420fd0;  alias, 1 drivers
v0x55a50f40bd30_0 .net "mem_data_3", 7 0, L_0x55a50f4216e0;  alias, 1 drivers
v0x55a50f40be00_0 .net "mem_write", 0 0, v0x55a50f4066b0_0;  alias, 1 drivers
L_0x55a50f4206f0 .part v0x55a50f4063d0_0, 0, 1;
L_0x55a50f4207e0 .part L_0x55a50f4201e0, 0, 8;
L_0x55a50f420cb0 .part v0x55a50f4063d0_0, 1, 1;
L_0x55a50f420da0 .part L_0x55a50f4201e0, 8, 8;
L_0x55a50f421110 .part v0x55a50f4063d0_0, 2, 1;
L_0x55a50f421200 .part L_0x55a50f4201e0, 16, 8;
L_0x55a50f421820 .part v0x55a50f4063d0_0, 3, 1;
L_0x55a50f421910 .part L_0x55a50f4201e0, 24, 8;
S_0x55a50f4072b0 .scope module, "mem0" "memory" 16 11, 17 1 0, S_0x55a50f406fa0;
 .timescale 0 0;
    .port_info 0 /INPUT 1 "clk";
    .port_info 1 /INPUT 1 "we";
    .port_info 2 /INPUT 1 "cs";
    .port_info 3 /INPUT 5 "addr";
    .port_info 4 /INPUT 8 "wd";
    .port_info 5 /OUTPUT 8 "rd";
P_0x55a50f4074b0 .param/l "WIDTH" 0 17 2, +C4<00000000000000000000000000001000>;
v0x55a50f4078f0_0 .net *"_ivl_0", 7 0, L_0x55a50f4203d0;  1 drivers
v0x55a50f4079f0_0 .net *"_ivl_2", 6 0, L_0x55a50f420470;  1 drivers
L_0x7f4b916072a0 .functor BUFT 1, C4<00>, C4<0>, C4<0>, C4<0>;
v0x55a50f407ad0_0 .net *"_ivl_5", 1 0, L_0x7f4b916072a0;  1 drivers
L_0x7f4b916072e8 .functor BUFT 1, C4<00000000>, C4<0>, C4<0>, C4<0>;
v0x55a50f407b90_0 .net/2u *"_ivl_6", 7 0, L_0x7f4b916072e8;  1 drivers
v0x55a50f407c70_0 .net "addr", 4 0, L_0x55a50f421a00;  alias, 1 drivers
v0x55a50f407da0_0 .net "clk", 0 0, v0x55a50f40e490_0;  alias, 1 drivers
v0x55a50f407e40_0 .net "cs", 0 0, L_0x55a50f4206f0;  1 drivers
v0x55a50f407f00 .array "mem", 31 0, 7 0;
v0x55a50f407fc0_0 .net "rd", 7 0, L_0x55a50f4205b0;  alias, 1 drivers
v0x55a50f408130_0 .net "wd", 7 0, L_0x55a50f4207e0;  1 drivers
v0x55a50f408210_0 .net "we", 0 0, v0x55a50f4066b0_0;  alias, 1 drivers
L_0x55a50f4203d0 .array/port v0x55a50f407f00, L_0x55a50f420470;
L_0x55a50f420470 .concat [ 5 2 0 0], L_0x55a50f421a00, L_0x7f4b916072a0;
L_0x55a50f4205b0 .functor MUXZ 8, L_0x7f4b916072e8, L_0x55a50f4203d0, L_0x55a50f4206f0, C4<>;
S_0x55a50f4075f0 .scope begin, "$ivl_for_loop1" "$ivl_for_loop1" 17 14, 17 14 0, S_0x55a50f4072b0;
 .timescale 0 0;
v0x55a50f4077f0_0 .var/2s "i", 31 0;
S_0x55a50f408390 .scope module, "mem1" "memory" 16 20, 17 1 0, S_0x55a50f406fa0;
 .timescale 0 0;
    .port_info 0 /INPUT 1 "clk";
    .port_info 1 /INPUT 1 "we";
    .port_info 2 /INPUT 1 "cs";
    .port_info 3 /INPUT 5 "addr";
    .port_info 4 /INPUT 8 "wd";
    .port_info 5 /OUTPUT 8 "rd";
P_0x55a50f405480 .param/l "WIDTH" 0 17 2, +C4<00000000000000000000000000001000>;
v0x55a50f4089d0_0 .net *"_ivl_0", 7 0, L_0x55a50f420990;  1 drivers
v0x55a50f408ad0_0 .net *"_ivl_2", 6 0, L_0x55a50f420a30;  1 drivers
L_0x7f4b91607330 .functor BUFT 1, C4<00>, C4<0>, C4<0>, C4<0>;
v0x55a50f408bb0_0 .net *"_ivl_5", 1 0, L_0x7f4b91607330;  1 drivers
L_0x7f4b91607378 .functor BUFT 1, C4<00000000>, C4<0>, C4<0>, C4<0>;
v0x55a50f408ca0_0 .net/2u *"_ivl_6", 7 0, L_0x7f4b91607378;  1 drivers
v0x55a50f408d80_0 .net "addr", 4 0, L_0x55a50f421a00;  alias, 1 drivers
v0x55a50f408e90_0 .net "clk", 0 0, v0x55a50f40e490_0;  alias, 1 drivers
v0x55a50f408f30_0 .net "cs", 0 0, L_0x55a50f420cb0;  1 drivers
v0x55a50f408fd0 .array "mem", 31 0, 7 0;
v0x55a50f409090_0 .net "rd", 7 0, L_0x55a50f420b70;  alias, 1 drivers
v0x55a50f409170_0 .net "wd", 7 0, L_0x55a50f420da0;  1 drivers
v0x55a50f409250_0 .net "we", 0 0, v0x55a50f4066b0_0;  alias, 1 drivers
L_0x55a50f420990 .array/port v0x55a50f408fd0, L_0x55a50f420a30;
L_0x55a50f420a30 .concat [ 5 2 0 0], L_0x55a50f421a00, L_0x7f4b91607330;
L_0x55a50f420b70 .functor MUXZ 8, L_0x7f4b91607378, L_0x55a50f420990, L_0x55a50f420cb0, C4<>;
S_0x55a50f4086f0 .scope begin, "$ivl_for_loop1" "$ivl_for_loop1" 17 14, 17 14 0, S_0x55a50f408390;
 .timescale 0 0;
v0x55a50f4088d0_0 .var/2s "i", 31 0;
S_0x55a50f4093f0 .scope module, "mem2" "memory" 16 29, 17 1 0, S_0x55a50f406fa0;
 .timescale 0 0;
    .port_info 0 /INPUT 1 "clk";
    .port_info 1 /INPUT 1 "we";
    .port_info 2 /INPUT 1 "cs";
    .port_info 3 /INPUT 5 "addr";
    .port_info 4 /INPUT 8 "wd";
    .port_info 5 /OUTPUT 8 "rd";
P_0x55a50f4095d0 .param/l "WIDTH" 0 17 2, +C4<00000000000000000000000000001000>;
v0x55a50f409ab0_0 .net *"_ivl_0", 7 0, L_0x55a50f420e40;  1 drivers
v0x55a50f409bb0_0 .net *"_ivl_2", 6 0, L_0x55a50f420ee0;  1 drivers
L_0x7f4b916073c0 .functor BUFT 1, C4<00>, C4<0>, C4<0>, C4<0>;
v0x55a50f409c90_0 .net *"_ivl_5", 1 0, L_0x7f4b916073c0;  1 drivers
L_0x7f4b91607408 .functor BUFT 1, C4<00000000>, C4<0>, C4<0>, C4<0>;
v0x55a50f409d80_0 .net/2u *"_ivl_6", 7 0, L_0x7f4b91607408;  1 drivers
v0x55a50f409e60_0 .net "addr", 4 0, L_0x55a50f421a00;  alias, 1 drivers
v0x55a50f409fc0_0 .net "clk", 0 0, v0x55a50f40e490_0;  alias, 1 drivers
v0x55a50f40a060_0 .net "cs", 0 0, L_0x55a50f421110;  1 drivers
v0x55a50f40a120 .array "mem", 31 0, 7 0;
v0x55a50f40a1e0_0 .net "rd", 7 0, L_0x55a50f420fd0;  alias, 1 drivers
v0x55a50f40a2c0_0 .net "wd", 7 0, L_0x55a50f421200;  1 drivers
v0x55a50f40a3a0_0 .net "we", 0 0, v0x55a50f4066b0_0;  alias, 1 drivers
L_0x55a50f420e40 .array/port v0x55a50f40a120, L_0x55a50f420ee0;
L_0x55a50f420ee0 .concat [ 5 2 0 0], L_0x55a50f421a00, L_0x7f4b916073c0;
L_0x55a50f420fd0 .functor MUXZ 8, L_0x7f4b91607408, L_0x55a50f420e40, L_0x55a50f421110, C4<>;
S_0x55a50f4097d0 .scope begin, "$ivl_for_loop1" "$ivl_for_loop1" 17 14, 17 14 0, S_0x55a50f4093f0;
 .timescale 0 0;
v0x55a50f4099b0_0 .var/2s "i", 31 0;
S_0x55a50f40a540 .scope module, "mem3" "memory" 16 38, 17 1 0, S_0x55a50f406fa0;
 .timescale 0 0;
    .port_info 0 /INPUT 1 "clk";
    .port_info 1 /INPUT 1 "we";
    .port_info 2 /INPUT 1 "cs";
    .port_info 3 /INPUT 5 "addr";
    .port_info 4 /INPUT 8 "wd";
    .port_info 5 /OUTPUT 8 "rd";
P_0x55a50f40a6d0 .param/l "WIDTH" 0 17 2, +C4<00000000000000000000000000001000>;
v0x55a50f40aba0_0 .net *"_ivl_0", 7 0, L_0x55a50f4212e0;  1 drivers
v0x55a50f40aca0_0 .net *"_ivl_2", 6 0, L_0x55a50f421380;  1 drivers
L_0x7f4b91607450 .functor BUFT 1, C4<00>, C4<0>, C4<0>, C4<0>;
v0x55a50f40ad80_0 .net *"_ivl_5", 1 0, L_0x7f4b91607450;  1 drivers
L_0x7f4b91607498 .functor BUFT 1, C4<00000000>, C4<0>, C4<0>, C4<0>;
v0x55a50f40ae40_0 .net/2u *"_ivl_6", 7 0, L_0x7f4b91607498;  1 drivers
v0x55a50f40af20_0 .net "addr", 4 0, L_0x55a50f421a00;  alias, 1 drivers
v0x55a50f40b030_0 .net "clk", 0 0, v0x55a50f40e490_0;  alias, 1 drivers
v0x55a50f40b0d0_0 .net "cs", 0 0, L_0x55a50f421820;  1 drivers
v0x55a50f40b190 .array "mem", 31 0, 7 0;
v0x55a50f40b250_0 .net "rd", 7 0, L_0x55a50f4216e0;  alias, 1 drivers
v0x55a50f40b330_0 .net "wd", 7 0, L_0x55a50f421910;  1 drivers
v0x55a50f40b410_0 .net "we", 0 0, v0x55a50f4066b0_0;  alias, 1 drivers
L_0x55a50f4212e0 .array/port v0x55a50f40b190, L_0x55a50f421380;
L_0x55a50f421380 .concat [ 5 2 0 0], L_0x55a50f421a00, L_0x7f4b91607450;
L_0x55a50f4216e0 .functor MUXZ 8, L_0x7f4b91607498, L_0x55a50f4212e0, L_0x55a50f421820, C4<>;
S_0x55a50f40a8a0 .scope begin, "$ivl_for_loop1" "$ivl_for_loop1" 17 14, 17 14 0, S_0x55a50f40a540;
 .timescale 0 0;
v0x55a50f40aaa0_0 .var/2s "i", 31 0;
S_0x55a50f40bfa0 .scope module, "switches_instance" "switches" 13 66, 18 1 0, S_0x55a50f405900;
 .timescale 0 0;
    .port_info 0 /INPUT 8 "sw";
    .port_info 1 /OUTPUT 8 "decoded_swithces";
L_0x55a50f3e57d0 .functor BUFZ 8, v0x55a50f40ec30_0, C4<00000000>, C4<00000000>, C4<00000000>;
v0x55a50f40c150_0 .net "decoded_swithces", 7 0, L_0x55a50f3e57d0;  alias, 1 drivers
v0x55a50f40c250_0 .net "sw", 7 0, v0x55a50f40ec30_0;  alias, 1 drivers
    .scope S_0x55a50f404670;
T_0 ;
    %fork t_1, S_0x55a50f4048b0;
    %jmp t_0;
    .scope S_0x55a50f4048b0;
t_1 ;
    %pushi/vec4 0, 0, 32;
    %store/vec4 v0x55a50f404ab0_0, 0, 32;
T_0.0 ;
    %load/vec4 v0x55a50f404ab0_0;
    %cmpi/s 256, 0, 32;
    %jmp/0xz T_0.1, 5;
    %pushi/vec4 19, 0, 32;
    %ix/getv/s 4, v0x55a50f404ab0_0;
    %store/vec4a v0x55a50f4050c0, 4, 0;
    ; show_stmt_assign_vector: Get l-value for compressed += operand
    %load/vec4 v0x55a50f404ab0_0;
    %pushi/vec4 1, 0, 32;
    %add;
    %cast2;
    %store/vec4 v0x55a50f404ab0_0, 0, 32;
    %jmp T_0.0;
T_0.1 ;
    %end;
    .scope S_0x55a50f404670;
t_0 %join;
    %pushi/vec4 24117779, 0, 32;
    %ix/load 4, 0, 0;
    %flag_set/imm 4, 0;
    %store/vec4a v0x55a50f4050c0, 4, 0;
    %pushi/vec4 37756963, 0, 32;
    %ix/load 4, 1, 0;
    %flag_set/imm 4, 0;
    %store/vec4a v0x55a50f4050c0, 4, 0;
    %pushi/vec4 34611843, 0, 32;
    %ix/load 4, 2, 0;
    %flag_set/imm 4, 0;
    %store/vec4a v0x55a50f4050c0, 4, 0;
    %pushi/vec4 131635, 0, 32;
    %ix/load 4, 3, 0;
    %flag_set/imm 4, 0;
    %store/vec4a v0x55a50f4050c0, 4, 0;
    %end;
    .thread T_0;
    .scope S_0x55a50f404130;
T_1 ;
    %wait E_0x55a50f404410;
    %fork t_3, S_0x55a50f404470;
    %jmp t_2;
    .scope S_0x55a50f404470;
t_3 ;
    %load/vec4 v0x55a50f405740_0;
    %flag_set/vec4 8;
    %jmp/0xz  T_1.0, 8;
    %pushi/vec4 0, 0, 32;
    %assign/vec4 v0x55a50f405680_0, 0;
    %jmp T_1.1;
T_1.0 ;
    %load/vec4 v0x55a50f4051e0_0;
    %flag_set/vec4 8;
    %jmp/0xz  T_1.2, 8;
    %load/vec4 v0x55a50f4052d0_0;
    %assign/vec4 v0x55a50f405680_0, 0;
    %jmp T_1.3;
T_1.2 ;
    %load/vec4 v0x55a50f405570_0;
    %addi 4, 0, 32;
    %assign/vec4 v0x55a50f405680_0, 0;
T_1.3 ;
T_1.1 ;
    %end;
    .scope S_0x55a50f404130;
t_2 %join;
    %jmp T_1;
    .thread T_1;
    .scope S_0x55a50f3ff300;
T_2 ;
Ewait_0 .event/or E_0x55a50f3ea140, E_0x0;
    %wait Ewait_0;
    %load/vec4 v0x55a50f3ff560_0;
    %dup/vec4;
    %pushi/vec4 0, 0, 3;
    %cmp/u;
    %jmp/1 T_2.0, 6;
    %dup/vec4;
    %pushi/vec4 1, 0, 3;
    %cmp/u;
    %jmp/1 T_2.1, 6;
    %dup/vec4;
    %pushi/vec4 4, 0, 3;
    %cmp/u;
    %jmp/1 T_2.2, 6;
    %dup/vec4;
    %pushi/vec4 5, 0, 3;
    %cmp/u;
    %jmp/1 T_2.3, 6;
    %dup/vec4;
    %pushi/vec4 6, 0, 3;
    %cmp/u;
    %jmp/1 T_2.4, 6;
    %dup/vec4;
    %pushi/vec4 7, 0, 3;
    %cmp/u;
    %jmp/1 T_2.5, 6;
    %pushi/vec4 0, 0, 1;
    %store/vec4 v0x55a50f3e58f0_0, 0, 1;
    %jmp T_2.7;
T_2.0 ;
    %load/vec4 v0x55a50f3ff620_0;
    %load/vec4 v0x55a50f3ff6c0_0;
    %cmp/e;
    %flag_get/vec4 4;
    %store/vec4 v0x55a50f3e58f0_0, 0, 1;
    %jmp T_2.7;
T_2.1 ;
    %load/vec4 v0x55a50f3ff620_0;
    %load/vec4 v0x55a50f3ff6c0_0;
    %cmp/ne;
    %flag_get/vec4 4;
    %store/vec4 v0x55a50f3e58f0_0, 0, 1;
    %jmp T_2.7;
T_2.2 ;
    %load/vec4 v0x55a50f3ff620_0;
    %load/vec4 v0x55a50f3ff6c0_0;
    %cmp/s;
    %flag_get/vec4 5;
    %store/vec4 v0x55a50f3e58f0_0, 0, 1;
    %jmp T_2.7;
T_2.3 ;
    %load/vec4 v0x55a50f3ff6c0_0;
    %load/vec4 v0x55a50f3ff620_0;
    %cmp/s;
    %flag_get/vec4 4;
    %flag_get/vec4 5;
    %or;
    %store/vec4 v0x55a50f3e58f0_0, 0, 1;
    %jmp T_2.7;
T_2.4 ;
    %load/vec4 v0x55a50f3ff620_0;
    %load/vec4 v0x55a50f3ff6c0_0;
    %cmp/u;
    %flag_get/vec4 5;
    %store/vec4 v0x55a50f3e58f0_0, 0, 1;
    %jmp T_2.7;
T_2.5 ;
    %load/vec4 v0x55a50f3ff6c0_0;
    %load/vec4 v0x55a50f3ff620_0;
    %cmp/u;
    %flag_get/vec4 4;
    %flag_get/vec4 5;
    %or;
    %store/vec4 v0x55a50f3e58f0_0, 0, 1;
    %jmp T_2.7;
T_2.7 ;
    %pop/vec4 1;
    %jmp T_2;
    .thread T_2, $push;
    .scope S_0x55a50f3ff820;
T_3 ;
Ewait_1 .event/or E_0x55a50f3ffb40, E_0x0;
    %wait Ewait_1;
    %load/vec4 v0x55a50f400350_0;
    %dup/vec4;
    %pushi/vec4 51, 0, 7;
    %cmp/u;
    %jmp/1 T_3.0, 6;
    %dup/vec4;
    %pushi/vec4 19, 0, 7;
    %cmp/u;
    %jmp/1 T_3.1, 6;
    %dup/vec4;
    %pushi/vec4 23, 0, 7;
    %cmp/u;
    %jmp/1 T_3.2, 6;
    %dup/vec4;
    %pushi/vec4 99, 0, 7;
    %cmp/u;
    %jmp/1 T_3.3, 6;
    %dup/vec4;
    %pushi/vec4 111, 0, 7;
    %cmp/u;
    %jmp/1 T_3.4, 6;
    %dup/vec4;
    %pushi/vec4 103, 0, 7;
    %cmp/u;
    %jmp/1 T_3.5, 6;
    %dup/vec4;
    %pushi/vec4 35, 0, 7;
    %cmp/u;
    %jmp/1 T_3.6, 6;
    %dup/vec4;
    %pushi/vec4 3, 0, 7;
    %cmp/u;
    %jmp/1 T_3.7, 6;
    %pushi/vec4 0, 0, 1;
    %store/vec4 v0x55a50f4004f0_0, 0, 1;
    %pushi/vec4 0, 0, 2;
    %store/vec4 v0x55a50f3ffd50_0, 0, 2;
    %pushi/vec4 0, 0, 2;
    %store/vec4 v0x55a50f3ffbd0_0, 0, 2;
    %pushi/vec4 0, 0, 1;
    %store/vec4 v0x55a50f400290_0, 0, 1;
    %pushi/vec4 0, 0, 2;
    %store/vec4 v0x55a50f4005b0_0, 0, 2;
    %pushi/vec4 0, 0, 1;
    %store/vec4 v0x55a50f400430_0, 0, 1;
    %pushi/vec4 0, 0, 1;
    %store/vec4 v0x55a50f3ffcb0_0, 0, 1;
    %pushi/vec4 0, 0, 3;
    %store/vec4 v0x55a50f4001b0_0, 0, 3;
    %jmp T_3.9;
T_3.0 ;
    %load/vec4 v0x55a50f3fffe0_0;
    %dup/vec4;
    %pushi/vec4 0, 0, 3;
    %cmp/u;
    %jmp/1 T_3.10, 6;
    %dup/vec4;
    %pushi/vec4 1, 0, 3;
    %cmp/u;
    %jmp/1 T_3.11, 6;
    %dup/vec4;
    %pushi/vec4 2, 0, 3;
    %cmp/u;
    %jmp/1 T_3.12, 6;
    %dup/vec4;
    %pushi/vec4 3, 0, 3;
    %cmp/u;
    %jmp/1 T_3.13, 6;
    %dup/vec4;
    %pushi/vec4 4, 0, 3;
    %cmp/u;
    %jmp/1 T_3.14, 6;
    %dup/vec4;
    %pushi/vec4 5, 0, 3;
    %cmp/u;
    %jmp/1 T_3.15, 6;
    %dup/vec4;
    %pushi/vec4 6, 0, 3;
    %cmp/u;
    %jmp/1 T_3.16, 6;
    %dup/vec4;
    %pushi/vec4 7, 0, 3;
    %cmp/u;
    %jmp/1 T_3.17, 6;
    %pushi/vec4 0, 0, 1;
    %store/vec4 v0x55a50f4004f0_0, 0, 1;
    %pushi/vec4 0, 0, 2;
    %store/vec4 v0x55a50f3ffd50_0, 0, 2;
    %pushi/vec4 0, 0, 2;
    %store/vec4 v0x55a50f3ffbd0_0, 0, 2;
    %pushi/vec4 0, 0, 1;
    %store/vec4 v0x55a50f400290_0, 0, 1;
    %pushi/vec4 0, 0, 2;
    %store/vec4 v0x55a50f4005b0_0, 0, 2;
    %pushi/vec4 0, 0, 1;
    %store/vec4 v0x55a50f400430_0, 0, 1;
    %pushi/vec4 0, 0, 1;
    %store/vec4 v0x55a50f3ffcb0_0, 0, 1;
    %pushi/vec4 0, 0, 3;
    %store/vec4 v0x55a50f4001b0_0, 0, 3;
    %pushi/vec4 0, 0, 4;
    %store/vec4 v0x55a50f3ffe10_0, 0, 4;
    %jmp T_3.19;
T_3.10 ;
    %load/vec4 v0x55a50f4000d0_0;
    %dup/vec4;
    %pushi/vec4 0, 0, 7;
    %cmp/u;
    %jmp/1 T_3.20, 6;
    %dup/vec4;
    %pushi/vec4 32, 0, 7;
    %cmp/u;
    %jmp/1 T_3.21, 6;
    %pushi/vec4 0, 0, 1;
    %store/vec4 v0x55a50f4004f0_0, 0, 1;
    %pushi/vec4 0, 0, 2;
    %store/vec4 v0x55a50f3ffd50_0, 0, 2;
    %pushi/vec4 0, 0, 2;
    %store/vec4 v0x55a50f3ffbd0_0, 0, 2;
    %pushi/vec4 0, 0, 1;
    %store/vec4 v0x55a50f400290_0, 0, 1;
    %pushi/vec4 0, 0, 2;
    %store/vec4 v0x55a50f4005b0_0, 0, 2;
    %pushi/vec4 0, 0, 1;
    %store/vec4 v0x55a50f400430_0, 0, 1;
    %pushi/vec4 0, 0, 1;
    %store/vec4 v0x55a50f3ffcb0_0, 0, 1;
    %pushi/vec4 0, 0, 3;
    %store/vec4 v0x55a50f4001b0_0, 0, 3;
    %pushi/vec4 0, 0, 4;
    %store/vec4 v0x55a50f3ffe10_0, 0, 4;
    %jmp T_3.23;
T_3.20 ;
    %pushi/vec4 1, 0, 1;
    %store/vec4 v0x55a50f4004f0_0, 0, 1;
    %pushi/vec4 0, 0, 2;
    %store/vec4 v0x55a50f3ffd50_0, 0, 2;
    %pushi/vec4 0, 0, 2;
    %store/vec4 v0x55a50f3ffbd0_0, 0, 2;
    %pushi/vec4 0, 0, 1;
    %store/vec4 v0x55a50f400290_0, 0, 1;
    %pushi/vec4 0, 0, 2;
    %store/vec4 v0x55a50f4005b0_0, 0, 2;
    %pushi/vec4 0, 0, 1;
    %store/vec4 v0x55a50f400430_0, 0, 1;
    %pushi/vec4 0, 0, 1;
    %store/vec4 v0x55a50f3ffcb0_0, 0, 1;
    %pushi/vec4 0, 0, 3;
    %store/vec4 v0x55a50f4001b0_0, 0, 3;
    %pushi/vec4 0, 0, 4;
    %store/vec4 v0x55a50f3ffe10_0, 0, 4;
    %jmp T_3.23;
T_3.21 ;
    %pushi/vec4 1, 0, 1;
    %store/vec4 v0x55a50f4004f0_0, 0, 1;
    %pushi/vec4 0, 0, 2;
    %store/vec4 v0x55a50f3ffd50_0, 0, 2;
    %pushi/vec4 3, 0, 2;
    %store/vec4 v0x55a50f3ffbd0_0, 0, 2;
    %pushi/vec4 0, 0, 1;
    %store/vec4 v0x55a50f400290_0, 0, 1;
    %pushi/vec4 0, 0, 2;
    %store/vec4 v0x55a50f4005b0_0, 0, 2;
    %pushi/vec4 0, 0, 1;
    %store/vec4 v0x55a50f400430_0, 0, 1;
    %pushi/vec4 0, 0, 1;
    %store/vec4 v0x55a50f3ffcb0_0, 0, 1;
    %pushi/vec4 0, 0, 3;
    %store/vec4 v0x55a50f4001b0_0, 0, 3;
    %pushi/vec4 0, 0, 4;
    %store/vec4 v0x55a50f3ffe10_0, 0, 4;
    %jmp T_3.23;
T_3.23 ;
    %pop/vec4 1;
    %jmp T_3.19;
T_3.11 ;
    %pushi/vec4 1, 0, 1;
    %store/vec4 v0x55a50f4004f0_0, 0, 1;
    %pushi/vec4 0, 0, 2;
    %store/vec4 v0x55a50f3ffd50_0, 0, 2;
    %pushi/vec4 1, 0, 2;
    %store/vec4 v0x55a50f3ffbd0_0, 0, 2;
    %pushi/vec4 0, 0, 1;
    %store/vec4 v0x55a50f400290_0, 0, 1;
    %pushi/vec4 0, 0, 2;
    %store/vec4 v0x55a50f4005b0_0, 0, 2;
    %pushi/vec4 0, 0, 1;
    %store/vec4 v0x55a50f400430_0, 0, 1;
    %pushi/vec4 0, 0, 1;
    %store/vec4 v0x55a50f3ffcb0_0, 0, 1;
    %pushi/vec4 0, 0, 3;
    %store/vec4 v0x55a50f4001b0_0, 0, 3;
    %pushi/vec4 0, 0, 4;
    %store/vec4 v0x55a50f3ffe10_0, 0, 4;
    %jmp T_3.19;
T_3.12 ;
    %pushi/vec4 1, 0, 1;
    %store/vec4 v0x55a50f4004f0_0, 0, 1;
    %pushi/vec4 0, 0, 2;
    %store/vec4 v0x55a50f3ffd50_0, 0, 2;
    %pushi/vec4 3, 0, 2;
    %store/vec4 v0x55a50f3ffbd0_0, 0, 2;
    %pushi/vec4 0, 0, 1;
    %store/vec4 v0x55a50f400290_0, 0, 1;
    %pushi/vec4 0, 0, 2;
    %store/vec4 v0x55a50f4005b0_0, 0, 2;
    %pushi/vec4 0, 0, 1;
    %store/vec4 v0x55a50f400430_0, 0, 1;
    %pushi/vec4 0, 0, 1;
    %store/vec4 v0x55a50f3ffcb0_0, 0, 1;
    %pushi/vec4 0, 0, 3;
    %store/vec4 v0x55a50f4001b0_0, 0, 3;
    %pushi/vec4 0, 0, 4;
    %store/vec4 v0x55a50f3ffe10_0, 0, 4;
    %jmp T_3.19;
T_3.13 ;
    %pushi/vec4 1, 0, 1;
    %store/vec4 v0x55a50f4004f0_0, 0, 1;
    %pushi/vec4 0, 0, 2;
    %store/vec4 v0x55a50f3ffd50_0, 0, 2;
    %pushi/vec4 3, 0, 2;
    %store/vec4 v0x55a50f3ffbd0_0, 0, 2;
    %pushi/vec4 0, 0, 1;
    %store/vec4 v0x55a50f400290_0, 0, 1;
    %pushi/vec4 0, 0, 2;
    %store/vec4 v0x55a50f4005b0_0, 0, 2;
    %pushi/vec4 0, 0, 1;
    %store/vec4 v0x55a50f400430_0, 0, 1;
    %pushi/vec4 0, 0, 1;
    %store/vec4 v0x55a50f3ffcb0_0, 0, 1;
    %pushi/vec4 0, 0, 3;
    %store/vec4 v0x55a50f4001b0_0, 0, 3;
    %pushi/vec4 0, 0, 4;
    %store/vec4 v0x55a50f3ffe10_0, 0, 4;
    %jmp T_3.19;
T_3.14 ;
    %pushi/vec4 1, 0, 1;
    %store/vec4 v0x55a50f4004f0_0, 0, 1;
    %pushi/vec4 0, 0, 2;
    %store/vec4 v0x55a50f3ffd50_0, 0, 2;
    %pushi/vec4 1, 0, 2;
    %store/vec4 v0x55a50f3ffbd0_0, 0, 2;
    %pushi/vec4 0, 0, 1;
    %store/vec4 v0x55a50f400290_0, 0, 1;
    %pushi/vec4 0, 0, 2;
    %store/vec4 v0x55a50f4005b0_0, 0, 2;
    %pushi/vec4 0, 0, 1;
    %store/vec4 v0x55a50f400430_0, 0, 1;
    %pushi/vec4 0, 0, 1;
    %store/vec4 v0x55a50f3ffcb0_0, 0, 1;
    %pushi/vec4 0, 0, 3;
    %store/vec4 v0x55a50f4001b0_0, 0, 3;
    %pushi/vec4 0, 0, 4;
    %store/vec4 v0x55a50f3ffe10_0, 0, 4;
    %jmp T_3.19;
T_3.15 ;
    %load/vec4 v0x55a50f4000d0_0;
    %cmpi/e 0, 0, 7;
    %jmp/0xz  T_3.24, 4;
    %pushi/vec4 1, 0, 1;
    %store/vec4 v0x55a50f4004f0_0, 0, 1;
    %pushi/vec4 0, 0, 2;
    %store/vec4 v0x55a50f3ffd50_0, 0, 2;
    %pushi/vec4 1, 0, 2;
    %store/vec4 v0x55a50f3ffbd0_0, 0, 2;
    %pushi/vec4 0, 0, 1;
    %store/vec4 v0x55a50f400290_0, 0, 1;
    %pushi/vec4 0, 0, 2;
    %store/vec4 v0x55a50f4005b0_0, 0, 2;
    %pushi/vec4 0, 0, 1;
    %store/vec4 v0x55a50f400430_0, 0, 1;
    %pushi/vec4 0, 0, 1;
    %store/vec4 v0x55a50f3ffcb0_0, 0, 1;
    %pushi/vec4 0, 0, 3;
    %store/vec4 v0x55a50f4001b0_0, 0, 3;
    %pushi/vec4 0, 0, 4;
    %store/vec4 v0x55a50f3ffe10_0, 0, 4;
    %jmp T_3.25;
T_3.24 ;
    %pushi/vec4 1, 0, 1;
    %store/vec4 v0x55a50f4004f0_0, 0, 1;
    %pushi/vec4 0, 0, 2;
    %store/vec4 v0x55a50f3ffd50_0, 0, 2;
    %pushi/vec4 3, 0, 2;
    %store/vec4 v0x55a50f3ffbd0_0, 0, 2;
    %pushi/vec4 0, 0, 1;
    %store/vec4 v0x55a50f400290_0, 0, 1;
    %pushi/vec4 0, 0, 2;
    %store/vec4 v0x55a50f4005b0_0, 0, 2;
    %pushi/vec4 0, 0, 1;
    %store/vec4 v0x55a50f400430_0, 0, 1;
    %pushi/vec4 0, 0, 1;
    %store/vec4 v0x55a50f3ffcb0_0, 0, 1;
    %pushi/vec4 0, 0, 3;
    %store/vec4 v0x55a50f4001b0_0, 0, 3;
    %pushi/vec4 0, 0, 4;
    %store/vec4 v0x55a50f3ffe10_0, 0, 4;
T_3.25 ;
    %jmp T_3.19;
T_3.16 ;
    %pushi/vec4 1, 0, 1;
    %store/vec4 v0x55a50f4004f0_0, 0, 1;
    %pushi/vec4 0, 0, 2;
    %store/vec4 v0x55a50f3ffd50_0, 0, 2;
    %pushi/vec4 1, 0, 2;
    %store/vec4 v0x55a50f3ffbd0_0, 0, 2;
    %pushi/vec4 0, 0, 1;
    %store/vec4 v0x55a50f400290_0, 0, 1;
    %pushi/vec4 0, 0, 2;
    %store/vec4 v0x55a50f4005b0_0, 0, 2;
    %pushi/vec4 0, 0, 1;
    %store/vec4 v0x55a50f400430_0, 0, 1;
    %pushi/vec4 0, 0, 1;
    %store/vec4 v0x55a50f3ffcb0_0, 0, 1;
    %pushi/vec4 0, 0, 3;
    %store/vec4 v0x55a50f4001b0_0, 0, 3;
    %pushi/vec4 0, 0, 4;
    %store/vec4 v0x55a50f3ffe10_0, 0, 4;
    %jmp T_3.19;
T_3.17 ;
    %pushi/vec4 1, 0, 1;
    %store/vec4 v0x55a50f4004f0_0, 0, 1;
    %pushi/vec4 0, 0, 2;
    %store/vec4 v0x55a50f3ffd50_0, 0, 2;
    %pushi/vec4 1, 0, 2;
    %store/vec4 v0x55a50f3ffbd0_0, 0, 2;
    %pushi/vec4 0, 0, 1;
    %store/vec4 v0x55a50f400290_0, 0, 1;
    %pushi/vec4 0, 0, 2;
    %store/vec4 v0x55a50f4005b0_0, 0, 2;
    %pushi/vec4 0, 0, 1;
    %store/vec4 v0x55a50f400430_0, 0, 1;
    %pushi/vec4 0, 0, 1;
    %store/vec4 v0x55a50f3ffcb0_0, 0, 1;
    %pushi/vec4 0, 0, 3;
    %store/vec4 v0x55a50f4001b0_0, 0, 3;
    %pushi/vec4 0, 0, 4;
    %store/vec4 v0x55a50f3ffe10_0, 0, 4;
    %jmp T_3.19;
T_3.19 ;
    %pop/vec4 1;
    %jmp T_3.9;
T_3.1 ;
    %load/vec4 v0x55a50f3fffe0_0;
    %dup/vec4;
    %pushi/vec4 0, 0, 3;
    %cmp/u;
    %jmp/1 T_3.26, 6;
    %dup/vec4;
    %pushi/vec4 1, 0, 3;
    %cmp/u;
    %jmp/1 T_3.27, 6;
    %dup/vec4;
    %pushi/vec4 2, 0, 3;
    %cmp/u;
    %jmp/1 T_3.28, 6;
    %dup/vec4;
    %pushi/vec4 3, 0, 3;
    %cmp/u;
    %jmp/1 T_3.29, 6;
    %dup/vec4;
    %pushi/vec4 4, 0, 3;
    %cmp/u;
    %jmp/1 T_3.30, 6;
    %dup/vec4;
    %pushi/vec4 5, 0, 3;
    %cmp/u;
    %jmp/1 T_3.31, 6;
    %dup/vec4;
    %pushi/vec4 6, 0, 3;
    %cmp/u;
    %jmp/1 T_3.32, 6;
    %dup/vec4;
    %pushi/vec4 7, 0, 3;
    %cmp/u;
    %jmp/1 T_3.33, 6;
    %pushi/vec4 0, 0, 1;
    %store/vec4 v0x55a50f4004f0_0, 0, 1;
    %pushi/vec4 0, 0, 2;
    %store/vec4 v0x55a50f3ffd50_0, 0, 2;
    %pushi/vec4 0, 0, 2;
    %store/vec4 v0x55a50f3ffbd0_0, 0, 2;
    %pushi/vec4 0, 0, 1;
    %store/vec4 v0x55a50f400290_0, 0, 1;
    %pushi/vec4 0, 0, 2;
    %store/vec4 v0x55a50f4005b0_0, 0, 2;
    %pushi/vec4 0, 0, 1;
    %store/vec4 v0x55a50f400430_0, 0, 1;
    %pushi/vec4 0, 0, 1;
    %store/vec4 v0x55a50f3ffcb0_0, 0, 1;
    %pushi/vec4 0, 0, 3;
    %store/vec4 v0x55a50f4001b0_0, 0, 3;
    %pushi/vec4 0, 0, 4;
    %store/vec4 v0x55a50f3ffe10_0, 0, 4;
    %jmp T_3.35;
T_3.26 ;
    %pushi/vec4 1, 0, 1;
    %store/vec4 v0x55a50f4004f0_0, 0, 1;
    %pushi/vec4 1, 0, 2;
    %store/vec4 v0x55a50f3ffd50_0, 0, 2;
    %pushi/vec4 0, 0, 2;
    %store/vec4 v0x55a50f3ffbd0_0, 0, 2;
    %pushi/vec4 0, 0, 1;
    %store/vec4 v0x55a50f400290_0, 0, 1;
    %pushi/vec4 0, 0, 2;
    %store/vec4 v0x55a50f4005b0_0, 0, 2;
    %pushi/vec4 0, 0, 1;
    %store/vec4 v0x55a50f400430_0, 0, 1;
    %pushi/vec4 0, 0, 1;
    %store/vec4 v0x55a50f3ffcb0_0, 0, 1;
    %pushi/vec4 0, 0, 3;
    %store/vec4 v0x55a50f4001b0_0, 0, 3;
    %pushi/vec4 0, 0, 4;
    %store/vec4 v0x55a50f3ffe10_0, 0, 4;
    %jmp T_3.35;
T_3.27 ;
    %pushi/vec4 1, 0, 1;
    %store/vec4 v0x55a50f4004f0_0, 0, 1;
    %pushi/vec4 1, 0, 2;
    %store/vec4 v0x55a50f3ffd50_0, 0, 2;
    %pushi/vec4 1, 0, 2;
    %store/vec4 v0x55a50f3ffbd0_0, 0, 2;
    %pushi/vec4 0, 0, 1;
    %store/vec4 v0x55a50f400290_0, 0, 1;
    %pushi/vec4 0, 0, 2;
    %store/vec4 v0x55a50f4005b0_0, 0, 2;
    %pushi/vec4 0, 0, 1;
    %store/vec4 v0x55a50f400430_0, 0, 1;
    %pushi/vec4 0, 0, 1;
    %store/vec4 v0x55a50f3ffcb0_0, 0, 1;
    %pushi/vec4 0, 0, 3;
    %store/vec4 v0x55a50f4001b0_0, 0, 3;
    %pushi/vec4 0, 0, 4;
    %store/vec4 v0x55a50f3ffe10_0, 0, 4;
    %jmp T_3.35;
T_3.28 ;
    %pushi/vec4 1, 0, 1;
    %store/vec4 v0x55a50f4004f0_0, 0, 1;
    %pushi/vec4 1, 0, 2;
    %store/vec4 v0x55a50f3ffd50_0, 0, 2;
    %pushi/vec4 3, 0, 2;
    %store/vec4 v0x55a50f3ffbd0_0, 0, 2;
    %pushi/vec4 0, 0, 1;
    %store/vec4 v0x55a50f400290_0, 0, 1;
    %pushi/vec4 0, 0, 2;
    %store/vec4 v0x55a50f4005b0_0, 0, 2;
    %pushi/vec4 0, 0, 1;
    %store/vec4 v0x55a50f400430_0, 0, 1;
    %pushi/vec4 0, 0, 1;
    %store/vec4 v0x55a50f3ffcb0_0, 0, 1;
    %pushi/vec4 0, 0, 3;
    %store/vec4 v0x55a50f4001b0_0, 0, 3;
    %pushi/vec4 0, 0, 4;
    %store/vec4 v0x55a50f3ffe10_0, 0, 4;
    %jmp T_3.35;
T_3.29 ;
    %pushi/vec4 1, 0, 1;
    %store/vec4 v0x55a50f4004f0_0, 0, 1;
    %pushi/vec4 1, 0, 2;
    %store/vec4 v0x55a50f3ffd50_0, 0, 2;
    %pushi/vec4 3, 0, 2;
    %store/vec4 v0x55a50f3ffbd0_0, 0, 2;
    %pushi/vec4 0, 0, 1;
    %store/vec4 v0x55a50f400290_0, 0, 1;
    %pushi/vec4 0, 0, 2;
    %store/vec4 v0x55a50f4005b0_0, 0, 2;
    %pushi/vec4 0, 0, 1;
    %store/vec4 v0x55a50f400430_0, 0, 1;
    %pushi/vec4 0, 0, 1;
    %store/vec4 v0x55a50f3ffcb0_0, 0, 1;
    %pushi/vec4 0, 0, 3;
    %store/vec4 v0x55a50f4001b0_0, 0, 3;
    %pushi/vec4 0, 0, 4;
    %store/vec4 v0x55a50f3ffe10_0, 0, 4;
    %jmp T_3.35;
T_3.30 ;
    %pushi/vec4 1, 0, 1;
    %store/vec4 v0x55a50f4004f0_0, 0, 1;
    %pushi/vec4 1, 0, 2;
    %store/vec4 v0x55a50f3ffd50_0, 0, 2;
    %pushi/vec4 1, 0, 2;
    %store/vec4 v0x55a50f3ffbd0_0, 0, 2;
    %pushi/vec4 0, 0, 1;
    %store/vec4 v0x55a50f400290_0, 0, 1;
    %pushi/vec4 0, 0, 2;
    %store/vec4 v0x55a50f4005b0_0, 0, 2;
    %pushi/vec4 0, 0, 1;
    %store/vec4 v0x55a50f400430_0, 0, 1;
    %pushi/vec4 0, 0, 1;
    %store/vec4 v0x55a50f3ffcb0_0, 0, 1;
    %pushi/vec4 0, 0, 3;
    %store/vec4 v0x55a50f4001b0_0, 0, 3;
    %pushi/vec4 0, 0, 4;
    %store/vec4 v0x55a50f3ffe10_0, 0, 4;
    %jmp T_3.35;
T_3.31 ;
    %load/vec4 v0x55a50f4000d0_0;
    %cmpi/e 0, 0, 7;
    %jmp/0xz  T_3.36, 4;
    %pushi/vec4 1, 0, 1;
    %store/vec4 v0x55a50f4004f0_0, 0, 1;
    %pushi/vec4 1, 0, 2;
    %store/vec4 v0x55a50f3ffd50_0, 0, 2;
    %pushi/vec4 1, 0, 2;
    %store/vec4 v0x55a50f3ffbd0_0, 0, 2;
    %pushi/vec4 0, 0, 1;
    %store/vec4 v0x55a50f400290_0, 0, 1;
    %pushi/vec4 0, 0, 2;
    %store/vec4 v0x55a50f4005b0_0, 0, 2;
    %pushi/vec4 0, 0, 1;
    %store/vec4 v0x55a50f400430_0, 0, 1;
    %pushi/vec4 0, 0, 1;
    %store/vec4 v0x55a50f3ffcb0_0, 0, 1;
    %pushi/vec4 0, 0, 3;
    %store/vec4 v0x55a50f4001b0_0, 0, 3;
    %pushi/vec4 0, 0, 4;
    %store/vec4 v0x55a50f3ffe10_0, 0, 4;
    %jmp T_3.37;
T_3.36 ;
    %pushi/vec4 1, 0, 1;
    %store/vec4 v0x55a50f4004f0_0, 0, 1;
    %pushi/vec4 1, 0, 2;
    %store/vec4 v0x55a50f3ffd50_0, 0, 2;
    %pushi/vec4 3, 0, 2;
    %store/vec4 v0x55a50f3ffbd0_0, 0, 2;
    %pushi/vec4 0, 0, 1;
    %store/vec4 v0x55a50f400290_0, 0, 1;
    %pushi/vec4 0, 0, 2;
    %store/vec4 v0x55a50f4005b0_0, 0, 2;
    %pushi/vec4 0, 0, 1;
    %store/vec4 v0x55a50f400430_0, 0, 1;
    %pushi/vec4 0, 0, 1;
    %store/vec4 v0x55a50f3ffcb0_0, 0, 1;
    %pushi/vec4 0, 0, 3;
    %store/vec4 v0x55a50f4001b0_0, 0, 3;
    %pushi/vec4 0, 0, 4;
    %store/vec4 v0x55a50f3ffe10_0, 0, 4;
T_3.37 ;
    %jmp T_3.35;
T_3.32 ;
    %pushi/vec4 1, 0, 1;
    %store/vec4 v0x55a50f4004f0_0, 0, 1;
    %pushi/vec4 1, 0, 2;
    %store/vec4 v0x55a50f3ffd50_0, 0, 2;
    %pushi/vec4 1, 0, 2;
    %store/vec4 v0x55a50f3ffbd0_0, 0, 2;
    %pushi/vec4 0, 0, 1;
    %store/vec4 v0x55a50f400290_0, 0, 1;
    %pushi/vec4 0, 0, 2;
    %store/vec4 v0x55a50f4005b0_0, 0, 2;
    %pushi/vec4 0, 0, 1;
    %store/vec4 v0x55a50f400430_0, 0, 1;
    %pushi/vec4 0, 0, 1;
    %store/vec4 v0x55a50f3ffcb0_0, 0, 1;
    %pushi/vec4 0, 0, 3;
    %store/vec4 v0x55a50f4001b0_0, 0, 3;
    %pushi/vec4 0, 0, 4;
    %store/vec4 v0x55a50f3ffe10_0, 0, 4;
    %jmp T_3.35;
T_3.33 ;
    %pushi/vec4 1, 0, 1;
    %store/vec4 v0x55a50f4004f0_0, 0, 1;
    %pushi/vec4 1, 0, 2;
    %store/vec4 v0x55a50f3ffd50_0, 0, 2;
    %pushi/vec4 1, 0, 2;
    %store/vec4 v0x55a50f3ffbd0_0, 0, 2;
    %pushi/vec4 0, 0, 1;
    %store/vec4 v0x55a50f400290_0, 0, 1;
    %pushi/vec4 0, 0, 2;
    %store/vec4 v0x55a50f4005b0_0, 0, 2;
    %pushi/vec4 0, 0, 1;
    %store/vec4 v0x55a50f400430_0, 0, 1;
    %pushi/vec4 0, 0, 1;
    %store/vec4 v0x55a50f3ffcb0_0, 0, 1;
    %pushi/vec4 0, 0, 3;
    %store/vec4 v0x55a50f4001b0_0, 0, 3;
    %pushi/vec4 0, 0, 4;
    %store/vec4 v0x55a50f3ffe10_0, 0, 4;
    %jmp T_3.35;
T_3.35 ;
    %pop/vec4 1;
    %jmp T_3.9;
T_3.2 ;
    %pushi/vec4 1, 0, 1;
    %store/vec4 v0x55a50f4004f0_0, 0, 1;
    %pushi/vec4 3, 0, 2;
    %store/vec4 v0x55a50f3ffd50_0, 0, 2;
    %pushi/vec4 0, 0, 2;
    %store/vec4 v0x55a50f3ffbd0_0, 0, 2;
    %pushi/vec4 0, 0, 1;
    %store/vec4 v0x55a50f400290_0, 0, 1;
    %pushi/vec4 0, 0, 2;
    %store/vec4 v0x55a50f4005b0_0, 0, 2;
    %pushi/vec4 0, 0, 1;
    %store/vec4 v0x55a50f400430_0, 0, 1;
    %pushi/vec4 0, 0, 1;
    %store/vec4 v0x55a50f3ffcb0_0, 0, 1;
    %pushi/vec4 4, 0, 3;
    %store/vec4 v0x55a50f4001b0_0, 0, 3;
    %pushi/vec4 0, 0, 4;
    %store/vec4 v0x55a50f3ffe10_0, 0, 4;
    %jmp T_3.9;
T_3.3 ;
    %pushi/vec4 0, 0, 1;
    %store/vec4 v0x55a50f4004f0_0, 0, 1;
    %pushi/vec4 3, 0, 2;
    %store/vec4 v0x55a50f3ffd50_0, 0, 2;
    %pushi/vec4 0, 0, 2;
    %store/vec4 v0x55a50f3ffbd0_0, 0, 2;
    %pushi/vec4 0, 0, 1;
    %store/vec4 v0x55a50f400290_0, 0, 1;
    %pushi/vec4 0, 0, 2;
    %store/vec4 v0x55a50f4005b0_0, 0, 2;
    %load/vec4 v0x55a50f3ffef0_0;
    %store/vec4 v0x55a50f400430_0, 0, 1;
    %pushi/vec4 0, 0, 1;
    %store/vec4 v0x55a50f3ffcb0_0, 0, 1;
    %pushi/vec4 2, 0, 3;
    %store/vec4 v0x55a50f4001b0_0, 0, 3;
    %pushi/vec4 0, 0, 4;
    %store/vec4 v0x55a50f3ffe10_0, 0, 4;
    %jmp T_3.9;
T_3.4 ;
    %pushi/vec4 1, 0, 1;
    %store/vec4 v0x55a50f4004f0_0, 0, 1;
    %pushi/vec4 3, 0, 2;
    %store/vec4 v0x55a50f3ffd50_0, 0, 2;
    %pushi/vec4 0, 0, 2;
    %store/vec4 v0x55a50f3ffbd0_0, 0, 2;
    %pushi/vec4 0, 0, 1;
    %store/vec4 v0x55a50f400290_0, 0, 1;
    %pushi/vec4 0, 0, 2;
    %store/vec4 v0x55a50f4005b0_0, 0, 2;
    %pushi/vec4 1, 0, 1;
    %store/vec4 v0x55a50f400430_0, 0, 1;
    %pushi/vec4 1, 0, 1;
    %store/vec4 v0x55a50f3ffcb0_0, 0, 1;
    %pushi/vec4 3, 0, 3;
    %store/vec4 v0x55a50f4001b0_0, 0, 3;
    %pushi/vec4 0, 0, 4;
    %store/vec4 v0x55a50f3ffe10_0, 0, 4;
    %jmp T_3.9;
T_3.5 ;
    %pushi/vec4 1, 0, 1;
    %store/vec4 v0x55a50f4004f0_0, 0, 1;
    %pushi/vec4 1, 0, 2;
    %store/vec4 v0x55a50f3ffd50_0, 0, 2;
    %pushi/vec4 0, 0, 2;
    %store/vec4 v0x55a50f3ffbd0_0, 0, 2;
    %pushi/vec4 0, 0, 1;
    %store/vec4 v0x55a50f400290_0, 0, 1;
    %pushi/vec4 0, 0, 2;
    %store/vec4 v0x55a50f4005b0_0, 0, 2;
    %pushi/vec4 1, 0, 1;
    %store/vec4 v0x55a50f400430_0, 0, 1;
    %pushi/vec4 1, 0, 1;
    %store/vec4 v0x55a50f3ffcb0_0, 0, 1;
    %pushi/vec4 3, 0, 3;
    %store/vec4 v0x55a50f4001b0_0, 0, 3;
    %pushi/vec4 0, 0, 4;
    %store/vec4 v0x55a50f3ffe10_0, 0, 4;
    %jmp T_3.9;
T_3.6 ;
    %load/vec4 v0x55a50f3fffe0_0;
    %dup/vec4;
    %pushi/vec4 0, 0, 3;
    %cmp/u;
    %jmp/1 T_3.38, 6;
    %dup/vec4;
    %pushi/vec4 1, 0, 3;
    %cmp/u;
    %jmp/1 T_3.39, 6;
    %dup/vec4;
    %pushi/vec4 2, 0, 3;
    %cmp/u;
    %jmp/1 T_3.40, 6;
    %pushi/vec4 0, 0, 1;
    %store/vec4 v0x55a50f4004f0_0, 0, 1;
    %pushi/vec4 0, 0, 2;
    %store/vec4 v0x55a50f3ffd50_0, 0, 2;
    %pushi/vec4 0, 0, 2;
    %store/vec4 v0x55a50f3ffbd0_0, 0, 2;
    %pushi/vec4 0, 0, 1;
    %store/vec4 v0x55a50f400290_0, 0, 1;
    %pushi/vec4 0, 0, 2;
    %store/vec4 v0x55a50f4005b0_0, 0, 2;
    %pushi/vec4 0, 0, 1;
    %store/vec4 v0x55a50f400430_0, 0, 1;
    %pushi/vec4 0, 0, 1;
    %store/vec4 v0x55a50f3ffcb0_0, 0, 1;
    %pushi/vec4 0, 0, 3;
    %store/vec4 v0x55a50f4001b0_0, 0, 3;
    %pushi/vec4 0, 0, 4;
    %store/vec4 v0x55a50f3ffe10_0, 0, 4;
    %jmp T_3.42;
T_3.38 ;
    %pushi/vec4 0, 0, 1;
    %store/vec4 v0x55a50f4004f0_0, 0, 1;
    %pushi/vec4 1, 0, 2;
    %store/vec4 v0x55a50f3ffd50_0, 0, 2;
    %pushi/vec4 0, 0, 2;
    %store/vec4 v0x55a50f3ffbd0_0, 0, 2;
    %pushi/vec4 1, 0, 1;
    %store/vec4 v0x55a50f400290_0, 0, 1;
    %pushi/vec4 0, 0, 2;
    %store/vec4 v0x55a50f4005b0_0, 0, 2;
    %pushi/vec4 0, 0, 1;
    %store/vec4 v0x55a50f400430_0, 0, 1;
    %pushi/vec4 0, 0, 1;
    %store/vec4 v0x55a50f3ffcb0_0, 0, 1;
    %pushi/vec4 1, 0, 3;
    %store/vec4 v0x55a50f4001b0_0, 0, 3;
    %pushi/vec4 1, 0, 4;
    %store/vec4 v0x55a50f3ffe10_0, 0, 4;
    %jmp T_3.42;
T_3.39 ;
    %pushi/vec4 0, 0, 1;
    %store/vec4 v0x55a50f4004f0_0, 0, 1;
    %pushi/vec4 1, 0, 2;
    %store/vec4 v0x55a50f3ffd50_0, 0, 2;
    %pushi/vec4 0, 0, 2;
    %store/vec4 v0x55a50f3ffbd0_0, 0, 2;
    %pushi/vec4 1, 0, 1;
    %store/vec4 v0x55a50f400290_0, 0, 1;
    %pushi/vec4 0, 0, 2;
    %store/vec4 v0x55a50f4005b0_0, 0, 2;
    %pushi/vec4 0, 0, 1;
    %store/vec4 v0x55a50f400430_0, 0, 1;
    %pushi/vec4 0, 0, 1;
    %store/vec4 v0x55a50f3ffcb0_0, 0, 1;
    %pushi/vec4 1, 0, 3;
    %store/vec4 v0x55a50f4001b0_0, 0, 3;
    %pushi/vec4 3, 0, 4;
    %store/vec4 v0x55a50f3ffe10_0, 0, 4;
    %jmp T_3.42;
T_3.40 ;
    %pushi/vec4 0, 0, 1;
    %store/vec4 v0x55a50f4004f0_0, 0, 1;
    %pushi/vec4 1, 0, 2;
    %store/vec4 v0x55a50f3ffd50_0, 0, 2;
    %pushi/vec4 0, 0, 2;
    %store/vec4 v0x55a50f3ffbd0_0, 0, 2;
    %pushi/vec4 1, 0, 1;
    %store/vec4 v0x55a50f400290_0, 0, 1;
    %pushi/vec4 0, 0, 2;
    %store/vec4 v0x55a50f4005b0_0, 0, 2;
    %pushi/vec4 0, 0, 1;
    %store/vec4 v0x55a50f400430_0, 0, 1;
    %pushi/vec4 0, 0, 1;
    %store/vec4 v0x55a50f3ffcb0_0, 0, 1;
    %pushi/vec4 1, 0, 3;
    %store/vec4 v0x55a50f4001b0_0, 0, 3;
    %pushi/vec4 15, 0, 4;
    %store/vec4 v0x55a50f3ffe10_0, 0, 4;
    %jmp T_3.42;
T_3.42 ;
    %pop/vec4 1;
    %jmp T_3.9;
T_3.7 ;
    %load/vec4 v0x55a50f3fffe0_0;
    %dup/vec4;
    %pushi/vec4 0, 0, 3;
    %cmp/u;
    %jmp/1 T_3.43, 6;
    %dup/vec4;
    %pushi/vec4 1, 0, 3;
    %cmp/u;
    %jmp/1 T_3.44, 6;
    %dup/vec4;
    %pushi/vec4 2, 0, 3;
    %cmp/u;
    %jmp/1 T_3.45, 6;
    %dup/vec4;
    %pushi/vec4 4, 0, 3;
    %cmp/u;
    %jmp/1 T_3.46, 6;
    %dup/vec4;
    %pushi/vec4 5, 0, 3;
    %cmp/u;
    %jmp/1 T_3.47, 6;
    %pushi/vec4 0, 0, 1;
    %store/vec4 v0x55a50f4004f0_0, 0, 1;
    %pushi/vec4 0, 0, 2;
    %store/vec4 v0x55a50f3ffd50_0, 0, 2;
    %pushi/vec4 0, 0, 2;
    %store/vec4 v0x55a50f3ffbd0_0, 0, 2;
    %pushi/vec4 0, 0, 1;
    %store/vec4 v0x55a50f400290_0, 0, 1;
    %pushi/vec4 0, 0, 2;
    %store/vec4 v0x55a50f4005b0_0, 0, 2;
    %pushi/vec4 0, 0, 1;
    %store/vec4 v0x55a50f400430_0, 0, 1;
    %pushi/vec4 0, 0, 1;
    %store/vec4 v0x55a50f3ffcb0_0, 0, 1;
    %pushi/vec4 0, 0, 3;
    %store/vec4 v0x55a50f4001b0_0, 0, 3;
    %pushi/vec4 0, 0, 4;
    %store/vec4 v0x55a50f3ffe10_0, 0, 4;
    %jmp T_3.49;
T_3.43 ;
    %pushi/vec4 1, 0, 1;
    %store/vec4 v0x55a50f4004f0_0, 0, 1;
    %pushi/vec4 1, 0, 2;
    %store/vec4 v0x55a50f3ffd50_0, 0, 2;
    %pushi/vec4 0, 0, 2;
    %store/vec4 v0x55a50f3ffbd0_0, 0, 2;
    %pushi/vec4 0, 0, 1;
    %store/vec4 v0x55a50f400290_0, 0, 1;
    %pushi/vec4 1, 0, 2;
    %store/vec4 v0x55a50f4005b0_0, 0, 2;
    %pushi/vec4 0, 0, 1;
    %store/vec4 v0x55a50f400430_0, 0, 1;
    %pushi/vec4 0, 0, 1;
    %store/vec4 v0x55a50f3ffcb0_0, 0, 1;
    %pushi/vec4 0, 0, 3;
    %store/vec4 v0x55a50f4001b0_0, 0, 3;
    %pushi/vec4 1, 0, 4;
    %store/vec4 v0x55a50f3ffe10_0, 0, 4;
    %jmp T_3.49;
T_3.44 ;
    %pushi/vec4 1, 0, 1;
    %store/vec4 v0x55a50f4004f0_0, 0, 1;
    %pushi/vec4 1, 0, 2;
    %store/vec4 v0x55a50f3ffd50_0, 0, 2;
    %pushi/vec4 0, 0, 2;
    %store/vec4 v0x55a50f3ffbd0_0, 0, 2;
    %pushi/vec4 0, 0, 1;
    %store/vec4 v0x55a50f400290_0, 0, 1;
    %pushi/vec4 1, 0, 2;
    %store/vec4 v0x55a50f4005b0_0, 0, 2;
    %pushi/vec4 0, 0, 1;
    %store/vec4 v0x55a50f400430_0, 0, 1;
    %pushi/vec4 0, 0, 1;
    %store/vec4 v0x55a50f3ffcb0_0, 0, 1;
    %pushi/vec4 0, 0, 3;
    %store/vec4 v0x55a50f4001b0_0, 0, 3;
    %pushi/vec4 3, 0, 4;
    %store/vec4 v0x55a50f3ffe10_0, 0, 4;
    %jmp T_3.49;
T_3.45 ;
    %pushi/vec4 1, 0, 1;
    %store/vec4 v0x55a50f4004f0_0, 0, 1;
    %pushi/vec4 1, 0, 2;
    %store/vec4 v0x55a50f3ffd50_0, 0, 2;
    %pushi/vec4 0, 0, 2;
    %store/vec4 v0x55a50f3ffbd0_0, 0, 2;
    %pushi/vec4 0, 0, 1;
    %store/vec4 v0x55a50f400290_0, 0, 1;
    %pushi/vec4 1, 0, 2;
    %store/vec4 v0x55a50f4005b0_0, 0, 2;
    %pushi/vec4 0, 0, 1;
    %store/vec4 v0x55a50f400430_0, 0, 1;
    %pushi/vec4 0, 0, 1;
    %store/vec4 v0x55a50f3ffcb0_0, 0, 1;
    %pushi/vec4 0, 0, 3;
    %store/vec4 v0x55a50f4001b0_0, 0, 3;
    %pushi/vec4 15, 0, 4;
    %store/vec4 v0x55a50f3ffe10_0, 0, 4;
    %jmp T_3.49;
T_3.46 ;
    %pushi/vec4 1, 0, 1;
    %store/vec4 v0x55a50f4004f0_0, 0, 1;
    %pushi/vec4 1, 0, 2;
    %store/vec4 v0x55a50f3ffd50_0, 0, 2;
    %pushi/vec4 0, 0, 2;
    %store/vec4 v0x55a50f3ffbd0_0, 0, 2;
    %pushi/vec4 0, 0, 1;
    %store/vec4 v0x55a50f400290_0, 0, 1;
    %pushi/vec4 1, 0, 2;
    %store/vec4 v0x55a50f4005b0_0, 0, 2;
    %pushi/vec4 0, 0, 1;
    %store/vec4 v0x55a50f400430_0, 0, 1;
    %pushi/vec4 0, 0, 1;
    %store/vec4 v0x55a50f3ffcb0_0, 0, 1;
    %pushi/vec4 0, 0, 3;
    %store/vec4 v0x55a50f4001b0_0, 0, 3;
    %pushi/vec4 1, 0, 4;
    %store/vec4 v0x55a50f3ffe10_0, 0, 4;
    %jmp T_3.49;
T_3.47 ;
    %pushi/vec4 1, 0, 1;
    %store/vec4 v0x55a50f4004f0_0, 0, 1;
    %pushi/vec4 1, 0, 2;
    %store/vec4 v0x55a50f3ffd50_0, 0, 2;
    %pushi/vec4 0, 0, 2;
    %store/vec4 v0x55a50f3ffbd0_0, 0, 2;
    %pushi/vec4 0, 0, 1;
    %store/vec4 v0x55a50f400290_0, 0, 1;
    %pushi/vec4 1, 0, 2;
    %store/vec4 v0x55a50f4005b0_0, 0, 2;
    %pushi/vec4 0, 0, 1;
    %store/vec4 v0x55a50f400430_0, 0, 1;
    %pushi/vec4 0, 0, 1;
    %store/vec4 v0x55a50f3ffcb0_0, 0, 1;
    %pushi/vec4 0, 0, 3;
    %store/vec4 v0x55a50f4001b0_0, 0, 3;
    %pushi/vec4 3, 0, 4;
    %store/vec4 v0x55a50f3ffe10_0, 0, 4;
    %jmp T_3.49;
T_3.49 ;
    %pop/vec4 1;
    %jmp T_3.9;
T_3.9 ;
    %pop/vec4 1;
    %jmp T_3;
    .thread T_3, $push;
    .scope S_0x55a50f4021c0;
T_4 ;
Ewait_2 .event/or E_0x55a50f4023c0, E_0x0;
    %wait Ewait_2;
    %load/vec4 v0x55a50f402590_0;
    %dup/vec4;
    %pushi/vec4 0, 0, 3;
    %cmp/u;
    %jmp/1 T_4.0, 6;
    %dup/vec4;
    %pushi/vec4 1, 0, 3;
    %cmp/u;
    %jmp/1 T_4.1, 6;
    %dup/vec4;
    %pushi/vec4 2, 0, 3;
    %cmp/u;
    %jmp/1 T_4.2, 6;
    %dup/vec4;
    %pushi/vec4 3, 0, 3;
    %cmp/u;
    %jmp/1 T_4.3, 6;
    %dup/vec4;
    %pushi/vec4 4, 0, 3;
    %cmp/u;
    %jmp/1 T_4.4, 6;
    %pushi/vec4 0, 0, 32;
    %store/vec4 v0x55a50f402490_0, 0, 32;
    %jmp T_4.6;
T_4.0 ;
    %load/vec4 v0x55a50f402680_0;
    %parti/s 1, 31, 6;
    %replicate 20;
    %load/vec4 v0x55a50f402680_0;
    %parti/s 12, 20, 6;
    %concat/vec4; draw_concat_vec4
    %store/vec4 v0x55a50f402490_0, 0, 32;
    %jmp T_4.6;
T_4.1 ;
    %load/vec4 v0x55a50f402680_0;
    %parti/s 1, 31, 6;
    %replicate 20;
    %load/vec4 v0x55a50f402680_0;
    %parti/s 7, 25, 6;
    %concat/vec4; draw_concat_vec4
    %load/vec4 v0x55a50f402680_0;
    %parti/s 5, 7, 4;
    %concat/vec4; draw_concat_vec4
    %store/vec4 v0x55a50f402490_0, 0, 32;
    %jmp T_4.6;
T_4.2 ;
    %load/vec4 v0x55a50f402680_0;
    %parti/s 1, 31, 6;
    %replicate 19;
    %load/vec4 v0x55a50f402680_0;
    %parti/s 1, 31, 6;
    %concat/vec4; draw_concat_vec4
    %load/vec4 v0x55a50f402680_0;
    %parti/s 1, 7, 4;
    %concat/vec4; draw_concat_vec4
    %load/vec4 v0x55a50f402680_0;
    %parti/s 6, 25, 6;
    %concat/vec4; draw_concat_vec4
    %load/vec4 v0x55a50f402680_0;
    %parti/s 4, 8, 5;
    %concat/vec4; draw_concat_vec4
    %concati/vec4 0, 0, 1;
    %store/vec4 v0x55a50f402490_0, 0, 32;
    %jmp T_4.6;
T_4.3 ;
    %load/vec4 v0x55a50f402680_0;
    %parti/s 1, 31, 6;
    %replicate 12;
    %load/vec4 v0x55a50f402680_0;
    %parti/s 8, 12, 5;
    %concat/vec4; draw_concat_vec4
    %load/vec4 v0x55a50f402680_0;
    %parti/s 1, 20, 6;
    %concat/vec4; draw_concat_vec4
    %load/vec4 v0x55a50f402680_0;
    %parti/s 10, 21, 6;
    %concat/vec4; draw_concat_vec4
    %concati/vec4 0, 0, 1;
    %store/vec4 v0x55a50f402490_0, 0, 32;
    %jmp T_4.6;
T_4.4 ;
    %load/vec4 v0x55a50f402680_0;
    %parti/s 20, 12, 5;
    %concati/vec4 0, 0, 12;
    %store/vec4 v0x55a50f402490_0, 0, 32;
    %jmp T_4.6;
T_4.6 ;
    %pop/vec4 1;
    %jmp T_4;
    .thread T_4, $push;
    .scope S_0x55a50f3e46c0;
T_5 ;
Ewait_3 .event/or E_0x55a50f314c40, E_0x0;
    %wait Ewait_3;
    %load/vec4 v0x55a50f3e42e0_0;
    %dup/vec4;
    %pushi/vec4 0, 0, 2;
    %cmp/u;
    %jmp/1 T_5.0, 6;
    %dup/vec4;
    %pushi/vec4 1, 0, 2;
    %cmp/u;
    %jmp/1 T_5.1, 6;
    %dup/vec4;
    %pushi/vec4 3, 0, 2;
    %cmp/u;
    %jmp/1 T_5.2, 6;
    %load/vec4 v0x55a50f3ea210_0;
    %load/vec4 v0x55a50f3df0c0_0;
    %add;
    %store/vec4 v0x55a50f3e19d0_0, 0, 32;
    %jmp T_5.4;
T_5.0 ;
    %load/vec4 v0x55a50f3ea210_0;
    %load/vec4 v0x55a50f3df0c0_0;
    %add;
    %store/vec4 v0x55a50f3e19d0_0, 0, 32;
    %jmp T_5.4;
T_5.1 ;
    %load/vec4 v0x55a50f3dc6c0_0;
    %dup/vec4;
    %pushi/vec4 0, 0, 3;
    %cmp/u;
    %jmp/1 T_5.5, 6;
    %dup/vec4;
    %pushi/vec4 6, 0, 3;
    %cmp/u;
    %jmp/1 T_5.6, 6;
    %dup/vec4;
    %pushi/vec4 7, 0, 3;
    %cmp/u;
    %jmp/1 T_5.7, 6;
    %dup/vec4;
    %pushi/vec4 1, 0, 3;
    %cmp/u;
    %jmp/1 T_5.8, 6;
    %dup/vec4;
    %pushi/vec4 5, 0, 3;
    %cmp/u;
    %jmp/1 T_5.9, 6;
    %dup/vec4;
    %pushi/vec4 4, 0, 3;
    %cmp/u;
    %jmp/1 T_5.10, 6;
    %load/vec4 v0x55a50f3ea210_0;
    %load/vec4 v0x55a50f3df0c0_0;
    %add;
    %store/vec4 v0x55a50f3e19d0_0, 0, 32;
    %jmp T_5.12;
T_5.5 ;
    %load/vec4 v0x55a50f3ea210_0;
    %load/vec4 v0x55a50f3df0c0_0;
    %add;
    %store/vec4 v0x55a50f3e19d0_0, 0, 32;
    %jmp T_5.12;
T_5.6 ;
    %load/vec4 v0x55a50f3ea210_0;
    %load/vec4 v0x55a50f3df0c0_0;
    %or;
    %store/vec4 v0x55a50f3e19d0_0, 0, 32;
    %jmp T_5.12;
T_5.7 ;
    %load/vec4 v0x55a50f3ea210_0;
    %load/vec4 v0x55a50f3df0c0_0;
    %and;
    %store/vec4 v0x55a50f3e19d0_0, 0, 32;
    %jmp T_5.12;
T_5.8 ;
    %load/vec4 v0x55a50f3ea210_0;
    %load/vec4 v0x55a50f3df0c0_0;
    %parti/s 5, 0, 2;
    %ix/vec4 4;
    %shiftl 4;
    %store/vec4 v0x55a50f3e19d0_0, 0, 32;
    %jmp T_5.12;
T_5.9 ;
    %load/vec4 v0x55a50f3ea210_0;
    %load/vec4 v0x55a50f3df0c0_0;
    %parti/s 5, 0, 2;
    %ix/vec4 4;
    %shiftr 4;
    %store/vec4 v0x55a50f3e19d0_0, 0, 32;
    %jmp T_5.12;
T_5.10 ;
    %load/vec4 v0x55a50f3ea210_0;
    %load/vec4 v0x55a50f3df0c0_0;
    %xor;
    %store/vec4 v0x55a50f3e19d0_0, 0, 32;
    %jmp T_5.12;
T_5.12 ;
    %pop/vec4 1;
    %jmp T_5.4;
T_5.2 ;
    %load/vec4 v0x55a50f3dc6c0_0;
    %dup/vec4;
    %pushi/vec4 0, 0, 3;
    %cmp/u;
    %jmp/1 T_5.13, 6;
    %dup/vec4;
    %pushi/vec4 2, 0, 3;
    %cmp/u;
    %jmp/1 T_5.14, 6;
    %dup/vec4;
    %pushi/vec4 3, 0, 3;
    %cmp/u;
    %jmp/1 T_5.15, 6;
    %dup/vec4;
    %pushi/vec4 5, 0, 3;
    %cmp/u;
    %jmp/1 T_5.16, 6;
    %load/vec4 v0x55a50f3ea210_0;
    %load/vec4 v0x55a50f3df0c0_0;
    %add;
    %store/vec4 v0x55a50f3e19d0_0, 0, 32;
    %jmp T_5.18;
T_5.13 ;
    %load/vec4 v0x55a50f3ea210_0;
    %load/vec4 v0x55a50f3df0c0_0;
    %sub;
    %store/vec4 v0x55a50f3e19d0_0, 0, 32;
    %jmp T_5.18;
T_5.14 ;
    %load/vec4 v0x55a50f3ea210_0;
    %load/vec4 v0x55a50f3df0c0_0;
    %cmp/s;
    %flag_mov 8, 5;
    %jmp/0 T_5.19, 8;
    %pushi/vec4 1, 0, 32;
    %jmp/1 T_5.20, 8;
T_5.19 ; End of true expr.
    %pushi/vec4 0, 0, 32;
    %jmp/0 T_5.20, 8;
 ; End of false expr.
    %blend;
T_5.20;
    %store/vec4 v0x55a50f3e19d0_0, 0, 32;
    %jmp T_5.18;
T_5.15 ;
    %load/vec4 v0x55a50f3ea210_0;
    %load/vec4 v0x55a50f3df0c0_0;
    %cmp/u;
    %flag_mov 8, 5;
    %jmp/0 T_5.21, 8;
    %pushi/vec4 1, 0, 32;
    %jmp/1 T_5.22, 8;
T_5.21 ; End of true expr.
    %pushi/vec4 0, 0, 32;
    %jmp/0 T_5.22, 8;
 ; End of false expr.
    %blend;
T_5.22;
    %store/vec4 v0x55a50f3e19d0_0, 0, 32;
    %jmp T_5.18;
T_5.16 ;
    %load/vec4 v0x55a50f3ea210_0;
    %load/vec4 v0x55a50f3df0c0_0;
    %parti/s 5, 0, 2;
    %ix/vec4 4;
    %shiftr/s 4;
    %store/vec4 v0x55a50f3e19d0_0, 0, 32;
    %jmp T_5.18;
T_5.18 ;
    %pop/vec4 1;
    %jmp T_5.4;
T_5.4 ;
    %pop/vec4 1;
    %jmp T_5;
    .thread T_5, $push;
    .scope S_0x55a50f400830;
T_6 ;
    %vpi_call/w 9 12 "$readmemb", "init.txt", v0x55a50f401de0 {0 0 0};
    %end;
    .thread T_6;
    .scope S_0x55a50f400830;
T_7 ;
    %wait E_0x55a50f400ae0;
    %load/vec4 v0x55a50f402040_0;
    %flag_set/vec4 9;
    %flag_get/vec4 9;
    %jmp/0 T_7.2, 9;
    %load/vec4 v0x55a50f401e80_0;
    %pad/u 32;
    %pushi/vec4 0, 0, 32;
    %cmp/ne;
    %flag_get/vec4 4;
    %and;
T_7.2;
    %flag_set/vec4 8;
    %jmp/0xz  T_7.0, 8;
    %load/vec4 v0x55a50f401f60_0;
    %load/vec4 v0x55a50f401e80_0;
    %pad/u 7;
    %ix/vec4 3;
    %ix/load 4, 0, 0; Constant delay
    %assign/vec4/a/d v0x55a50f401de0, 0, 4;
T_7.0 ;
    %jmp T_7;
    .thread T_7;
    .scope S_0x55a50f3dcb00;
T_8 ;
Ewait_4 .event/or E_0x55a50f329cd0, E_0x0;
    %wait Ewait_4;
    %fork t_5, S_0x55a50f3e0840;
    %jmp t_4;
    .scope S_0x55a50f3e0840;
t_5 ;
    %load/vec4 v0x55a50f402aa0_0;
    %parti/s 1, 0, 2;
    %flag_set/vec4 8;
    %jmp/0 T_8.0, 8;
    %load/vec4 v0x55a50f4031e0_0;
    %jmp/1 T_8.1, 8;
T_8.0 ; End of true expr.
    %load/vec4 v0x55a50f403b20_0;
    %jmp/0 T_8.1, 8;
 ; End of false expr.
    %blend;
T_8.1;
    %store/vec4 v0x55a50f402c60_0, 0, 32;
    %end;
    .scope S_0x55a50f3dcb00;
t_4 %join;
    %jmp T_8;
    .thread T_8, $push;
    .scope S_0x55a50f3dcb00;
T_9 ;
Ewait_5 .event/or E_0x55a50f2f0d60, E_0x0;
    %wait Ewait_5;
    %fork t_7, S_0x55a50f3e3150;
    %jmp t_6;
    .scope S_0x55a50f3e3150;
t_7 ;
    %load/vec4 v0x55a50f402aa0_0;
    %parti/s 1, 1, 2;
    %flag_set/vec4 8;
    %jmp/0 T_9.0, 8;
    %load/vec4 v0x55a50f4037d0_0;
    %addi 4, 0, 32;
    %jmp/1 T_9.1, 8;
T_9.0 ; End of true expr.
    %load/vec4 v0x55a50f403a30_0;
    %jmp/0 T_9.1, 8;
 ; End of false expr.
    %blend;
T_9.1;
    %store/vec4 v0x55a50f402b70_0, 0, 32;
    %end;
    .scope S_0x55a50f3dcb00;
t_6 %join;
    %jmp T_9;
    .thread T_9, $push;
    .scope S_0x55a50f3dcb00;
T_10 ;
Ewait_6 .event/or E_0x55a50f32a140, E_0x0;
    %wait Ewait_6;
    %fork t_9, S_0x55a50f3db530;
    %jmp t_8;
    .scope S_0x55a50f3db530;
t_9 ;
    %load/vec4 v0x55a50f4029a0_0;
    %flag_set/vec4 8;
    %jmp/0xz  T_10.0, 8;
    %load/vec4 v0x55a50f4037d0_0;
    %addi 4, 0, 32;
    %store/vec4 v0x55a50f403140_0, 0, 32;
    %jmp T_10.1;
T_10.0 ;
    %load/vec4 v0x55a50f4028e0_0;
    %store/vec4 v0x55a50f403140_0, 0, 32;
T_10.1 ;
    %end;
    .scope S_0x55a50f3dcb00;
t_8 %join;
    %jmp T_10;
    .thread T_10, $push;
    .scope S_0x55a50f3dcb00;
T_11 ;
Ewait_7 .event/or E_0x55a50f329870, E_0x0;
    %wait Ewait_7;
    %fork t_11, S_0x55a50f3ddf30;
    %jmp t_10;
    .scope S_0x55a50f3ddf30;
t_11 ;
    %load/vec4 v0x55a50f403de0_0;
    %dup/vec4;
    %pushi/vec4 1, 0, 2;
    %cmp/u;
    %jmp/1 T_11.0, 6;
    %dup/vec4;
    %pushi/vec4 0, 0, 2;
    %cmp/u;
    %jmp/1 T_11.1, 6;
    %dup/vec4;
    %pushi/vec4 2, 0, 2;
    %cmp/u;
    %jmp/1 T_11.2, 6;
    %load/vec4 v0x55a50f403140_0;
    %store/vec4 v0x55a50f403d20_0, 0, 32;
    %jmp T_11.4;
T_11.0 ;
    %load/vec4 v0x55a50f403460_0;
    %store/vec4 v0x55a50f403d20_0, 0, 32;
    %jmp T_11.4;
T_11.1 ;
    %load/vec4 v0x55a50f403140_0;
    %store/vec4 v0x55a50f403d20_0, 0, 32;
    %jmp T_11.4;
T_11.2 ;
    %load/vec4 v0x55a50f4031e0_0;
    %store/vec4 v0x55a50f403d20_0, 0, 32;
    %jmp T_11.4;
T_11.4 ;
    %pop/vec4 1;
    %end;
    .scope S_0x55a50f3dcb00;
t_10 %join;
    %jmp T_11;
    .thread T_11, $push;
    .scope S_0x55a50f405e80;
T_12 ;
Ewait_8 .event/or E_0x55a50f406160, E_0x0;
    %wait Ewait_8;
    %pushi/vec4 0, 0, 3;
    %store/vec4 v0x55a50f406490_0, 0, 3;
    %pushi/vec4 0, 0, 1;
    %store/vec4 v0x55a50f4066b0_0, 0, 1;
    %pushi/vec4 0, 0, 4;
    %store/vec4 v0x55a50f4063d0_0, 0, 4;
    %load/vec4 v0x55a50f4061c0_0;
    %pad/u 32;
    %cmpi/u 31, 0, 32;
    %flag_or 5, 4;
    %jmp/0xz  T_12.0, 5;
    %pushi/vec4 0, 0, 3;
    %store/vec4 v0x55a50f406490_0, 0, 3;
    %load/vec4 v0x55a50f406570_0;
    %store/vec4 v0x55a50f4066b0_0, 0, 1;
    %load/vec4 v0x55a50f4062c0_0;
    %store/vec4 v0x55a50f4063d0_0, 0, 4;
    %jmp T_12.1;
T_12.0 ;
    %load/vec4 v0x55a50f4061c0_0;
    %pad/u 32;
    %cmpi/e 32, 0, 32;
    %jmp/0xz  T_12.2, 4;
    %pushi/vec4 0, 0, 2;
    %load/vec4 v0x55a50f406570_0;
    %concat/vec4; draw_concat_vec4
    %store/vec4 v0x55a50f406490_0, 0, 3;
    %pushi/vec4 0, 0, 1;
    %store/vec4 v0x55a50f4066b0_0, 0, 1;
    %pushi/vec4 0, 0, 4;
    %store/vec4 v0x55a50f4063d0_0, 0, 4;
    %jmp T_12.3;
T_12.2 ;
    %load/vec4 v0x55a50f4061c0_0;
    %pad/u 32;
    %cmpi/e 33, 0, 32;
    %jmp/0xz  T_12.4, 4;
    %pushi/vec4 2, 0, 3;
    %store/vec4 v0x55a50f406490_0, 0, 3;
    %pushi/vec4 0, 0, 1;
    %store/vec4 v0x55a50f4066b0_0, 0, 1;
    %pushi/vec4 0, 0, 4;
    %store/vec4 v0x55a50f4063d0_0, 0, 4;
    %jmp T_12.5;
T_12.4 ;
    %load/vec4 v0x55a50f4061c0_0;
    %pad/u 32;
    %cmpi/e 34, 0, 32;
    %jmp/0xz  T_12.6, 4;
    %pushi/vec4 4, 0, 3;
    %store/vec4 v0x55a50f406490_0, 0, 3;
    %pushi/vec4 0, 0, 1;
    %store/vec4 v0x55a50f4066b0_0, 0, 1;
    %pushi/vec4 0, 0, 4;
    %store/vec4 v0x55a50f4063d0_0, 0, 4;
T_12.6 ;
T_12.5 ;
T_12.3 ;
T_12.1 ;
    %jmp T_12;
    .thread T_12, $push;
    .scope S_0x55a50f4072b0;
T_13 ;
    %fork t_13, S_0x55a50f4075f0;
    %jmp t_12;
    .scope S_0x55a50f4075f0;
t_13 ;
    %pushi/vec4 0, 0, 32;
    %store/vec4 v0x55a50f4077f0_0, 0, 32;
T_13.0 ;
    %load/vec4 v0x55a50f4077f0_0;
    %cmpi/s 32, 0, 32;
    %jmp/0xz T_13.1, 5;
    %pushi/vec4 0, 0, 8;
    %ix/getv/s 4, v0x55a50f4077f0_0;
    %store/vec4a v0x55a50f407f00, 4, 0;
    ; show_stmt_assign_vector: Get l-value for compressed += operand
    %load/vec4 v0x55a50f4077f0_0;
    %pushi/vec4 1, 0, 32;
    %add;
    %cast2;
    %store/vec4 v0x55a50f4077f0_0, 0, 32;
    %jmp T_13.0;
T_13.1 ;
    %end;
    .scope S_0x55a50f4072b0;
t_12 %join;
    %end;
    .thread T_13;
    .scope S_0x55a50f4072b0;
T_14 ;
    %wait E_0x55a50f400ae0;
    %load/vec4 v0x55a50f408210_0;
    %load/vec4 v0x55a50f407e40_0;
    %and;
    %flag_set/vec4 8;
    %jmp/0xz  T_14.0, 8;
    %load/vec4 v0x55a50f408130_0;
    %load/vec4 v0x55a50f407c70_0;
    %pad/u 7;
    %ix/vec4 3;
    %ix/load 4, 0, 0; Constant delay
    %assign/vec4/a/d v0x55a50f407f00, 0, 4;
T_14.0 ;
    %jmp T_14;
    .thread T_14;
    .scope S_0x55a50f408390;
T_15 ;
    %fork t_15, S_0x55a50f4086f0;
    %jmp t_14;
    .scope S_0x55a50f4086f0;
t_15 ;
    %pushi/vec4 0, 0, 32;
    %store/vec4 v0x55a50f4088d0_0, 0, 32;
T_15.0 ;
    %load/vec4 v0x55a50f4088d0_0;
    %cmpi/s 32, 0, 32;
    %jmp/0xz T_15.1, 5;
    %pushi/vec4 0, 0, 8;
    %ix/getv/s 4, v0x55a50f4088d0_0;
    %store/vec4a v0x55a50f408fd0, 4, 0;
    ; show_stmt_assign_vector: Get l-value for compressed += operand
    %load/vec4 v0x55a50f4088d0_0;
    %pushi/vec4 1, 0, 32;
    %add;
    %cast2;
    %store/vec4 v0x55a50f4088d0_0, 0, 32;
    %jmp T_15.0;
T_15.1 ;
    %end;
    .scope S_0x55a50f408390;
t_14 %join;
    %end;
    .thread T_15;
    .scope S_0x55a50f408390;
T_16 ;
    %wait E_0x55a50f400ae0;
    %load/vec4 v0x55a50f409250_0;
    %load/vec4 v0x55a50f408f30_0;
    %and;
    %flag_set/vec4 8;
    %jmp/0xz  T_16.0, 8;
    %load/vec4 v0x55a50f409170_0;
    %load/vec4 v0x55a50f408d80_0;
    %pad/u 7;
    %ix/vec4 3;
    %ix/load 4, 0, 0; Constant delay
    %assign/vec4/a/d v0x55a50f408fd0, 0, 4;
T_16.0 ;
    %jmp T_16;
    .thread T_16;
    .scope S_0x55a50f4093f0;
T_17 ;
    %fork t_17, S_0x55a50f4097d0;
    %jmp t_16;
    .scope S_0x55a50f4097d0;
t_17 ;
    %pushi/vec4 0, 0, 32;
    %store/vec4 v0x55a50f4099b0_0, 0, 32;
T_17.0 ;
    %load/vec4 v0x55a50f4099b0_0;
    %cmpi/s 32, 0, 32;
    %jmp/0xz T_17.1, 5;
    %pushi/vec4 0, 0, 8;
    %ix/getv/s 4, v0x55a50f4099b0_0;
    %store/vec4a v0x55a50f40a120, 4, 0;
    ; show_stmt_assign_vector: Get l-value for compressed += operand
    %load/vec4 v0x55a50f4099b0_0;
    %pushi/vec4 1, 0, 32;
    %add;
    %cast2;
    %store/vec4 v0x55a50f4099b0_0, 0, 32;
    %jmp T_17.0;
T_17.1 ;
    %end;
    .scope S_0x55a50f4093f0;
t_16 %join;
    %end;
    .thread T_17;
    .scope S_0x55a50f4093f0;
T_18 ;
    %wait E_0x55a50f400ae0;
    %load/vec4 v0x55a50f40a3a0_0;
    %load/vec4 v0x55a50f40a060_0;
    %and;
    %flag_set/vec4 8;
    %jmp/0xz  T_18.0, 8;
    %load/vec4 v0x55a50f40a2c0_0;
    %load/vec4 v0x55a50f409e60_0;
    %pad/u 7;
    %ix/vec4 3;
    %ix/load 4, 0, 0; Constant delay
    %assign/vec4/a/d v0x55a50f40a120, 0, 4;
T_18.0 ;
    %jmp T_18;
    .thread T_18;
    .scope S_0x55a50f40a540;
T_19 ;
    %fork t_19, S_0x55a50f40a8a0;
    %jmp t_18;
    .scope S_0x55a50f40a8a0;
t_19 ;
    %pushi/vec4 0, 0, 32;
    %store/vec4 v0x55a50f40aaa0_0, 0, 32;
T_19.0 ;
    %load/vec4 v0x55a50f40aaa0_0;
    %cmpi/s 32, 0, 32;
    %jmp/0xz T_19.1, 5;
    %pushi/vec4 0, 0, 8;
    %ix/getv/s 4, v0x55a50f40aaa0_0;
    %store/vec4a v0x55a50f40b190, 4, 0;
    ; show_stmt_assign_vector: Get l-value for compressed += operand
    %load/vec4 v0x55a50f40aaa0_0;
    %pushi/vec4 1, 0, 32;
    %add;
    %cast2;
    %store/vec4 v0x55a50f40aaa0_0, 0, 32;
    %jmp T_19.0;
T_19.1 ;
    %end;
    .scope S_0x55a50f40a540;
t_18 %join;
    %end;
    .thread T_19;
    .scope S_0x55a50f40a540;
T_20 ;
    %wait E_0x55a50f400ae0;
    %load/vec4 v0x55a50f40b410_0;
    %load/vec4 v0x55a50f40b0d0_0;
    %and;
    %flag_set/vec4 8;
    %jmp/0xz  T_20.0, 8;
    %load/vec4 v0x55a50f40b330_0;
    %load/vec4 v0x55a50f40af20_0;
    %pad/u 7;
    %ix/vec4 3;
    %ix/load 4, 0, 0; Constant delay
    %assign/vec4/a/d v0x55a50f40b190, 0, 4;
T_20.0 ;
    %jmp T_20;
    .thread T_20;
    .scope S_0x55a50f406870;
T_21 ;
    %wait E_0x55a50f400ae0;
    %load/vec4 v0x55a50f406e80_0;
    %flag_set/vec4 8;
    %jmp/0xz  T_21.0, 8;
    %pushi/vec4 0, 0, 8;
    %assign/vec4 v0x55a50f406c70_0, 0;
    %jmp T_21.1;
T_21.0 ;
    %load/vec4 v0x55a50f406bd0_0;
    %flag_set/vec4 8;
    %jmp/0xz  T_21.2, 8;
    %load/vec4 v0x55a50f406af0_0;
    %assign/vec4 v0x55a50f406c70_0, 0;
T_21.2 ;
T_21.1 ;
    %jmp T_21;
    .thread T_21;
    .scope S_0x55a50f405900;
T_22 ;
Ewait_9 .event/or E_0x55a50f405c00, E_0x0;
    %wait Ewait_9;
    %load/vec4 v0x55a50f40c800_0;
    %dup/vec4;
    %pushi/vec4 0, 0, 3;
    %cmp/u;
    %jmp/1 T_22.0, 6;
    %dup/vec4;
    %pushi/vec4 1, 0, 3;
    %cmp/u;
    %jmp/1 T_22.1, 6;
    %dup/vec4;
    %pushi/vec4 2, 0, 3;
    %cmp/u;
    %jmp/1 T_22.2, 6;
    %dup/vec4;
    %pushi/vec4 4, 0, 3;
    %cmp/u;
    %jmp/1 T_22.3, 6;
    %dup/vec4;
    %pushi/vec4 5, 0, 3;
    %cmp/u;
    %jmp/1 T_22.4, 6;
    %load/vec4 v0x55a50f40cdd0_0;
    %load/vec4 v0x55a50f40ccc0_0;
    %concat/vec4; draw_concat_vec4
    %load/vec4 v0x55a50f40cbb0_0;
    %concat/vec4; draw_concat_vec4
    %load/vec4 v0x55a50f40cb10_0;
    %concat/vec4; draw_concat_vec4
    %store/vec4 v0x55a50f40cee0_0, 0, 32;
    %jmp T_22.6;
T_22.0 ;
    %load/vec4 v0x55a50f40cb10_0;
    %parti/s 1, 7, 4;
    %replicate 24;
    %load/vec4 v0x55a50f40cb10_0;
    %concat/vec4; draw_concat_vec4
    %store/vec4 v0x55a50f40cee0_0, 0, 32;
    %jmp T_22.6;
T_22.1 ;
    %load/vec4 v0x55a50f40cbb0_0;
    %parti/s 1, 7, 4;
    %replicate 16;
    %load/vec4 v0x55a50f40cbb0_0;
    %concat/vec4; draw_concat_vec4
    %load/vec4 v0x55a50f40cb10_0;
    %concat/vec4; draw_concat_vec4
    %store/vec4 v0x55a50f40cee0_0, 0, 32;
    %jmp T_22.6;
T_22.2 ;
    %load/vec4 v0x55a50f40cdd0_0;
    %load/vec4 v0x55a50f40ccc0_0;
    %concat/vec4; draw_concat_vec4
    %load/vec4 v0x55a50f40cbb0_0;
    %concat/vec4; draw_concat_vec4
    %load/vec4 v0x55a50f40cb10_0;
    %concat/vec4; draw_concat_vec4
    %store/vec4 v0x55a50f40cee0_0, 0, 32;
    %jmp T_22.6;
T_22.3 ;
    %pushi/vec4 0, 0, 24;
    %load/vec4 v0x55a50f40cb10_0;
    %concat/vec4; draw_concat_vec4
    %store/vec4 v0x55a50f40cee0_0, 0, 32;
    %jmp T_22.6;
T_22.4 ;
    %pushi/vec4 0, 0, 16;
    %load/vec4 v0x55a50f40cbb0_0;
    %concat/vec4; draw_concat_vec4
    %load/vec4 v0x55a50f40cb10_0;
    %concat/vec4; draw_concat_vec4
    %store/vec4 v0x55a50f40cee0_0, 0, 32;
    %jmp T_22.6;
T_22.6 ;
    %pop/vec4 1;
    %jmp T_22;
    .thread T_22, $push;
    .scope S_0x55a50f405900;
T_23 ;
Ewait_10 .event/or E_0x55a50f404330, E_0x0;
    %wait Ewait_10;
    %fork t_21, S_0x55a50f405c80;
    %jmp t_20;
    .scope S_0x55a50f405c80;
t_21 ;
    %load/vec4 v0x55a50f40c8c0_0;
    %parti/s 2, 1, 2;
    %dup/vec4;
    %pushi/vec4 0, 0, 2;
    %cmp/u;
    %jmp/1 T_23.0, 6;
    %dup/vec4;
    %pushi/vec4 1, 0, 2;
    %cmp/u;
    %jmp/1 T_23.1, 6;
    %pushi/vec4 0, 0, 32;
    %store/vec4 v0x55a50f40c650_0, 0, 32;
    %jmp T_23.3;
T_23.0 ;
    %load/vec4 v0x55a50f40cee0_0;
    %store/vec4 v0x55a50f40c650_0, 0, 32;
    %jmp T_23.3;
T_23.1 ;
    %pushi/vec4 0, 0, 24;
    %load/vec4 v0x55a50f40c760_0;
    %concat/vec4; draw_concat_vec4
    %store/vec4 v0x55a50f40c650_0, 0, 32;
    %jmp T_23.3;
T_23.3 ;
    %pop/vec4 1;
    %end;
    .scope S_0x55a50f405900;
t_20 %join;
    %jmp T_23;
    .thread T_23, $push;
    .scope S_0x55a50f3af930;
T_24 ;
    %pushi/vec4 1, 0, 1;
    %store/vec4 v0x55a50f40ea70_0, 0, 1;
    %pushi/vec4 0, 0, 1;
    %store/vec4 v0x55a50f40e490_0, 0, 1;
    %end;
    .thread T_24;
    .scope S_0x55a50f3af930;
T_25 ;
    %delay 5, 0;
    %load/vec4 v0x55a50f40e490_0;
    %inv;
    %store/vec4 v0x55a50f40e490_0, 0, 1;
    %jmp T_25;
    .thread T_25;
    .scope S_0x55a50f3af930;
T_26 ;
    %vpi_call/w 3 22 "$dumpfile", "wave.vcd" {0 0 0};
    %vpi_call/w 3 23 "$dumpvars", 32'sb00000000000000000000000000000000, S_0x55a50f3af930 {0 0 0};
    %delay 7, 0;
    %pushi/vec4 0, 0, 1;
    %store/vec4 v0x55a50f40ea70_0, 0, 1;
    %pushi/vec4 99, 0, 8;
    %store/vec4 v0x55a50f40ec30_0, 0, 8;
    %pushi/vec4 50, 0, 32;
T_26.0 %dup/vec4;
    %pushi/vec4 0, 0, 32;
    %cmp/s;
    %jmp/1xz T_26.1, 5;
    %jmp/1 T_26.1, 4;
    %pushi/vec4 1, 0, 32;
    %sub;
    %wait E_0x55a50f400ae0;
    %jmp T_26.0;
T_26.1 ;
    %pop/vec4 1;
    %vpi_call/w 3 29 "$finish" {0 0 0};
    %end;
    .thread T_26;
# The file index is used to find the file name in the following table.
:file_names 19;
    "N/A";
    "<interactive>";
    "-";
    "top_tb.sv";
    "top.sv";
    "units/inst_execution_u.sv";
    "modules/alu.sv";
    "modules/comp.sv";
    "modules/controler.sv";
    "modules/register_file.sv";
    "modules/sign_extender.sv";
    "units/inst_fetch_u.sv";
    "modules/i_rom.sv";
    "units/io_dev_u.sv";
    "modules/io_controler.sv";
    "modules/leds.sv";
    "modules/segmented_memory.sv";
    "modules/memory.sv";
    "modules/switches.sv";
