#! /usr/bin/vvp
:ivl_version "12.0 (stable)";
:ivl_delay_selection "TYPICAL";
:vpi_time_precision - 12;
:vpi_module "/usr/lib/x86_64-linux-gnu/ivl/system.vpi";
:vpi_module "/usr/lib/x86_64-linux-gnu/ivl/vhdl_sys.vpi";
:vpi_module "/usr/lib/x86_64-linux-gnu/ivl/vhdl_textio.vpi";
:vpi_module "/usr/lib/x86_64-linux-gnu/ivl/v2005_math.vpi";
:vpi_module "/usr/lib/x86_64-linux-gnu/ivl/va_math.vpi";
:vpi_module "/usr/lib/x86_64-linux-gnu/ivl/v2009.vpi";
S_0x563ebf403710 .scope package, "$unit" "$unit" 2 1;
 .timescale 0 0;
S_0x563ebf4038a0 .scope module, "top_module_tb" "top_module_tb" 3 3;
 .timescale -9 -12;
v0x563ebf449750_0 .net "an", 1 0, v0x563ebf448120_0;  1 drivers
v0x563ebf449830_0 .var "cathod", 0 0;
v0x563ebf449940_0 .var "clk", 0 0;
v0x563ebf4499e0_0 .var "en", 0 0;
v0x563ebf449ad0_0 .var "rst", 0 0;
v0x563ebf449bc0_0 .net "seg", 6 0, v0x563ebf4485b0_0;  1 drivers
v0x563ebf449cb0_0 .var "up", 0 0;
S_0x563ebf407550 .scope module, "dut" "top_module" 3 18, 4 1 0, S_0x563ebf4038a0;
 .timescale -9 -12;
    .port_info 0 /INPUT 1 "clk";
    .port_info 1 /INPUT 1 "rst";
    .port_info 2 /INPUT 1 "en";
    .port_info 3 /INPUT 1 "cathod";
    .port_info 4 /INPUT 1 "up";
    .port_info 5 /OUTPUT 7 "seg";
    .port_info 6 /OUTPUT 2 "an";
    .port_info 7 /OUTPUT 1 "dp";
    .port_info 8 /OUTPUT 6 "other_an";
P_0x563ebf424280 .param/l "MAX_VALUE_cnt" 1 4 24, C4<1000>;
P_0x563ebf4242c0 .param/l "MAX_VALUE_refresh" 1 4 21, C4<010>;
P_0x563ebf424300 .param/l "N_cnt" 1 4 23, +C4<00000000000000000000000000000100>;
P_0x563ebf424340 .param/l "N_refresh" 1 4 20, +C4<00000000000000000000000000000011>;
v0x563ebf448a20_0 .net "an", 1 0, v0x563ebf448120_0;  alias, 1 drivers
v0x563ebf448b00_0 .net "cathod", 0 0, v0x563ebf449830_0;  1 drivers
v0x563ebf448bd0_0 .net "clk", 0 0, v0x563ebf449940_0;  1 drivers
v0x563ebf448ca0_0 .net "cnt_freq", 0 0, L_0x563ebf45b400;  1 drivers
v0x563ebf448d40_0 .var "dp", 0 0;
v0x563ebf448de0_0 .net "en", 0 0, v0x563ebf4499e0_0;  1 drivers
v0x563ebf448e80_0 .var "other_an", 5 0;
v0x563ebf448f20_0 .net "rst", 0 0, v0x563ebf449ad0_0;  1 drivers
v0x563ebf448fc0_0 .net "seg", 6 0, v0x563ebf4485b0_0;  alias, 1 drivers
v0x563ebf449120_0 .net "seg_refresh", 0 0, L_0x563ebf45b340;  1 drivers
v0x563ebf4491c0_0 .net "tens", 3 0, v0x563ebf446800_0;  1 drivers
v0x563ebf449260_0 .net "tens_seg", 6 0, v0x563ebf4476b0_0;  1 drivers
v0x563ebf449370_0 .net "units", 3 0, v0x563ebf445750_0;  1 drivers
v0x563ebf449430_0 .net "units_seg", 6 0, v0x563ebf447c10_0;  1 drivers
v0x563ebf449540_0 .net "up", 0 0, v0x563ebf449cb0_0;  1 drivers
E_0x563ebf3fd5d0 .event anyedge, v0x563ebf448220_0;
S_0x563ebf40c5d0 .scope module, "freq_div_cnt" "counter" 4 37, 5 2 0, S_0x563ebf407550;
 .timescale -9 -12;
    .port_info 0 /INPUT 1 "clk";
    .port_info 1 /INPUT 1 "rst_n";
    .port_info 2 /INPUT 1 "en";
    .port_info 3 /INPUT 1 "up";
    .port_info 4 /OUTPUT 4 "count";
    .port_info 5 /OUTPUT 1 "pulse";
P_0x563ebf3f9390 .param/l "MAX" 0 5 4, +C4<00000000000000000000000000001000>;
P_0x563ebf3f93d0 .param/l "N" 0 5 3, +C4<00000000000000000000000000000100>;
L_0x563ebf425550 .functor AND 1, v0x563ebf4499e0_0, L_0x563ebf45a340, C4<1>, C4<1>;
L_0x563ebf421e70 .functor AND 1, v0x563ebf4499e0_0, L_0x563ebf45a500, C4<1>, C4<1>;
L_0x563ebf45b400 .functor BUFT 1, L_0x563ebf425550, C4<0>, C4<0>, C4<0>;
v0x563ebf421fd0_0 .net *"_ivl_0", 31 0, L_0x563ebf45a250;  1 drivers
L_0x7f95ae123210 .functor BUFT 1, C4<0000>, C4<0>, C4<0>, C4<0>;
v0x563ebf41dc60_0 .net/2u *"_ivl_10", 3 0, L_0x7f95ae123210;  1 drivers
v0x563ebf41a500_0 .net *"_ivl_12", 0 0, L_0x563ebf45a500;  1 drivers
v0x563ebf3f6960_0 .net *"_ivl_15", 0 0, L_0x563ebf421e70;  1 drivers
L_0x7f95ae123180 .functor BUFT 1, C4<0000000000000000000000000000>, C4<0>, C4<0>, C4<0>;
v0x563ebf3f92f0_0 .net *"_ivl_3", 27 0, L_0x7f95ae123180;  1 drivers
L_0x7f95ae1231c8 .functor BUFT 1, C4<00000000000000000000000000001000>, C4<0>, C4<0>, C4<0>;
v0x563ebf3f56e0_0 .net/2u *"_ivl_4", 31 0, L_0x7f95ae1231c8;  1 drivers
v0x563ebf4431a0_0 .net *"_ivl_6", 0 0, L_0x563ebf45a340;  1 drivers
v0x563ebf443260_0 .net *"_ivl_9", 0 0, L_0x563ebf425550;  1 drivers
v0x563ebf443320_0 .net "clk", 0 0, v0x563ebf449940_0;  alias, 1 drivers
v0x563ebf4433e0_0 .var "count", 3 0;
v0x563ebf4434c0_0 .net "en", 0 0, v0x563ebf4499e0_0;  alias, 1 drivers
v0x563ebf443580_0 .net "pulse", 0 0, L_0x563ebf45b400;  alias, 1 drivers
v0x563ebf443640_0 .net "rst_n", 0 0, v0x563ebf449ad0_0;  alias, 1 drivers
L_0x7f95ae123258 .functor BUFT 1, C4<1>, C4<0>, C4<0>, C4<0>;
v0x563ebf443700_0 .net "up", 0 0, L_0x7f95ae123258;  1 drivers
E_0x563ebf3fcda0 .event posedge, v0x563ebf443320_0;
L_0x563ebf45a250 .concat [ 4 28 0 0], v0x563ebf4433e0_0, L_0x7f95ae123180;
L_0x563ebf45a340 .cmp/eq 32, L_0x563ebf45a250, L_0x7f95ae1231c8;
L_0x563ebf45a500 .cmp/eq 4, v0x563ebf4433e0_0, L_0x7f95ae123210;
S_0x563ebf443880 .scope module, "freq_div_refresh" "counter" 4 28, 5 2 0, S_0x563ebf407550;
 .timescale -9 -12;
    .port_info 0 /INPUT 1 "clk";
    .port_info 1 /INPUT 1 "rst_n";
    .port_info 2 /INPUT 1 "en";
    .port_info 3 /INPUT 1 "up";
    .port_info 4 /OUTPUT 3 "count";
    .port_info 5 /OUTPUT 1 "pulse";
P_0x563ebf443a30 .param/l "MAX" 0 5 4, +C4<00000000000000000000000000000010>;
P_0x563ebf443a70 .param/l "N" 0 5 3, +C4<00000000000000000000000000000011>;
L_0x7f95ae1230f0 .functor BUFT 1, C4<1>, C4<0>, C4<0>, C4<0>;
L_0x563ebf424bd0 .functor AND 1, L_0x7f95ae1230f0, L_0x563ebf459e90, C4<1>, C4<1>;
L_0x563ebf425160 .functor AND 1, L_0x7f95ae1230f0, L_0x563ebf45a020, C4<1>, C4<1>;
L_0x563ebf45b340 .functor BUFT 1, L_0x563ebf424bd0, C4<0>, C4<0>, C4<0>;
v0x563ebf443cc0_0 .net *"_ivl_0", 31 0, L_0x563ebf449de0;  1 drivers
L_0x7f95ae1230a8 .functor BUFT 1, C4<000>, C4<0>, C4<0>, C4<0>;
v0x563ebf443da0_0 .net/2u *"_ivl_10", 2 0, L_0x7f95ae1230a8;  1 drivers
v0x563ebf443e80_0 .net *"_ivl_12", 0 0, L_0x563ebf45a020;  1 drivers
v0x563ebf443f50_0 .net *"_ivl_15", 0 0, L_0x563ebf425160;  1 drivers
L_0x7f95ae123018 .functor BUFT 1, C4<00000000000000000000000000000>, C4<0>, C4<0>, C4<0>;
v0x563ebf444010_0 .net *"_ivl_3", 28 0, L_0x7f95ae123018;  1 drivers
L_0x7f95ae123060 .functor BUFT 1, C4<00000000000000000000000000000010>, C4<0>, C4<0>, C4<0>;
v0x563ebf444140_0 .net/2u *"_ivl_4", 31 0, L_0x7f95ae123060;  1 drivers
v0x563ebf444220_0 .net *"_ivl_6", 0 0, L_0x563ebf459e90;  1 drivers
v0x563ebf4442e0_0 .net *"_ivl_9", 0 0, L_0x563ebf424bd0;  1 drivers
v0x563ebf4443a0_0 .net "clk", 0 0, v0x563ebf449940_0;  alias, 1 drivers
v0x563ebf444440_0 .var "count", 2 0;
v0x563ebf444500_0 .net "en", 0 0, L_0x7f95ae1230f0;  1 drivers
v0x563ebf4445c0_0 .net "pulse", 0 0, L_0x563ebf45b340;  alias, 1 drivers
v0x563ebf444680_0 .net "rst_n", 0 0, v0x563ebf449ad0_0;  alias, 1 drivers
L_0x7f95ae123138 .functor BUFT 1, C4<1>, C4<0>, C4<0>, C4<0>;
v0x563ebf444750_0 .net "up", 0 0, L_0x7f95ae123138;  1 drivers
L_0x563ebf449de0 .concat [ 3 29 0 0], v0x563ebf444440_0, L_0x7f95ae123018;
L_0x563ebf459e90 .cmp/eq 32, L_0x563ebf449de0, L_0x7f95ae123060;
L_0x563ebf45a020 .cmp/eq 3, v0x563ebf444440_0, L_0x7f95ae1230a8;
S_0x563ebf4448b0 .scope module, "u_counter" "two_d_counter" 4 47, 6 3 0, S_0x563ebf407550;
 .timescale -9 -12;
    .port_info 0 /INPUT 1 "clk";
    .port_info 1 /INPUT 1 "rst";
    .port_info 2 /INPUT 1 "en";
    .port_info 3 /INPUT 1 "up";
    .port_info 4 /OUTPUT 4 "units";
    .port_info 5 /OUTPUT 4 "tens";
v0x563ebf446c70_0 .net "clk", 0 0, v0x563ebf449940_0;  alias, 1 drivers
v0x563ebf446dc0_0 .net "en", 0 0, L_0x563ebf45b400;  alias, 1 drivers
v0x563ebf446e80_0 .net "rst", 0 0, v0x563ebf449ad0_0;  alias, 1 drivers
v0x563ebf446fb0_0 .net "tc_units", 0 0, L_0x563ebf45abb0;  1 drivers
v0x563ebf447050_0 .net "tens", 3 0, v0x563ebf446800_0;  alias, 1 drivers
v0x563ebf4470f0_0 .net "units", 3 0, v0x563ebf445750_0;  alias, 1 drivers
v0x563ebf447190_0 .net "up", 0 0, v0x563ebf449cb0_0;  alias, 1 drivers
S_0x563ebf444b10 .scope module, "cnt1" "counter" 6 15, 5 2 0, S_0x563ebf4448b0;
 .timescale -9 -12;
    .port_info 0 /INPUT 1 "clk";
    .port_info 1 /INPUT 1 "rst_n";
    .port_info 2 /INPUT 1 "en";
    .port_info 3 /INPUT 1 "up";
    .port_info 4 /OUTPUT 4 "count";
    .port_info 5 /OUTPUT 1 "pulse";
P_0x563ebf444cf0 .param/l "MAX" 0 5 4, +C4<00000000000000000000000000001001>;
P_0x563ebf444d30 .param/l "N" 0 5 3, +C4<00000000000000000000000000000100>;
L_0x563ebf41dac0 .functor AND 1, L_0x563ebf45b400, L_0x563ebf45a8c0, C4<1>, C4<1>;
L_0x563ebf41a360 .functor AND 1, L_0x563ebf45b400, L_0x563ebf45aa70, C4<1>, C4<1>;
v0x563ebf444fb0_0 .net *"_ivl_0", 31 0, L_0x563ebf45a760;  1 drivers
L_0x7f95ae123330 .functor BUFT 1, C4<0000>, C4<0>, C4<0>, C4<0>;
v0x563ebf4450b0_0 .net/2u *"_ivl_10", 3 0, L_0x7f95ae123330;  1 drivers
v0x563ebf445190_0 .net *"_ivl_12", 0 0, L_0x563ebf45aa70;  1 drivers
v0x563ebf445260_0 .net *"_ivl_15", 0 0, L_0x563ebf41a360;  1 drivers
L_0x7f95ae1232a0 .functor BUFT 1, C4<0000000000000000000000000000>, C4<0>, C4<0>, C4<0>;
v0x563ebf445320_0 .net *"_ivl_3", 27 0, L_0x7f95ae1232a0;  1 drivers
L_0x7f95ae1232e8 .functor BUFT 1, C4<00000000000000000000000000001001>, C4<0>, C4<0>, C4<0>;
v0x563ebf445450_0 .net/2u *"_ivl_4", 31 0, L_0x7f95ae1232e8;  1 drivers
v0x563ebf445530_0 .net *"_ivl_6", 0 0, L_0x563ebf45a8c0;  1 drivers
v0x563ebf4455f0_0 .net *"_ivl_9", 0 0, L_0x563ebf41dac0;  1 drivers
v0x563ebf4456b0_0 .net "clk", 0 0, v0x563ebf449940_0;  alias, 1 drivers
v0x563ebf445750_0 .var "count", 3 0;
v0x563ebf445830_0 .net "en", 0 0, L_0x563ebf45b400;  alias, 1 drivers
v0x563ebf4458d0_0 .net "pulse", 0 0, L_0x563ebf45abb0;  alias, 1 drivers
v0x563ebf445970_0 .net "rst_n", 0 0, v0x563ebf449ad0_0;  alias, 1 drivers
v0x563ebf445a60_0 .net "up", 0 0, v0x563ebf449cb0_0;  alias, 1 drivers
L_0x563ebf45a760 .concat [ 4 28 0 0], v0x563ebf445750_0, L_0x7f95ae1232a0;
L_0x563ebf45a8c0 .cmp/eq 32, L_0x563ebf45a760, L_0x7f95ae1232e8;
L_0x563ebf45aa70 .cmp/eq 4, v0x563ebf445750_0, L_0x7f95ae123330;
L_0x563ebf45abb0 .functor MUXZ 1, L_0x563ebf41a360, L_0x563ebf41dac0, v0x563ebf449cb0_0, C4<>;
S_0x563ebf445c20 .scope module, "cnt2" "counter" 6 25, 5 2 0, S_0x563ebf4448b0;
 .timescale -9 -12;
    .port_info 0 /INPUT 1 "clk";
    .port_info 1 /INPUT 1 "rst_n";
    .port_info 2 /INPUT 1 "en";
    .port_info 3 /INPUT 1 "up";
    .port_info 4 /OUTPUT 4 "count";
    .port_info 5 /OUTPUT 1 "pulse";
P_0x563ebf445e20 .param/l "MAX" 0 5 4, +C4<00000000000000000000000000001001>;
P_0x563ebf445e60 .param/l "N" 0 5 3, +C4<00000000000000000000000000000100>;
L_0x563ebf3f67c0 .functor AND 1, L_0x563ebf45abb0, L_0x563ebf45ae50, C4<1>, C4<1>;
L_0x563ebf45b110 .functor AND 1, L_0x563ebf45abb0, L_0x563ebf45b020, C4<1>, C4<1>;
v0x563ebf446080_0 .net *"_ivl_0", 31 0, L_0x563ebf45ad20;  1 drivers
L_0x7f95ae123408 .functor BUFT 1, C4<0000>, C4<0>, C4<0>, C4<0>;
v0x563ebf446160_0 .net/2u *"_ivl_10", 3 0, L_0x7f95ae123408;  1 drivers
v0x563ebf446240_0 .net *"_ivl_12", 0 0, L_0x563ebf45b020;  1 drivers
v0x563ebf446310_0 .net *"_ivl_15", 0 0, L_0x563ebf45b110;  1 drivers
L_0x7f95ae123378 .functor BUFT 1, C4<0000000000000000000000000000>, C4<0>, C4<0>, C4<0>;
v0x563ebf4463d0_0 .net *"_ivl_3", 27 0, L_0x7f95ae123378;  1 drivers
L_0x7f95ae1233c0 .functor BUFT 1, C4<00000000000000000000000000001001>, C4<0>, C4<0>, C4<0>;
v0x563ebf446500_0 .net/2u *"_ivl_4", 31 0, L_0x7f95ae1233c0;  1 drivers
v0x563ebf4465e0_0 .net *"_ivl_6", 0 0, L_0x563ebf45ae50;  1 drivers
v0x563ebf4466a0_0 .net *"_ivl_9", 0 0, L_0x563ebf3f67c0;  1 drivers
v0x563ebf446760_0 .net "clk", 0 0, v0x563ebf449940_0;  alias, 1 drivers
v0x563ebf446800_0 .var "count", 3 0;
v0x563ebf4468e0_0 .net "en", 0 0, L_0x563ebf45abb0;  alias, 1 drivers
v0x563ebf446980_0 .net "pulse", 0 0, L_0x563ebf45b1d0;  1 drivers
v0x563ebf446a20_0 .net "rst_n", 0 0, v0x563ebf449ad0_0;  alias, 1 drivers
v0x563ebf446ac0_0 .net "up", 0 0, v0x563ebf449cb0_0;  alias, 1 drivers
L_0x563ebf45ad20 .concat [ 4 28 0 0], v0x563ebf446800_0, L_0x7f95ae123378;
L_0x563ebf45ae50 .cmp/eq 32, L_0x563ebf45ad20, L_0x7f95ae1233c0;
L_0x563ebf45b020 .cmp/eq 4, v0x563ebf446800_0, L_0x7f95ae123408;
L_0x563ebf45b1d0 .functor MUXZ 1, L_0x563ebf45b110, L_0x563ebf3f67c0, v0x563ebf449cb0_0, C4<>;
S_0x563ebf447300 .scope module, "u_dec_tens" "seg7_dec" 4 62, 7 2 0, S_0x563ebf407550;
 .timescale -9 -12;
    .port_info 0 /INPUT 4 "bin_in";
    .port_info 1 /OUTPUT 7 "seg_out";
v0x563ebf447580_0 .net "bin_in", 3 0, v0x563ebf446800_0;  alias, 1 drivers
v0x563ebf4476b0_0 .var "seg_out", 6 0;
E_0x563ebf447500 .event anyedge, v0x563ebf446800_0;
S_0x563ebf4477f0 .scope module, "u_dec_units" "seg7_dec" 4 57, 7 2 0, S_0x563ebf407550;
 .timescale -9 -12;
    .port_info 0 /INPUT 4 "bin_in";
    .port_info 1 /OUTPUT 7 "seg_out";
v0x563ebf447ae0_0 .net "bin_in", 3 0, v0x563ebf445750_0;  alias, 1 drivers
v0x563ebf447c10_0 .var "seg_out", 6 0;
E_0x563ebf447a60 .event anyedge, v0x563ebf445750_0;
S_0x563ebf447d50 .scope module, "u_mux" "sevenseg_mux" 4 68, 8 2 0, S_0x563ebf407550;
 .timescale -9 -12;
    .port_info 0 /INPUT 1 "clk";
    .port_info 1 /INPUT 1 "rst";
    .port_info 2 /INPUT 1 "en";
    .port_info 3 /INPUT 1 "cathod";
    .port_info 4 /INPUT 7 "tens_seg";
    .port_info 5 /INPUT 7 "units_seg";
    .port_info 6 /OUTPUT 7 "seg_out";
    .port_info 7 /OUTPUT 2 "an";
v0x563ebf448120_0 .var "an", 1 0;
v0x563ebf448220_0 .net "cathod", 0 0, v0x563ebf449830_0;  alias, 1 drivers
v0x563ebf4482e0_0 .net "clk", 0 0, v0x563ebf449940_0;  alias, 1 drivers
v0x563ebf448380_0 .net "en", 0 0, L_0x563ebf45b340;  alias, 1 drivers
v0x563ebf448420_0 .var "raw_seg", 6 0;
v0x563ebf448510_0 .net "rst", 0 0, v0x563ebf449ad0_0;  alias, 1 drivers
v0x563ebf4485b0_0 .var "seg_out", 6 0;
v0x563ebf448690_0 .var "sel_digit", 0 0;
v0x563ebf448750_0 .net "tens_seg", 6 0, v0x563ebf4476b0_0;  alias, 1 drivers
v0x563ebf4488a0_0 .net "units_seg", 6 0, v0x563ebf447c10_0;  alias, 1 drivers
E_0x563ebf448050 .event anyedge, v0x563ebf448220_0, v0x563ebf448420_0;
E_0x563ebf4480b0 .event anyedge, v0x563ebf448690_0, v0x563ebf448220_0, v0x563ebf447c10_0, v0x563ebf4476b0_0;
    .scope S_0x563ebf443880;
T_0 ;
    %wait E_0x563ebf3fcda0;
    %load/vec4 v0x563ebf444680_0;
    %nor/r;
    %flag_set/vec4 8;
    %jmp/0xz  T_0.0, 8;
    %pushi/vec4 0, 0, 3;
    %assign/vec4 v0x563ebf444440_0, 0;
    %jmp T_0.1;
T_0.0 ;
    %load/vec4 v0x563ebf444500_0;
    %flag_set/vec4 8;
    %jmp/0xz  T_0.2, 8;
    %load/vec4 v0x563ebf444750_0;
    %flag_set/vec4 8;
    %jmp/0xz  T_0.4, 8;
    %load/vec4 v0x563ebf444440_0;
    %pad/u 32;
    %cmpi/e 2, 0, 32;
    %jmp/0xz  T_0.6, 4;
    %pushi/vec4 0, 0, 3;
    %assign/vec4 v0x563ebf444440_0, 0;
    %jmp T_0.7;
T_0.6 ;
    %load/vec4 v0x563ebf444440_0;
    %addi 1, 0, 3;
    %assign/vec4 v0x563ebf444440_0, 0;
T_0.7 ;
    %jmp T_0.5;
T_0.4 ;
    %load/vec4 v0x563ebf444440_0;
    %cmpi/e 0, 0, 3;
    %jmp/0xz  T_0.8, 4;
    %pushi/vec4 2, 0, 3;
    %assign/vec4 v0x563ebf444440_0, 0;
    %jmp T_0.9;
T_0.8 ;
    %load/vec4 v0x563ebf444440_0;
    %subi 1, 0, 3;
    %assign/vec4 v0x563ebf444440_0, 0;
T_0.9 ;
T_0.5 ;
T_0.2 ;
T_0.1 ;
    %jmp T_0;
    .thread T_0;
    .scope S_0x563ebf40c5d0;
T_1 ;
    %wait E_0x563ebf3fcda0;
    %load/vec4 v0x563ebf443640_0;
    %nor/r;
    %flag_set/vec4 8;
    %jmp/0xz  T_1.0, 8;
    %pushi/vec4 0, 0, 4;
    %assign/vec4 v0x563ebf4433e0_0, 0;
    %jmp T_1.1;
T_1.0 ;
    %load/vec4 v0x563ebf4434c0_0;
    %flag_set/vec4 8;
    %jmp/0xz  T_1.2, 8;
    %load/vec4 v0x563ebf443700_0;
    %flag_set/vec4 8;
    %jmp/0xz  T_1.4, 8;
    %load/vec4 v0x563ebf4433e0_0;
    %pad/u 32;
    %cmpi/e 8, 0, 32;
    %jmp/0xz  T_1.6, 4;
    %pushi/vec4 0, 0, 4;
    %assign/vec4 v0x563ebf4433e0_0, 0;
    %jmp T_1.7;
T_1.6 ;
    %load/vec4 v0x563ebf4433e0_0;
    %addi 1, 0, 4;
    %assign/vec4 v0x563ebf4433e0_0, 0;
T_1.7 ;
    %jmp T_1.5;
T_1.4 ;
    %load/vec4 v0x563ebf4433e0_0;
    %cmpi/e 0, 0, 4;
    %jmp/0xz  T_1.8, 4;
    %pushi/vec4 8, 0, 4;
    %assign/vec4 v0x563ebf4433e0_0, 0;
    %jmp T_1.9;
T_1.8 ;
    %load/vec4 v0x563ebf4433e0_0;
    %subi 1, 0, 4;
    %assign/vec4 v0x563ebf4433e0_0, 0;
T_1.9 ;
T_1.5 ;
T_1.2 ;
T_1.1 ;
    %jmp T_1;
    .thread T_1;
    .scope S_0x563ebf444b10;
T_2 ;
    %wait E_0x563ebf3fcda0;
    %load/vec4 v0x563ebf445970_0;
    %nor/r;
    %flag_set/vec4 8;
    %jmp/0xz  T_2.0, 8;
    %pushi/vec4 0, 0, 4;
    %assign/vec4 v0x563ebf445750_0, 0;
    %jmp T_2.1;
T_2.0 ;
    %load/vec4 v0x563ebf445830_0;
    %flag_set/vec4 8;
    %jmp/0xz  T_2.2, 8;
    %load/vec4 v0x563ebf445a60_0;
    %flag_set/vec4 8;
    %jmp/0xz  T_2.4, 8;
    %load/vec4 v0x563ebf445750_0;
    %pad/u 32;
    %cmpi/e 9, 0, 32;
    %jmp/0xz  T_2.6, 4;
    %pushi/vec4 0, 0, 4;
    %assign/vec4 v0x563ebf445750_0, 0;
    %jmp T_2.7;
T_2.6 ;
    %load/vec4 v0x563ebf445750_0;
    %addi 1, 0, 4;
    %assign/vec4 v0x563ebf445750_0, 0;
T_2.7 ;
    %jmp T_2.5;
T_2.4 ;
    %load/vec4 v0x563ebf445750_0;
    %cmpi/e 0, 0, 4;
    %jmp/0xz  T_2.8, 4;
    %pushi/vec4 9, 0, 4;
    %assign/vec4 v0x563ebf445750_0, 0;
    %jmp T_2.9;
T_2.8 ;
    %load/vec4 v0x563ebf445750_0;
    %subi 1, 0, 4;
    %assign/vec4 v0x563ebf445750_0, 0;
T_2.9 ;
T_2.5 ;
T_2.2 ;
T_2.1 ;
    %jmp T_2;
    .thread T_2;
    .scope S_0x563ebf445c20;
T_3 ;
    %wait E_0x563ebf3fcda0;
    %load/vec4 v0x563ebf446a20_0;
    %nor/r;
    %flag_set/vec4 8;
    %jmp/0xz  T_3.0, 8;
    %pushi/vec4 0, 0, 4;
    %assign/vec4 v0x563ebf446800_0, 0;
    %jmp T_3.1;
T_3.0 ;
    %load/vec4 v0x563ebf4468e0_0;
    %flag_set/vec4 8;
    %jmp/0xz  T_3.2, 8;
    %load/vec4 v0x563ebf446ac0_0;
    %flag_set/vec4 8;
    %jmp/0xz  T_3.4, 8;
    %load/vec4 v0x563ebf446800_0;
    %pad/u 32;
    %cmpi/e 9, 0, 32;
    %jmp/0xz  T_3.6, 4;
    %pushi/vec4 0, 0, 4;
    %assign/vec4 v0x563ebf446800_0, 0;
    %jmp T_3.7;
T_3.6 ;
    %load/vec4 v0x563ebf446800_0;
    %addi 1, 0, 4;
    %assign/vec4 v0x563ebf446800_0, 0;
T_3.7 ;
    %jmp T_3.5;
T_3.4 ;
    %load/vec4 v0x563ebf446800_0;
    %cmpi/e 0, 0, 4;
    %jmp/0xz  T_3.8, 4;
    %pushi/vec4 9, 0, 4;
    %assign/vec4 v0x563ebf446800_0, 0;
    %jmp T_3.9;
T_3.8 ;
    %load/vec4 v0x563ebf446800_0;
    %subi 1, 0, 4;
    %assign/vec4 v0x563ebf446800_0, 0;
T_3.9 ;
T_3.5 ;
T_3.2 ;
T_3.1 ;
    %jmp T_3;
    .thread T_3;
    .scope S_0x563ebf4477f0;
T_4 ;
Ewait_0 .event/or E_0x563ebf447a60, E_0x0;
    %wait Ewait_0;
    %load/vec4 v0x563ebf447ae0_0;
    %dup/vec4;
    %pushi/vec4 0, 0, 4;
    %cmp/u;
    %jmp/1 T_4.0, 6;
    %dup/vec4;
    %pushi/vec4 1, 0, 4;
    %cmp/u;
    %jmp/1 T_4.1, 6;
    %dup/vec4;
    %pushi/vec4 2, 0, 4;
    %cmp/u;
    %jmp/1 T_4.2, 6;
    %dup/vec4;
    %pushi/vec4 3, 0, 4;
    %cmp/u;
    %jmp/1 T_4.3, 6;
    %dup/vec4;
    %pushi/vec4 4, 0, 4;
    %cmp/u;
    %jmp/1 T_4.4, 6;
    %dup/vec4;
    %pushi/vec4 5, 0, 4;
    %cmp/u;
    %jmp/1 T_4.5, 6;
    %dup/vec4;
    %pushi/vec4 6, 0, 4;
    %cmp/u;
    %jmp/1 T_4.6, 6;
    %dup/vec4;
    %pushi/vec4 7, 0, 4;
    %cmp/u;
    %jmp/1 T_4.7, 6;
    %dup/vec4;
    %pushi/vec4 8, 0, 4;
    %cmp/u;
    %jmp/1 T_4.8, 6;
    %dup/vec4;
    %pushi/vec4 9, 0, 4;
    %cmp/u;
    %jmp/1 T_4.9, 6;
    %dup/vec4;
    %pushi/vec4 10, 0, 4;
    %cmp/u;
    %jmp/1 T_4.10, 6;
    %dup/vec4;
    %pushi/vec4 11, 0, 4;
    %cmp/u;
    %jmp/1 T_4.11, 6;
    %dup/vec4;
    %pushi/vec4 12, 0, 4;
    %cmp/u;
    %jmp/1 T_4.12, 6;
    %dup/vec4;
    %pushi/vec4 13, 0, 4;
    %cmp/u;
    %jmp/1 T_4.13, 6;
    %dup/vec4;
    %pushi/vec4 14, 0, 4;
    %cmp/u;
    %jmp/1 T_4.14, 6;
    %dup/vec4;
    %pushi/vec4 15, 0, 4;
    %cmp/u;
    %jmp/1 T_4.15, 6;
    %pushi/vec4 0, 0, 7;
    %store/vec4 v0x563ebf447c10_0, 0, 7;
    %jmp T_4.17;
T_4.0 ;
    %pushi/vec4 63, 0, 7;
    %store/vec4 v0x563ebf447c10_0, 0, 7;
    %jmp T_4.17;
T_4.1 ;
    %pushi/vec4 6, 0, 7;
    %store/vec4 v0x563ebf447c10_0, 0, 7;
    %jmp T_4.17;
T_4.2 ;
    %pushi/vec4 91, 0, 7;
    %store/vec4 v0x563ebf447c10_0, 0, 7;
    %jmp T_4.17;
T_4.3 ;
    %pushi/vec4 79, 0, 7;
    %store/vec4 v0x563ebf447c10_0, 0, 7;
    %jmp T_4.17;
T_4.4 ;
    %pushi/vec4 102, 0, 7;
    %store/vec4 v0x563ebf447c10_0, 0, 7;
    %jmp T_4.17;
T_4.5 ;
    %pushi/vec4 109, 0, 7;
    %store/vec4 v0x563ebf447c10_0, 0, 7;
    %jmp T_4.17;
T_4.6 ;
    %pushi/vec4 125, 0, 7;
    %store/vec4 v0x563ebf447c10_0, 0, 7;
    %jmp T_4.17;
T_4.7 ;
    %pushi/vec4 7, 0, 7;
    %store/vec4 v0x563ebf447c10_0, 0, 7;
    %jmp T_4.17;
T_4.8 ;
    %pushi/vec4 127, 0, 7;
    %store/vec4 v0x563ebf447c10_0, 0, 7;
    %jmp T_4.17;
T_4.9 ;
    %pushi/vec4 111, 0, 7;
    %store/vec4 v0x563ebf447c10_0, 0, 7;
    %jmp T_4.17;
T_4.10 ;
    %pushi/vec4 119, 0, 7;
    %store/vec4 v0x563ebf447c10_0, 0, 7;
    %jmp T_4.17;
T_4.11 ;
    %pushi/vec4 124, 0, 7;
    %store/vec4 v0x563ebf447c10_0, 0, 7;
    %jmp T_4.17;
T_4.12 ;
    %pushi/vec4 57, 0, 7;
    %store/vec4 v0x563ebf447c10_0, 0, 7;
    %jmp T_4.17;
T_4.13 ;
    %pushi/vec4 94, 0, 7;
    %store/vec4 v0x563ebf447c10_0, 0, 7;
    %jmp T_4.17;
T_4.14 ;
    %pushi/vec4 121, 0, 7;
    %store/vec4 v0x563ebf447c10_0, 0, 7;
    %jmp T_4.17;
T_4.15 ;
    %pushi/vec4 113, 0, 7;
    %store/vec4 v0x563ebf447c10_0, 0, 7;
    %jmp T_4.17;
T_4.17 ;
    %pop/vec4 1;
    %jmp T_4;
    .thread T_4, $push;
    .scope S_0x563ebf447300;
T_5 ;
Ewait_1 .event/or E_0x563ebf447500, E_0x0;
    %wait Ewait_1;
    %load/vec4 v0x563ebf447580_0;
    %dup/vec4;
    %pushi/vec4 0, 0, 4;
    %cmp/u;
    %jmp/1 T_5.0, 6;
    %dup/vec4;
    %pushi/vec4 1, 0, 4;
    %cmp/u;
    %jmp/1 T_5.1, 6;
    %dup/vec4;
    %pushi/vec4 2, 0, 4;
    %cmp/u;
    %jmp/1 T_5.2, 6;
    %dup/vec4;
    %pushi/vec4 3, 0, 4;
    %cmp/u;
    %jmp/1 T_5.3, 6;
    %dup/vec4;
    %pushi/vec4 4, 0, 4;
    %cmp/u;
    %jmp/1 T_5.4, 6;
    %dup/vec4;
    %pushi/vec4 5, 0, 4;
    %cmp/u;
    %jmp/1 T_5.5, 6;
    %dup/vec4;
    %pushi/vec4 6, 0, 4;
    %cmp/u;
    %jmp/1 T_5.6, 6;
    %dup/vec4;
    %pushi/vec4 7, 0, 4;
    %cmp/u;
    %jmp/1 T_5.7, 6;
    %dup/vec4;
    %pushi/vec4 8, 0, 4;
    %cmp/u;
    %jmp/1 T_5.8, 6;
    %dup/vec4;
    %pushi/vec4 9, 0, 4;
    %cmp/u;
    %jmp/1 T_5.9, 6;
    %dup/vec4;
    %pushi/vec4 10, 0, 4;
    %cmp/u;
    %jmp/1 T_5.10, 6;
    %dup/vec4;
    %pushi/vec4 11, 0, 4;
    %cmp/u;
    %jmp/1 T_5.11, 6;
    %dup/vec4;
    %pushi/vec4 12, 0, 4;
    %cmp/u;
    %jmp/1 T_5.12, 6;
    %dup/vec4;
    %pushi/vec4 13, 0, 4;
    %cmp/u;
    %jmp/1 T_5.13, 6;
    %dup/vec4;
    %pushi/vec4 14, 0, 4;
    %cmp/u;
    %jmp/1 T_5.14, 6;
    %dup/vec4;
    %pushi/vec4 15, 0, 4;
    %cmp/u;
    %jmp/1 T_5.15, 6;
    %pushi/vec4 0, 0, 7;
    %store/vec4 v0x563ebf4476b0_0, 0, 7;
    %jmp T_5.17;
T_5.0 ;
    %pushi/vec4 63, 0, 7;
    %store/vec4 v0x563ebf4476b0_0, 0, 7;
    %jmp T_5.17;
T_5.1 ;
    %pushi/vec4 6, 0, 7;
    %store/vec4 v0x563ebf4476b0_0, 0, 7;
    %jmp T_5.17;
T_5.2 ;
    %pushi/vec4 91, 0, 7;
    %store/vec4 v0x563ebf4476b0_0, 0, 7;
    %jmp T_5.17;
T_5.3 ;
    %pushi/vec4 79, 0, 7;
    %store/vec4 v0x563ebf4476b0_0, 0, 7;
    %jmp T_5.17;
T_5.4 ;
    %pushi/vec4 102, 0, 7;
    %store/vec4 v0x563ebf4476b0_0, 0, 7;
    %jmp T_5.17;
T_5.5 ;
    %pushi/vec4 109, 0, 7;
    %store/vec4 v0x563ebf4476b0_0, 0, 7;
    %jmp T_5.17;
T_5.6 ;
    %pushi/vec4 125, 0, 7;
    %store/vec4 v0x563ebf4476b0_0, 0, 7;
    %jmp T_5.17;
T_5.7 ;
    %pushi/vec4 7, 0, 7;
    %store/vec4 v0x563ebf4476b0_0, 0, 7;
    %jmp T_5.17;
T_5.8 ;
    %pushi/vec4 127, 0, 7;
    %store/vec4 v0x563ebf4476b0_0, 0, 7;
    %jmp T_5.17;
T_5.9 ;
    %pushi/vec4 111, 0, 7;
    %store/vec4 v0x563ebf4476b0_0, 0, 7;
    %jmp T_5.17;
T_5.10 ;
    %pushi/vec4 119, 0, 7;
    %store/vec4 v0x563ebf4476b0_0, 0, 7;
    %jmp T_5.17;
T_5.11 ;
    %pushi/vec4 124, 0, 7;
    %store/vec4 v0x563ebf4476b0_0, 0, 7;
    %jmp T_5.17;
T_5.12 ;
    %pushi/vec4 57, 0, 7;
    %store/vec4 v0x563ebf4476b0_0, 0, 7;
    %jmp T_5.17;
T_5.13 ;
    %pushi/vec4 94, 0, 7;
    %store/vec4 v0x563ebf4476b0_0, 0, 7;
    %jmp T_5.17;
T_5.14 ;
    %pushi/vec4 121, 0, 7;
    %store/vec4 v0x563ebf4476b0_0, 0, 7;
    %jmp T_5.17;
T_5.15 ;
    %pushi/vec4 113, 0, 7;
    %store/vec4 v0x563ebf4476b0_0, 0, 7;
    %jmp T_5.17;
T_5.17 ;
    %pop/vec4 1;
    %jmp T_5;
    .thread T_5, $push;
    .scope S_0x563ebf447d50;
T_6 ;
    %wait E_0x563ebf3fcda0;
    %load/vec4 v0x563ebf448510_0;
    %nor/r;
    %flag_set/vec4 8;
    %jmp/0xz  T_6.0, 8;
    %pushi/vec4 1, 0, 1;
    %assign/vec4 v0x563ebf448690_0, 0;
    %jmp T_6.1;
T_6.0 ;
    %load/vec4 v0x563ebf448380_0;
    %flag_set/vec4 8;
    %jmp/0xz  T_6.2, 8;
    %load/vec4 v0x563ebf448690_0;
    %inv;
    %assign/vec4 v0x563ebf448690_0, 0;
T_6.2 ;
T_6.1 ;
    %jmp T_6;
    .thread T_6;
    .scope S_0x563ebf447d50;
T_7 ;
Ewait_2 .event/or E_0x563ebf4480b0, E_0x0;
    %wait Ewait_2;
    %load/vec4 v0x563ebf448690_0;
    %cmpi/e 1, 0, 1;
    %jmp/0xz  T_7.0, 4;
    %load/vec4 v0x563ebf448220_0;
    %flag_set/vec4 8;
    %jmp/0 T_7.2, 8;
    %pushi/vec4 1, 0, 2;
    %jmp/1 T_7.3, 8;
T_7.2 ; End of true expr.
    %pushi/vec4 2, 0, 2;
    %jmp/0 T_7.3, 8;
 ; End of false expr.
    %blend;
T_7.3;
    %store/vec4 v0x563ebf448120_0, 0, 2;
    %load/vec4 v0x563ebf4488a0_0;
    %store/vec4 v0x563ebf448420_0, 0, 7;
    %jmp T_7.1;
T_7.0 ;
    %load/vec4 v0x563ebf448220_0;
    %flag_set/vec4 8;
    %jmp/0 T_7.4, 8;
    %pushi/vec4 2, 0, 2;
    %jmp/1 T_7.5, 8;
T_7.4 ; End of true expr.
    %pushi/vec4 1, 0, 2;
    %jmp/0 T_7.5, 8;
 ; End of false expr.
    %blend;
T_7.5;
    %store/vec4 v0x563ebf448120_0, 0, 2;
    %load/vec4 v0x563ebf448750_0;
    %store/vec4 v0x563ebf448420_0, 0, 7;
T_7.1 ;
    %jmp T_7;
    .thread T_7, $push;
    .scope S_0x563ebf447d50;
T_8 ;
Ewait_3 .event/or E_0x563ebf448050, E_0x0;
    %wait Ewait_3;
    %load/vec4 v0x563ebf448220_0;
    %flag_set/vec4 8;
    %jmp/0xz  T_8.0, 8;
    %load/vec4 v0x563ebf448420_0;
    %store/vec4 v0x563ebf4485b0_0, 0, 7;
    %jmp T_8.1;
T_8.0 ;
    %load/vec4 v0x563ebf448420_0;
    %inv;
    %store/vec4 v0x563ebf4485b0_0, 0, 7;
T_8.1 ;
    %jmp T_8;
    .thread T_8, $push;
    .scope S_0x563ebf407550;
T_9 ;
Ewait_4 .event/or E_0x563ebf3fd5d0, E_0x0;
    %wait Ewait_4;
    %load/vec4 v0x563ebf448b00_0;
    %flag_set/vec4 8;
    %jmp/0xz  T_9.0, 8;
    %pushi/vec4 0, 0, 1;
    %store/vec4 v0x563ebf448d40_0, 0, 1;
    %pushi/vec4 0, 0, 6;
    %store/vec4 v0x563ebf448e80_0, 0, 6;
    %jmp T_9.1;
T_9.0 ;
    %pushi/vec4 1, 0, 1;
    %store/vec4 v0x563ebf448d40_0, 0, 1;
    %pushi/vec4 63, 0, 6;
    %store/vec4 v0x563ebf448e80_0, 0, 6;
T_9.1 ;
    %jmp T_9;
    .thread T_9, $push;
    .scope S_0x563ebf4038a0;
T_10 ;
    %pushi/vec4 0, 0, 1;
    %store/vec4 v0x563ebf449940_0, 0, 1;
    %end;
    .thread T_10;
    .scope S_0x563ebf4038a0;
T_11 ;
    %delay 5000, 0;
    %load/vec4 v0x563ebf449940_0;
    %inv;
    %store/vec4 v0x563ebf449940_0, 0, 1;
    %jmp T_11;
    .thread T_11;
    .scope S_0x563ebf4038a0;
T_12 ;
    %vpi_call/w 3 31 "$dumpfile", "wave.vcd" {0 0 0};
    %vpi_call/w 3 32 "$dumpvars", 32'sb00000000000000000000000000000000, S_0x563ebf4038a0 {0 0 0};
    %pushi/vec4 1, 0, 1;
    %store/vec4 v0x563ebf449cb0_0, 0, 1;
    %pushi/vec4 0, 0, 1;
    %store/vec4 v0x563ebf449ad0_0, 0, 1;
    %pushi/vec4 0, 0, 1;
    %store/vec4 v0x563ebf4499e0_0, 0, 1;
    %pushi/vec4 0, 0, 1;
    %store/vec4 v0x563ebf449830_0, 0, 1;
    %pushi/vec4 3, 0, 32;
T_12.0 %dup/vec4;
    %pushi/vec4 0, 0, 32;
    %cmp/s;
    %jmp/1xz T_12.1, 5;
    %jmp/1 T_12.1, 4;
    %pushi/vec4 1, 0, 32;
    %sub;
    %wait E_0x563ebf3fcda0;
    %jmp T_12.0;
T_12.1 ;
    %pop/vec4 1;
    %pushi/vec4 1, 0, 1;
    %store/vec4 v0x563ebf449ad0_0, 0, 1;
    %pushi/vec4 1, 0, 1;
    %store/vec4 v0x563ebf4499e0_0, 0, 1;
    %pushi/vec4 500, 0, 32;
T_12.2 %dup/vec4;
    %pushi/vec4 0, 0, 32;
    %cmp/s;
    %jmp/1xz T_12.3, 5;
    %jmp/1 T_12.3, 4;
    %pushi/vec4 1, 0, 32;
    %sub;
    %wait E_0x563ebf3fcda0;
    %jmp T_12.2;
T_12.3 ;
    %pop/vec4 1;
    %pushi/vec4 0, 0, 1;
    %store/vec4 v0x563ebf449cb0_0, 0, 1;
    %pushi/vec4 600, 0, 32;
T_12.4 %dup/vec4;
    %pushi/vec4 0, 0, 32;
    %cmp/s;
    %jmp/1xz T_12.5, 5;
    %jmp/1 T_12.5, 4;
    %pushi/vec4 1, 0, 32;
    %sub;
    %wait E_0x563ebf3fcda0;
    %jmp T_12.4;
T_12.5 ;
    %pop/vec4 1;
    %vpi_call/w 3 51 "$finish" {0 0 0};
    %end;
    .thread T_12;
# The file index is used to find the file name in the following table.
:file_names 9;
    "N/A";
    "<interactive>";
    "-";
    "top_module_tb.sv";
    "top_module.sv";
    "modules/counter.sv";
    "modules/two_d_counter.sv";
    "modules/seg7_dec.sv";
    "modules/sevenseg_mux.sv";
