#! /usr/bin/vvp
:ivl_version "12.0 (stable)";
:ivl_delay_selection "TYPICAL";
:vpi_time_precision - 12;
:vpi_module "/usr/lib/x86_64-linux-gnu/ivl/system.vpi";
:vpi_module "/usr/lib/x86_64-linux-gnu/ivl/vhdl_sys.vpi";
:vpi_module "/usr/lib/x86_64-linux-gnu/ivl/vhdl_textio.vpi";
:vpi_module "/usr/lib/x86_64-linux-gnu/ivl/v2005_math.vpi";
:vpi_module "/usr/lib/x86_64-linux-gnu/ivl/va_math.vpi";
:vpi_module "/usr/lib/x86_64-linux-gnu/ivl/v2009.vpi";
S_0x55d83c8de6a0 .scope package, "$unit" "$unit" 2 1;
 .timescale 0 0;
S_0x55d83c8dad40 .scope module, "top_module_tb" "top_module_tb" 3 3;
 .timescale -9 -12;
v0x55d83c907b10_0 .net "an", 2 0, v0x55d83c906620_0;  1 drivers
v0x55d83c907c40_0 .var "cathod", 0 0;
v0x55d83c907d00_0 .var "clk", 0 0;
v0x55d83c907da0_0 .net "dp", 0 0, v0x55d83c907150_0;  1 drivers
v0x55d83c907e70_0 .var "en", 0 0;
v0x55d83c907fb0_0 .net "hundreds", 3 0, L_0x55d83c919790;  1 drivers
v0x55d83c908050_0 .net "other_an", 4 0, v0x55d83c907450_0;  1 drivers
v0x55d83c9080f0_0 .var "rst_n", 0 0;
v0x55d83c908190_0 .net "seg", 6 0, v0x55d83c906a70_0;  1 drivers
v0x55d83c9082c0_0 .net "tens", 3 0, L_0x55d83c9196d0;  1 drivers
v0x55d83c908360_0 .net "units", 3 0, L_0x55d83c8cbea0;  1 drivers
S_0x55d83c8ced80 .scope module, "dut" "top_module" 3 22, 4 1 0, S_0x55d83c8dad40;
 .timescale -9 -12;
    .port_info 0 /INPUT 1 "clk";
    .port_info 1 /INPUT 1 "rst_n";
    .port_info 2 /INPUT 1 "cathod";
    .port_info 3 /INPUT 1 "en";
    .port_info 4 /OUTPUT 7 "seg";
    .port_info 5 /OUTPUT 3 "an";
    .port_info 6 /OUTPUT 1 "dp";
    .port_info 7 /OUTPUT 5 "other_an";
    .port_info 8 /OUTPUT 4 "units";
    .port_info 9 /OUTPUT 4 "tens";
    .port_info 10 /OUTPUT 4 "hundreds";
P_0x55d83c8d7620 .param/l "MAX_VALUE_cnt" 1 4 15, C4<0011>;
P_0x55d83c8d7660 .param/l "MAX_VALUE_refresh" 1 4 17, C4<001>;
P_0x55d83c8d76a0 .param/l "N_DIG" 1 4 18, +C4<00000000000000000000000000000011>;
P_0x55d83c8d76e0 .param/l "N_cnt" 1 4 14, +C4<00000000000000000000000000000100>;
P_0x55d83c8d7720 .param/l "N_refresh" 1 4 16, +C4<00000000000000000000000000000011>;
L_0x55d83c8cbea0 .functor BUFZ 4, v0x55d83c8ff930_0, C4<0000>, C4<0000>, C4<0000>;
L_0x55d83c9196d0 .functor BUFZ 4, v0x55d83c900e70_0, C4<0000>, C4<0000>, C4<0000>;
L_0x55d83c919790 .functor BUFZ 4, v0x55d83c9023c0_0, C4<0000>, C4<0000>, C4<0000>;
L_0x55d83c91a4c0 .functor BUFZ 7, v0x55d83c902ed0_0, C4<0000000>, C4<0000000>, C4<0000000>;
L_0x55d83c91a5b0 .functor BUFZ 7, v0x55d83c9036a0_0, C4<0000000>, C4<0000000>, C4<0000000>;
L_0x55d83c91a670 .functor BUFZ 7, v0x55d83c903e20_0, C4<0000000>, C4<0000000>, C4<0000000>;
v0x55d83c906c30_0 .net "an", 2 0, v0x55d83c906620_0;  alias, 1 drivers
v0x55d83c906d40_0 .net "cathod", 0 0, v0x55d83c907c40_0;  1 drivers
v0x55d83c906de0_0 .net "clk", 0 0, v0x55d83c907d00_0;  1 drivers
v0x55d83c906eb0_0 .net "cnt_freq", 0 0, L_0x55d83c91aaa0;  1 drivers
v0x55d83c906f50 .array "digits", 0 2;
v0x55d83c906f50_0 .net v0x55d83c906f50 0, 3 0, v0x55d83c8ff930_0; 1 drivers
v0x55d83c906f50_1 .net v0x55d83c906f50 1, 3 0, v0x55d83c900e70_0; 1 drivers
v0x55d83c906f50_2 .net v0x55d83c906f50 2, 3 0, v0x55d83c9023c0_0; 1 drivers
v0x55d83c907150_0 .var "dp", 0 0;
v0x55d83c907210_0 .net "en", 0 0, v0x55d83c907e70_0;  1 drivers
v0x55d83c9072b0_0 .net "en_pulses", 2 0, L_0x55d83c919580;  1 drivers
v0x55d83c907370_0 .net "hundreds", 3 0, L_0x55d83c919790;  alias, 1 drivers
v0x55d83c907450_0 .var "other_an", 4 0;
v0x55d83c907530_0 .net "rst_n", 0 0, v0x55d83c9080f0_0;  1 drivers
v0x55d83c9075d0_0 .net "seg", 6 0, v0x55d83c906a70_0;  alias, 1 drivers
v0x55d83c907690 .array "seg_decoded", 0 2;
v0x55d83c907690_0 .net v0x55d83c907690 0, 6 0, v0x55d83c902ed0_0; 1 drivers
v0x55d83c907690_1 .net v0x55d83c907690 1, 6 0, v0x55d83c9036a0_0; 1 drivers
v0x55d83c907690_2 .net v0x55d83c907690 2, 6 0, v0x55d83c903e20_0; 1 drivers
v0x55d83c907750_0 .net "seg_refresh", 0 0, L_0x55d83c91ab60;  1 drivers
v0x55d83c9077f0_0 .net "tens", 3 0, L_0x55d83c9196d0;  alias, 1 drivers
v0x55d83c907890_0 .net "units", 3 0, L_0x55d83c8cbea0;  alias, 1 drivers
E_0x55d83c8ad5d0 .event anyedge, v0x55d83c906d40_0;
L_0x55d83c918ea0 .part L_0x55d83c919580, 0, 1;
L_0x55d83c919490 .part L_0x55d83c919580, 1, 1;
L_0x55d83c919580 .concat8 [ 1 1 1 0], L_0x55d83c91a770, L_0x55d83c91a880, L_0x55d83c91a990;
S_0x55d83c8d7b80 .scope generate, "cnt_gen[0]" "cnt_gen[0]" 4 54, 4 54 0, S_0x55d83c8ced80;
 .timescale -9 -12;
P_0x55d83c8cc320 .param/l "i" 1 4 54, +C4<00>;
S_0x55d83c8d8280 .scope generate, "genblk1" "genblk1" 4 55, 4 55 0, S_0x55d83c8d7b80;
 .timescale -9 -12;
S_0x55d83c8d0830 .scope module, "cnt_inst" "counter" 4 56, 5 2 0, S_0x55d83c8d8280;
 .timescale -9 -12;
    .port_info 0 /INPUT 1 "clk";
    .port_info 1 /INPUT 1 "rst_n";
    .port_info 2 /INPUT 1 "en";
    .port_info 3 /INPUT 1 "up";
    .port_info 4 /OUTPUT 4 "count";
    .port_info 5 /OUTPUT 1 "pulse_out";
P_0x55d83c8de8e0 .param/l "MAX" 0 5 4, +C4<00000000000000000000000000001001>;
P_0x55d83c8de920 .param/l "N" 0 5 3, +C4<00000000000000000000000000000100>;
L_0x55d83c8e3830 .functor AND 1, L_0x55d83c91aaa0, L_0x55d83c9185c0, C4<1>, C4<1>;
L_0x55d83c8e3b00 .functor AND 1, L_0x55d83c91aaa0, L_0x55d83c918780, C4<1>, C4<1>;
L_0x55d83c91a770 .functor BUFT 1, L_0x55d83c8e3830, C4<0>, C4<0>, C4<0>;
v0x55d83c8cc040_0 .net *"_ivl_0", 31 0, L_0x55d83c908430;  1 drivers
L_0x7f9a1ed310a8 .functor BUFT 1, C4<0000>, C4<0>, C4<0>, C4<0>;
v0x55d83c8de840_0 .net/2u *"_ivl_10", 3 0, L_0x7f9a1ed310a8;  1 drivers
v0x55d83c8daee0_0 .net *"_ivl_12", 0 0, L_0x55d83c918780;  1 drivers
v0x55d83c8cef20_0 .net *"_ivl_15", 0 0, L_0x55d83c8e3b00;  1 drivers
L_0x7f9a1ed31018 .functor BUFT 1, C4<0000000000000000000000000000>, C4<0>, C4<0>, C4<0>;
v0x55d83c8caca0_0 .net *"_ivl_3", 27 0, L_0x7f9a1ed31018;  1 drivers
L_0x7f9a1ed31060 .functor BUFT 1, C4<00000000000000000000000000001001>, C4<0>, C4<0>, C4<0>;
v0x55d83c8a9fc0_0 .net/2u *"_ivl_4", 31 0, L_0x7f9a1ed31060;  1 drivers
v0x55d83c8ff660_0 .net *"_ivl_6", 0 0, L_0x55d83c9185c0;  1 drivers
v0x55d83c8ff720_0 .net *"_ivl_9", 0 0, L_0x55d83c8e3830;  1 drivers
v0x55d83c8ff7e0_0 .net "clk", 0 0, v0x55d83c907d00_0;  alias, 1 drivers
v0x55d83c8ff930_0 .var "count", 3 0;
v0x55d83c8ffa10_0 .net "en", 0 0, L_0x55d83c91aaa0;  alias, 1 drivers
v0x55d83c8ffad0_0 .net "pulse_out", 0 0, L_0x55d83c91a770;  1 drivers
v0x55d83c8ffb90_0 .net "rst_n", 0 0, v0x55d83c9080f0_0;  alias, 1 drivers
L_0x7f9a1ed310f0 .functor BUFT 1, C4<1>, C4<0>, C4<0>, C4<0>;
v0x55d83c8ffc50_0 .net "up", 0 0, L_0x7f9a1ed310f0;  1 drivers
E_0x55d83c8acda0 .event posedge, v0x55d83c8ff7e0_0;
L_0x55d83c908430 .concat [ 4 28 0 0], v0x55d83c8ff930_0, L_0x7f9a1ed31018;
L_0x55d83c9185c0 .cmp/eq 32, L_0x55d83c908430, L_0x7f9a1ed31060;
L_0x55d83c918780 .cmp/eq 4, v0x55d83c8ff930_0, L_0x7f9a1ed310a8;
S_0x55d83c8ffdd0 .scope generate, "cnt_gen[1]" "cnt_gen[1]" 4 54, 4 54 0, S_0x55d83c8ced80;
 .timescale -9 -12;
P_0x55d83c8fffa0 .param/l "i" 1 4 54, +C4<01>;
S_0x55d83c900060 .scope generate, "genblk1" "genblk1" 4 55, 4 55 0, S_0x55d83c8ffdd0;
 .timescale -9 -12;
S_0x55d83c900240 .scope module, "cnt_inst" "counter" 4 65, 5 2 0, S_0x55d83c900060;
 .timescale -9 -12;
    .port_info 0 /INPUT 1 "clk";
    .port_info 1 /INPUT 1 "rst_n";
    .port_info 2 /INPUT 1 "en";
    .port_info 3 /INPUT 1 "up";
    .port_info 4 /OUTPUT 4 "count";
    .port_info 5 /OUTPUT 1 "pulse_out";
P_0x55d83c900440 .param/l "MAX" 0 5 4, +C4<00000000000000000000000000001001>;
P_0x55d83c900480 .param/l "N" 0 5 3, +C4<00000000000000000000000000000100>;
L_0x55d83c8e15c0 .functor AND 1, L_0x55d83c918ea0, L_0x55d83c918b10, C4<1>, C4<1>;
L_0x55d83c8dfa40 .functor AND 1, L_0x55d83c918ea0, L_0x55d83c918ca0, C4<1>, C4<1>;
L_0x55d83c91a880 .functor BUFT 1, L_0x55d83c8e15c0, C4<0>, C4<0>, C4<0>;
v0x55d83c9006d0_0 .net *"_ivl_0", 31 0, L_0x55d83c918970;  1 drivers
L_0x7f9a1ed311c8 .functor BUFT 1, C4<0000>, C4<0>, C4<0>, C4<0>;
v0x55d83c9007d0_0 .net/2u *"_ivl_10", 3 0, L_0x7f9a1ed311c8;  1 drivers
v0x55d83c9008b0_0 .net *"_ivl_12", 0 0, L_0x55d83c918ca0;  1 drivers
v0x55d83c900980_0 .net *"_ivl_15", 0 0, L_0x55d83c8dfa40;  1 drivers
L_0x7f9a1ed31138 .functor BUFT 1, C4<0000000000000000000000000000>, C4<0>, C4<0>, C4<0>;
v0x55d83c900a40_0 .net *"_ivl_3", 27 0, L_0x7f9a1ed31138;  1 drivers
L_0x7f9a1ed31180 .functor BUFT 1, C4<00000000000000000000000000001001>, C4<0>, C4<0>, C4<0>;
v0x55d83c900b70_0 .net/2u *"_ivl_4", 31 0, L_0x7f9a1ed31180;  1 drivers
v0x55d83c900c50_0 .net *"_ivl_6", 0 0, L_0x55d83c918b10;  1 drivers
v0x55d83c900d10_0 .net *"_ivl_9", 0 0, L_0x55d83c8e15c0;  1 drivers
v0x55d83c900dd0_0 .net "clk", 0 0, v0x55d83c907d00_0;  alias, 1 drivers
v0x55d83c900e70_0 .var "count", 3 0;
v0x55d83c900f30_0 .net "en", 0 0, L_0x55d83c918ea0;  1 drivers
v0x55d83c900ff0_0 .net "pulse_out", 0 0, L_0x55d83c91a880;  1 drivers
v0x55d83c9010b0_0 .net "rst_n", 0 0, v0x55d83c9080f0_0;  alias, 1 drivers
L_0x7f9a1ed31210 .functor BUFT 1, C4<1>, C4<0>, C4<0>, C4<0>;
v0x55d83c901180_0 .net "up", 0 0, L_0x7f9a1ed31210;  1 drivers
L_0x55d83c918970 .concat [ 4 28 0 0], v0x55d83c900e70_0, L_0x7f9a1ed31138;
L_0x55d83c918b10 .cmp/eq 32, L_0x55d83c918970, L_0x7f9a1ed31180;
L_0x55d83c918ca0 .cmp/eq 4, v0x55d83c900e70_0, L_0x7f9a1ed311c8;
S_0x55d83c9012e0 .scope generate, "cnt_gen[2]" "cnt_gen[2]" 4 54, 4 54 0, S_0x55d83c8ced80;
 .timescale -9 -12;
P_0x55d83c9014c0 .param/l "i" 1 4 54, +C4<010>;
S_0x55d83c901580 .scope generate, "genblk1" "genblk1" 4 55, 4 55 0, S_0x55d83c9012e0;
 .timescale -9 -12;
S_0x55d83c901760 .scope module, "cnt_inst" "counter" 4 65, 5 2 0, S_0x55d83c901580;
 .timescale -9 -12;
    .port_info 0 /INPUT 1 "clk";
    .port_info 1 /INPUT 1 "rst_n";
    .port_info 2 /INPUT 1 "en";
    .port_info 3 /INPUT 1 "up";
    .port_info 4 /OUTPUT 4 "count";
    .port_info 5 /OUTPUT 1 "pulse_out";
P_0x55d83c901960 .param/l "MAX" 0 5 4, +C4<00000000000000000000000000001001>;
P_0x55d83c9019a0 .param/l "N" 0 5 3, +C4<00000000000000000000000000000100>;
L_0x55d83c8dc0e0 .functor AND 1, L_0x55d83c919490, L_0x55d83c919120, C4<1>, C4<1>;
L_0x55d83c8d0120 .functor AND 1, L_0x55d83c919490, L_0x55d83c919290, C4<1>, C4<1>;
L_0x55d83c91a990 .functor BUFT 1, L_0x55d83c8dc0e0, C4<0>, C4<0>, C4<0>;
v0x55d83c901c20_0 .net *"_ivl_0", 31 0, L_0x55d83c918f40;  1 drivers
L_0x7f9a1ed312e8 .functor BUFT 1, C4<0000>, C4<0>, C4<0>, C4<0>;
v0x55d83c901d20_0 .net/2u *"_ivl_10", 3 0, L_0x7f9a1ed312e8;  1 drivers
v0x55d83c901e00_0 .net *"_ivl_12", 0 0, L_0x55d83c919290;  1 drivers
v0x55d83c901ed0_0 .net *"_ivl_15", 0 0, L_0x55d83c8d0120;  1 drivers
L_0x7f9a1ed31258 .functor BUFT 1, C4<0000000000000000000000000000>, C4<0>, C4<0>, C4<0>;
v0x55d83c901f90_0 .net *"_ivl_3", 27 0, L_0x7f9a1ed31258;  1 drivers
L_0x7f9a1ed312a0 .functor BUFT 1, C4<00000000000000000000000000001001>, C4<0>, C4<0>, C4<0>;
v0x55d83c9020c0_0 .net/2u *"_ivl_4", 31 0, L_0x7f9a1ed312a0;  1 drivers
v0x55d83c9021a0_0 .net *"_ivl_6", 0 0, L_0x55d83c919120;  1 drivers
v0x55d83c902260_0 .net *"_ivl_9", 0 0, L_0x55d83c8dc0e0;  1 drivers
v0x55d83c902320_0 .net "clk", 0 0, v0x55d83c907d00_0;  alias, 1 drivers
v0x55d83c9023c0_0 .var "count", 3 0;
v0x55d83c9024a0_0 .net "en", 0 0, L_0x55d83c919490;  1 drivers
v0x55d83c902560_0 .net "pulse_out", 0 0, L_0x55d83c91a990;  1 drivers
v0x55d83c902620_0 .net "rst_n", 0 0, v0x55d83c9080f0_0;  alias, 1 drivers
L_0x7f9a1ed31330 .functor BUFT 1, C4<1>, C4<0>, C4<0>, C4<0>;
v0x55d83c902710_0 .net "up", 0 0, L_0x7f9a1ed31330;  1 drivers
L_0x55d83c918f40 .concat [ 4 28 0 0], v0x55d83c9023c0_0, L_0x7f9a1ed31258;
L_0x55d83c919120 .cmp/eq 32, L_0x55d83c918f40, L_0x7f9a1ed312a0;
L_0x55d83c919290 .cmp/eq 4, v0x55d83c9023c0_0, L_0x7f9a1ed312e8;
S_0x55d83c902890 .scope generate, "decoders[0]" "decoders[0]" 4 79, 4 79 0, S_0x55d83c8ced80;
 .timescale -9 -12;
P_0x55d83c902a90 .param/l "j" 1 4 79, +C4<00>;
S_0x55d83c902b70 .scope module, "u_dec" "seg7_dec" 4 80, 6 2 0, S_0x55d83c902890;
 .timescale -9 -12;
    .port_info 0 /INPUT 4 "bin_in";
    .port_info 1 /OUTPUT 7 "seg_out";
v0x55d83c902df0_0 .net "bin_in", 3 0, v0x55d83c8ff930_0;  alias, 1 drivers
v0x55d83c902ed0_0 .var "seg_out", 6 0;
E_0x55d83c902d70 .event anyedge, v0x55d83c8ff930_0;
S_0x55d83c902ff0 .scope generate, "decoders[1]" "decoders[1]" 4 79, 4 79 0, S_0x55d83c8ced80;
 .timescale -9 -12;
P_0x55d83c903220 .param/l "j" 1 4 79, +C4<01>;
S_0x55d83c903300 .scope module, "u_dec" "seg7_dec" 4 80, 6 2 0, S_0x55d83c902ff0;
 .timescale -9 -12;
    .port_info 0 /INPUT 4 "bin_in";
    .port_info 1 /OUTPUT 7 "seg_out";
v0x55d83c9035c0_0 .net "bin_in", 3 0, v0x55d83c900e70_0;  alias, 1 drivers
v0x55d83c9036a0_0 .var "seg_out", 6 0;
E_0x55d83c903540 .event anyedge, v0x55d83c900e70_0;
S_0x55d83c9037c0 .scope generate, "decoders[2]" "decoders[2]" 4 79, 4 79 0, S_0x55d83c8ced80;
 .timescale -9 -12;
P_0x55d83c9039a0 .param/l "j" 1 4 79, +C4<010>;
S_0x55d83c903a80 .scope module, "u_dec" "seg7_dec" 4 80, 6 2 0, S_0x55d83c9037c0;
 .timescale -9 -12;
    .port_info 0 /INPUT 4 "bin_in";
    .port_info 1 /OUTPUT 7 "seg_out";
v0x55d83c903d40_0 .net "bin_in", 3 0, v0x55d83c9023c0_0;  alias, 1 drivers
v0x55d83c903e20_0 .var "seg_out", 6 0;
E_0x55d83c903cc0 .event anyedge, v0x55d83c9023c0_0;
S_0x55d83c903f40 .scope module, "freq_div_cnt" "counter" 4 32, 5 2 0, S_0x55d83c8ced80;
 .timescale -9 -12;
    .port_info 0 /INPUT 1 "clk";
    .port_info 1 /INPUT 1 "rst_n";
    .port_info 2 /INPUT 1 "en";
    .port_info 3 /INPUT 1 "up";
    .port_info 4 /OUTPUT 4 "count";
    .port_info 5 /OUTPUT 1 "pulse_out";
P_0x55d83c904120 .param/l "MAX" 0 5 4, +C4<00000000000000000000000000000011>;
P_0x55d83c904160 .param/l "N" 0 5 3, +C4<00000000000000000000000000000100>;
L_0x55d83c919ab0 .functor AND 1, v0x55d83c907e70_0, L_0x55d83c919940, C4<1>, C4<1>;
L_0x55d83c919cb0 .functor AND 1, v0x55d83c907e70_0, L_0x55d83c919b70, C4<1>, C4<1>;
L_0x55d83c91aaa0 .functor BUFT 1, L_0x55d83c919ab0, C4<0>, C4<0>, C4<0>;
v0x55d83c9043f0_0 .net *"_ivl_0", 31 0, L_0x55d83c919850;  1 drivers
L_0x7f9a1ed31408 .functor BUFT 1, C4<0000>, C4<0>, C4<0>, C4<0>;
v0x55d83c9044d0_0 .net/2u *"_ivl_10", 3 0, L_0x7f9a1ed31408;  1 drivers
v0x55d83c9045b0_0 .net *"_ivl_12", 0 0, L_0x55d83c919b70;  1 drivers
v0x55d83c904680_0 .net *"_ivl_15", 0 0, L_0x55d83c919cb0;  1 drivers
L_0x7f9a1ed31378 .functor BUFT 1, C4<0000000000000000000000000000>, C4<0>, C4<0>, C4<0>;
v0x55d83c904740_0 .net *"_ivl_3", 27 0, L_0x7f9a1ed31378;  1 drivers
L_0x7f9a1ed313c0 .functor BUFT 1, C4<00000000000000000000000000000011>, C4<0>, C4<0>, C4<0>;
v0x55d83c904870_0 .net/2u *"_ivl_4", 31 0, L_0x7f9a1ed313c0;  1 drivers
v0x55d83c904950_0 .net *"_ivl_6", 0 0, L_0x55d83c919940;  1 drivers
v0x55d83c904a10_0 .net *"_ivl_9", 0 0, L_0x55d83c919ab0;  1 drivers
v0x55d83c904ad0_0 .net "clk", 0 0, v0x55d83c907d00_0;  alias, 1 drivers
v0x55d83c904b70_0 .var "count", 3 0;
v0x55d83c904c50_0 .net "en", 0 0, v0x55d83c907e70_0;  alias, 1 drivers
v0x55d83c904d10_0 .net "pulse_out", 0 0, L_0x55d83c91aaa0;  alias, 1 drivers
v0x55d83c904db0_0 .net "rst_n", 0 0, v0x55d83c9080f0_0;  alias, 1 drivers
L_0x7f9a1ed31450 .functor BUFT 1, C4<1>, C4<0>, C4<0>, C4<0>;
v0x55d83c904e50_0 .net "up", 0 0, L_0x7f9a1ed31450;  1 drivers
L_0x55d83c919850 .concat [ 4 28 0 0], v0x55d83c904b70_0, L_0x7f9a1ed31378;
L_0x55d83c919940 .cmp/eq 32, L_0x55d83c919850, L_0x7f9a1ed313c0;
L_0x55d83c919b70 .cmp/eq 4, v0x55d83c904b70_0, L_0x7f9a1ed31408;
S_0x55d83c904ff0 .scope module, "freq_div_refresh" "counter" 4 41, 5 2 0, S_0x55d83c8ced80;
 .timescale -9 -12;
    .port_info 0 /INPUT 1 "clk";
    .port_info 1 /INPUT 1 "rst_n";
    .port_info 2 /INPUT 1 "en";
    .port_info 3 /INPUT 1 "up";
    .port_info 4 /OUTPUT 3 "count";
    .port_info 5 /OUTPUT 1 "pulse_out";
P_0x55d83c905180 .param/l "MAX" 0 5 4, +C4<00000000000000000000000000000001>;
P_0x55d83c9051c0 .param/l "N" 0 5 3, +C4<00000000000000000000000000000011>;
L_0x7f9a1ed31570 .functor BUFT 1, C4<1>, C4<0>, C4<0>, C4<0>;
L_0x55d83c91a180 .functor AND 1, L_0x7f9a1ed31570, L_0x55d83c91a010, C4<1>, C4<1>;
L_0x55d83c91a3b0 .functor AND 1, L_0x7f9a1ed31570, L_0x55d83c91a240, C4<1>, C4<1>;
L_0x55d83c91ab60 .functor BUFT 1, L_0x55d83c91a180, C4<0>, C4<0>, C4<0>;
v0x55d83c905440_0 .net *"_ivl_0", 31 0, L_0x55d83c919db0;  1 drivers
L_0x7f9a1ed31528 .functor BUFT 1, C4<000>, C4<0>, C4<0>, C4<0>;
v0x55d83c905540_0 .net/2u *"_ivl_10", 2 0, L_0x7f9a1ed31528;  1 drivers
v0x55d83c905620_0 .net *"_ivl_12", 0 0, L_0x55d83c91a240;  1 drivers
v0x55d83c9056f0_0 .net *"_ivl_15", 0 0, L_0x55d83c91a3b0;  1 drivers
L_0x7f9a1ed31498 .functor BUFT 1, C4<00000000000000000000000000000>, C4<0>, C4<0>, C4<0>;
v0x55d83c9057b0_0 .net *"_ivl_3", 28 0, L_0x7f9a1ed31498;  1 drivers
L_0x7f9a1ed314e0 .functor BUFT 1, C4<00000000000000000000000000000001>, C4<0>, C4<0>, C4<0>;
v0x55d83c9058e0_0 .net/2u *"_ivl_4", 31 0, L_0x7f9a1ed314e0;  1 drivers
v0x55d83c9059c0_0 .net *"_ivl_6", 0 0, L_0x55d83c91a010;  1 drivers
v0x55d83c905a80_0 .net *"_ivl_9", 0 0, L_0x55d83c91a180;  1 drivers
v0x55d83c905b40_0 .net "clk", 0 0, v0x55d83c907d00_0;  alias, 1 drivers
v0x55d83c905c70_0 .var "count", 2 0;
v0x55d83c905d50_0 .net "en", 0 0, L_0x7f9a1ed31570;  1 drivers
v0x55d83c905e10_0 .net "pulse_out", 0 0, L_0x55d83c91ab60;  alias, 1 drivers
v0x55d83c905ed0_0 .net "rst_n", 0 0, v0x55d83c9080f0_0;  alias, 1 drivers
L_0x7f9a1ed315b8 .functor BUFT 1, C4<1>, C4<0>, C4<0>, C4<0>;
v0x55d83c906000_0 .net "up", 0 0, L_0x7f9a1ed315b8;  1 drivers
L_0x55d83c919db0 .concat [ 3 29 0 0], v0x55d83c905c70_0, L_0x7f9a1ed31498;
L_0x55d83c91a010 .cmp/eq 32, L_0x55d83c919db0, L_0x7f9a1ed314e0;
L_0x55d83c91a240 .cmp/eq 3, v0x55d83c905c70_0, L_0x7f9a1ed31528;
S_0x55d83c9061c0 .scope module, "u_mux" "sevenseg_mux" 4 88, 7 1 0, S_0x55d83c8ced80;
 .timescale -9 -12;
    .port_info 0 /INPUT 1 "clk";
    .port_info 1 /INPUT 1 "reset";
    .port_info 2 /INPUT 1 "en";
    .port_info 3 /INPUT 21 "digit_values";
    .port_info 4 /OUTPUT 7 "seg";
    .port_info 5 /OUTPUT 3 "dig";
P_0x55d83c9031d0 .param/l "N" 0 7 2, +C4<00000000000000000000000000000011>;
v0x55d83c906560_0 .net "clk", 0 0, v0x55d83c907d00_0;  alias, 1 drivers
v0x55d83c906620_0 .var "dig", 2 0;
v0x55d83c906700_0 .var "digit_index", 1 0;
v0x55d83c9067f0 .array "digit_values", 0 2;
v0x55d83c9067f0_0 .net v0x55d83c9067f0 0, 6 0, L_0x55d83c91a4c0; 1 drivers
v0x55d83c9067f0_1 .net v0x55d83c9067f0 1, 6 0, L_0x55d83c91a5b0; 1 drivers
v0x55d83c9067f0_2 .net v0x55d83c9067f0 2, 6 0, L_0x55d83c91a670; 1 drivers
v0x55d83c906930_0 .net "en", 0 0, L_0x55d83c91ab60;  alias, 1 drivers
v0x55d83c9069d0_0 .net "reset", 0 0, v0x55d83c9080f0_0;  alias, 1 drivers
v0x55d83c906a70_0 .var "seg", 6 0;
    .scope S_0x55d83c8d0830;
T_0 ;
    %wait E_0x55d83c8acda0;
    %load/vec4 v0x55d83c8ffb90_0;
    %nor/r;
    %flag_set/vec4 8;
    %jmp/0xz  T_0.0, 8;
    %pushi/vec4 0, 0, 4;
    %assign/vec4 v0x55d83c8ff930_0, 0;
    %jmp T_0.1;
T_0.0 ;
    %load/vec4 v0x55d83c8ffa10_0;
    %flag_set/vec4 8;
    %jmp/0xz  T_0.2, 8;
    %load/vec4 v0x55d83c8ffc50_0;
    %flag_set/vec4 8;
    %jmp/0xz  T_0.4, 8;
    %load/vec4 v0x55d83c8ff930_0;
    %pad/u 32;
    %cmpi/e 9, 0, 32;
    %jmp/0xz  T_0.6, 4;
    %pushi/vec4 0, 0, 4;
    %assign/vec4 v0x55d83c8ff930_0, 0;
    %jmp T_0.7;
T_0.6 ;
    %load/vec4 v0x55d83c8ff930_0;
    %addi 1, 0, 4;
    %assign/vec4 v0x55d83c8ff930_0, 0;
T_0.7 ;
    %jmp T_0.5;
T_0.4 ;
    %load/vec4 v0x55d83c8ff930_0;
    %cmpi/e 0, 0, 4;
    %jmp/0xz  T_0.8, 4;
    %pushi/vec4 9, 0, 4;
    %assign/vec4 v0x55d83c8ff930_0, 0;
    %jmp T_0.9;
T_0.8 ;
    %load/vec4 v0x55d83c8ff930_0;
    %subi 1, 0, 4;
    %assign/vec4 v0x55d83c8ff930_0, 0;
T_0.9 ;
T_0.5 ;
T_0.2 ;
T_0.1 ;
    %jmp T_0;
    .thread T_0;
    .scope S_0x55d83c900240;
T_1 ;
    %wait E_0x55d83c8acda0;
    %load/vec4 v0x55d83c9010b0_0;
    %nor/r;
    %flag_set/vec4 8;
    %jmp/0xz  T_1.0, 8;
    %pushi/vec4 0, 0, 4;
    %assign/vec4 v0x55d83c900e70_0, 0;
    %jmp T_1.1;
T_1.0 ;
    %load/vec4 v0x55d83c900f30_0;
    %flag_set/vec4 8;
    %jmp/0xz  T_1.2, 8;
    %load/vec4 v0x55d83c901180_0;
    %flag_set/vec4 8;
    %jmp/0xz  T_1.4, 8;
    %load/vec4 v0x55d83c900e70_0;
    %pad/u 32;
    %cmpi/e 9, 0, 32;
    %jmp/0xz  T_1.6, 4;
    %pushi/vec4 0, 0, 4;
    %assign/vec4 v0x55d83c900e70_0, 0;
    %jmp T_1.7;
T_1.6 ;
    %load/vec4 v0x55d83c900e70_0;
    %addi 1, 0, 4;
    %assign/vec4 v0x55d83c900e70_0, 0;
T_1.7 ;
    %jmp T_1.5;
T_1.4 ;
    %load/vec4 v0x55d83c900e70_0;
    %cmpi/e 0, 0, 4;
    %jmp/0xz  T_1.8, 4;
    %pushi/vec4 9, 0, 4;
    %assign/vec4 v0x55d83c900e70_0, 0;
    %jmp T_1.9;
T_1.8 ;
    %load/vec4 v0x55d83c900e70_0;
    %subi 1, 0, 4;
    %assign/vec4 v0x55d83c900e70_0, 0;
T_1.9 ;
T_1.5 ;
T_1.2 ;
T_1.1 ;
    %jmp T_1;
    .thread T_1;
    .scope S_0x55d83c901760;
T_2 ;
    %wait E_0x55d83c8acda0;
    %load/vec4 v0x55d83c902620_0;
    %nor/r;
    %flag_set/vec4 8;
    %jmp/0xz  T_2.0, 8;
    %pushi/vec4 0, 0, 4;
    %assign/vec4 v0x55d83c9023c0_0, 0;
    %jmp T_2.1;
T_2.0 ;
    %load/vec4 v0x55d83c9024a0_0;
    %flag_set/vec4 8;
    %jmp/0xz  T_2.2, 8;
    %load/vec4 v0x55d83c902710_0;
    %flag_set/vec4 8;
    %jmp/0xz  T_2.4, 8;
    %load/vec4 v0x55d83c9023c0_0;
    %pad/u 32;
    %cmpi/e 9, 0, 32;
    %jmp/0xz  T_2.6, 4;
    %pushi/vec4 0, 0, 4;
    %assign/vec4 v0x55d83c9023c0_0, 0;
    %jmp T_2.7;
T_2.6 ;
    %load/vec4 v0x55d83c9023c0_0;
    %addi 1, 0, 4;
    %assign/vec4 v0x55d83c9023c0_0, 0;
T_2.7 ;
    %jmp T_2.5;
T_2.4 ;
    %load/vec4 v0x55d83c9023c0_0;
    %cmpi/e 0, 0, 4;
    %jmp/0xz  T_2.8, 4;
    %pushi/vec4 9, 0, 4;
    %assign/vec4 v0x55d83c9023c0_0, 0;
    %jmp T_2.9;
T_2.8 ;
    %load/vec4 v0x55d83c9023c0_0;
    %subi 1, 0, 4;
    %assign/vec4 v0x55d83c9023c0_0, 0;
T_2.9 ;
T_2.5 ;
T_2.2 ;
T_2.1 ;
    %jmp T_2;
    .thread T_2;
    .scope S_0x55d83c902b70;
T_3 ;
Ewait_0 .event/or E_0x55d83c902d70, E_0x0;
    %wait Ewait_0;
    %load/vec4 v0x55d83c902df0_0;
    %dup/vec4;
    %pushi/vec4 0, 0, 4;
    %cmp/u;
    %jmp/1 T_3.0, 6;
    %dup/vec4;
    %pushi/vec4 1, 0, 4;
    %cmp/u;
    %jmp/1 T_3.1, 6;
    %dup/vec4;
    %pushi/vec4 2, 0, 4;
    %cmp/u;
    %jmp/1 T_3.2, 6;
    %dup/vec4;
    %pushi/vec4 3, 0, 4;
    %cmp/u;
    %jmp/1 T_3.3, 6;
    %dup/vec4;
    %pushi/vec4 4, 0, 4;
    %cmp/u;
    %jmp/1 T_3.4, 6;
    %dup/vec4;
    %pushi/vec4 5, 0, 4;
    %cmp/u;
    %jmp/1 T_3.5, 6;
    %dup/vec4;
    %pushi/vec4 6, 0, 4;
    %cmp/u;
    %jmp/1 T_3.6, 6;
    %dup/vec4;
    %pushi/vec4 7, 0, 4;
    %cmp/u;
    %jmp/1 T_3.7, 6;
    %dup/vec4;
    %pushi/vec4 8, 0, 4;
    %cmp/u;
    %jmp/1 T_3.8, 6;
    %dup/vec4;
    %pushi/vec4 9, 0, 4;
    %cmp/u;
    %jmp/1 T_3.9, 6;
    %dup/vec4;
    %pushi/vec4 10, 0, 4;
    %cmp/u;
    %jmp/1 T_3.10, 6;
    %dup/vec4;
    %pushi/vec4 11, 0, 4;
    %cmp/u;
    %jmp/1 T_3.11, 6;
    %dup/vec4;
    %pushi/vec4 12, 0, 4;
    %cmp/u;
    %jmp/1 T_3.12, 6;
    %dup/vec4;
    %pushi/vec4 13, 0, 4;
    %cmp/u;
    %jmp/1 T_3.13, 6;
    %dup/vec4;
    %pushi/vec4 14, 0, 4;
    %cmp/u;
    %jmp/1 T_3.14, 6;
    %dup/vec4;
    %pushi/vec4 15, 0, 4;
    %cmp/u;
    %jmp/1 T_3.15, 6;
    %pushi/vec4 0, 0, 7;
    %store/vec4 v0x55d83c902ed0_0, 0, 7;
    %jmp T_3.17;
T_3.0 ;
    %pushi/vec4 63, 0, 7;
    %store/vec4 v0x55d83c902ed0_0, 0, 7;
    %jmp T_3.17;
T_3.1 ;
    %pushi/vec4 6, 0, 7;
    %store/vec4 v0x55d83c902ed0_0, 0, 7;
    %jmp T_3.17;
T_3.2 ;
    %pushi/vec4 91, 0, 7;
    %store/vec4 v0x55d83c902ed0_0, 0, 7;
    %jmp T_3.17;
T_3.3 ;
    %pushi/vec4 79, 0, 7;
    %store/vec4 v0x55d83c902ed0_0, 0, 7;
    %jmp T_3.17;
T_3.4 ;
    %pushi/vec4 102, 0, 7;
    %store/vec4 v0x55d83c902ed0_0, 0, 7;
    %jmp T_3.17;
T_3.5 ;
    %pushi/vec4 109, 0, 7;
    %store/vec4 v0x55d83c902ed0_0, 0, 7;
    %jmp T_3.17;
T_3.6 ;
    %pushi/vec4 125, 0, 7;
    %store/vec4 v0x55d83c902ed0_0, 0, 7;
    %jmp T_3.17;
T_3.7 ;
    %pushi/vec4 7, 0, 7;
    %store/vec4 v0x55d83c902ed0_0, 0, 7;
    %jmp T_3.17;
T_3.8 ;
    %pushi/vec4 127, 0, 7;
    %store/vec4 v0x55d83c902ed0_0, 0, 7;
    %jmp T_3.17;
T_3.9 ;
    %pushi/vec4 111, 0, 7;
    %store/vec4 v0x55d83c902ed0_0, 0, 7;
    %jmp T_3.17;
T_3.10 ;
    %pushi/vec4 119, 0, 7;
    %store/vec4 v0x55d83c902ed0_0, 0, 7;
    %jmp T_3.17;
T_3.11 ;
    %pushi/vec4 124, 0, 7;
    %store/vec4 v0x55d83c902ed0_0, 0, 7;
    %jmp T_3.17;
T_3.12 ;
    %pushi/vec4 57, 0, 7;
    %store/vec4 v0x55d83c902ed0_0, 0, 7;
    %jmp T_3.17;
T_3.13 ;
    %pushi/vec4 94, 0, 7;
    %store/vec4 v0x55d83c902ed0_0, 0, 7;
    %jmp T_3.17;
T_3.14 ;
    %pushi/vec4 121, 0, 7;
    %store/vec4 v0x55d83c902ed0_0, 0, 7;
    %jmp T_3.17;
T_3.15 ;
    %pushi/vec4 113, 0, 7;
    %store/vec4 v0x55d83c902ed0_0, 0, 7;
    %jmp T_3.17;
T_3.17 ;
    %pop/vec4 1;
    %jmp T_3;
    .thread T_3, $push;
    .scope S_0x55d83c903300;
T_4 ;
Ewait_1 .event/or E_0x55d83c903540, E_0x0;
    %wait Ewait_1;
    %load/vec4 v0x55d83c9035c0_0;
    %dup/vec4;
    %pushi/vec4 0, 0, 4;
    %cmp/u;
    %jmp/1 T_4.0, 6;
    %dup/vec4;
    %pushi/vec4 1, 0, 4;
    %cmp/u;
    %jmp/1 T_4.1, 6;
    %dup/vec4;
    %pushi/vec4 2, 0, 4;
    %cmp/u;
    %jmp/1 T_4.2, 6;
    %dup/vec4;
    %pushi/vec4 3, 0, 4;
    %cmp/u;
    %jmp/1 T_4.3, 6;
    %dup/vec4;
    %pushi/vec4 4, 0, 4;
    %cmp/u;
    %jmp/1 T_4.4, 6;
    %dup/vec4;
    %pushi/vec4 5, 0, 4;
    %cmp/u;
    %jmp/1 T_4.5, 6;
    %dup/vec4;
    %pushi/vec4 6, 0, 4;
    %cmp/u;
    %jmp/1 T_4.6, 6;
    %dup/vec4;
    %pushi/vec4 7, 0, 4;
    %cmp/u;
    %jmp/1 T_4.7, 6;
    %dup/vec4;
    %pushi/vec4 8, 0, 4;
    %cmp/u;
    %jmp/1 T_4.8, 6;
    %dup/vec4;
    %pushi/vec4 9, 0, 4;
    %cmp/u;
    %jmp/1 T_4.9, 6;
    %dup/vec4;
    %pushi/vec4 10, 0, 4;
    %cmp/u;
    %jmp/1 T_4.10, 6;
    %dup/vec4;
    %pushi/vec4 11, 0, 4;
    %cmp/u;
    %jmp/1 T_4.11, 6;
    %dup/vec4;
    %pushi/vec4 12, 0, 4;
    %cmp/u;
    %jmp/1 T_4.12, 6;
    %dup/vec4;
    %pushi/vec4 13, 0, 4;
    %cmp/u;
    %jmp/1 T_4.13, 6;
    %dup/vec4;
    %pushi/vec4 14, 0, 4;
    %cmp/u;
    %jmp/1 T_4.14, 6;
    %dup/vec4;
    %pushi/vec4 15, 0, 4;
    %cmp/u;
    %jmp/1 T_4.15, 6;
    %pushi/vec4 0, 0, 7;
    %store/vec4 v0x55d83c9036a0_0, 0, 7;
    %jmp T_4.17;
T_4.0 ;
    %pushi/vec4 63, 0, 7;
    %store/vec4 v0x55d83c9036a0_0, 0, 7;
    %jmp T_4.17;
T_4.1 ;
    %pushi/vec4 6, 0, 7;
    %store/vec4 v0x55d83c9036a0_0, 0, 7;
    %jmp T_4.17;
T_4.2 ;
    %pushi/vec4 91, 0, 7;
    %store/vec4 v0x55d83c9036a0_0, 0, 7;
    %jmp T_4.17;
T_4.3 ;
    %pushi/vec4 79, 0, 7;
    %store/vec4 v0x55d83c9036a0_0, 0, 7;
    %jmp T_4.17;
T_4.4 ;
    %pushi/vec4 102, 0, 7;
    %store/vec4 v0x55d83c9036a0_0, 0, 7;
    %jmp T_4.17;
T_4.5 ;
    %pushi/vec4 109, 0, 7;
    %store/vec4 v0x55d83c9036a0_0, 0, 7;
    %jmp T_4.17;
T_4.6 ;
    %pushi/vec4 125, 0, 7;
    %store/vec4 v0x55d83c9036a0_0, 0, 7;
    %jmp T_4.17;
T_4.7 ;
    %pushi/vec4 7, 0, 7;
    %store/vec4 v0x55d83c9036a0_0, 0, 7;
    %jmp T_4.17;
T_4.8 ;
    %pushi/vec4 127, 0, 7;
    %store/vec4 v0x55d83c9036a0_0, 0, 7;
    %jmp T_4.17;
T_4.9 ;
    %pushi/vec4 111, 0, 7;
    %store/vec4 v0x55d83c9036a0_0, 0, 7;
    %jmp T_4.17;
T_4.10 ;
    %pushi/vec4 119, 0, 7;
    %store/vec4 v0x55d83c9036a0_0, 0, 7;
    %jmp T_4.17;
T_4.11 ;
    %pushi/vec4 124, 0, 7;
    %store/vec4 v0x55d83c9036a0_0, 0, 7;
    %jmp T_4.17;
T_4.12 ;
    %pushi/vec4 57, 0, 7;
    %store/vec4 v0x55d83c9036a0_0, 0, 7;
    %jmp T_4.17;
T_4.13 ;
    %pushi/vec4 94, 0, 7;
    %store/vec4 v0x55d83c9036a0_0, 0, 7;
    %jmp T_4.17;
T_4.14 ;
    %pushi/vec4 121, 0, 7;
    %store/vec4 v0x55d83c9036a0_0, 0, 7;
    %jmp T_4.17;
T_4.15 ;
    %pushi/vec4 113, 0, 7;
    %store/vec4 v0x55d83c9036a0_0, 0, 7;
    %jmp T_4.17;
T_4.17 ;
    %pop/vec4 1;
    %jmp T_4;
    .thread T_4, $push;
    .scope S_0x55d83c903a80;
T_5 ;
Ewait_2 .event/or E_0x55d83c903cc0, E_0x0;
    %wait Ewait_2;
    %load/vec4 v0x55d83c903d40_0;
    %dup/vec4;
    %pushi/vec4 0, 0, 4;
    %cmp/u;
    %jmp/1 T_5.0, 6;
    %dup/vec4;
    %pushi/vec4 1, 0, 4;
    %cmp/u;
    %jmp/1 T_5.1, 6;
    %dup/vec4;
    %pushi/vec4 2, 0, 4;
    %cmp/u;
    %jmp/1 T_5.2, 6;
    %dup/vec4;
    %pushi/vec4 3, 0, 4;
    %cmp/u;
    %jmp/1 T_5.3, 6;
    %dup/vec4;
    %pushi/vec4 4, 0, 4;
    %cmp/u;
    %jmp/1 T_5.4, 6;
    %dup/vec4;
    %pushi/vec4 5, 0, 4;
    %cmp/u;
    %jmp/1 T_5.5, 6;
    %dup/vec4;
    %pushi/vec4 6, 0, 4;
    %cmp/u;
    %jmp/1 T_5.6, 6;
    %dup/vec4;
    %pushi/vec4 7, 0, 4;
    %cmp/u;
    %jmp/1 T_5.7, 6;
    %dup/vec4;
    %pushi/vec4 8, 0, 4;
    %cmp/u;
    %jmp/1 T_5.8, 6;
    %dup/vec4;
    %pushi/vec4 9, 0, 4;
    %cmp/u;
    %jmp/1 T_5.9, 6;
    %dup/vec4;
    %pushi/vec4 10, 0, 4;
    %cmp/u;
    %jmp/1 T_5.10, 6;
    %dup/vec4;
    %pushi/vec4 11, 0, 4;
    %cmp/u;
    %jmp/1 T_5.11, 6;
    %dup/vec4;
    %pushi/vec4 12, 0, 4;
    %cmp/u;
    %jmp/1 T_5.12, 6;
    %dup/vec4;
    %pushi/vec4 13, 0, 4;
    %cmp/u;
    %jmp/1 T_5.13, 6;
    %dup/vec4;
    %pushi/vec4 14, 0, 4;
    %cmp/u;
    %jmp/1 T_5.14, 6;
    %dup/vec4;
    %pushi/vec4 15, 0, 4;
    %cmp/u;
    %jmp/1 T_5.15, 6;
    %pushi/vec4 0, 0, 7;
    %store/vec4 v0x55d83c903e20_0, 0, 7;
    %jmp T_5.17;
T_5.0 ;
    %pushi/vec4 63, 0, 7;
    %store/vec4 v0x55d83c903e20_0, 0, 7;
    %jmp T_5.17;
T_5.1 ;
    %pushi/vec4 6, 0, 7;
    %store/vec4 v0x55d83c903e20_0, 0, 7;
    %jmp T_5.17;
T_5.2 ;
    %pushi/vec4 91, 0, 7;
    %store/vec4 v0x55d83c903e20_0, 0, 7;
    %jmp T_5.17;
T_5.3 ;
    %pushi/vec4 79, 0, 7;
    %store/vec4 v0x55d83c903e20_0, 0, 7;
    %jmp T_5.17;
T_5.4 ;
    %pushi/vec4 102, 0, 7;
    %store/vec4 v0x55d83c903e20_0, 0, 7;
    %jmp T_5.17;
T_5.5 ;
    %pushi/vec4 109, 0, 7;
    %store/vec4 v0x55d83c903e20_0, 0, 7;
    %jmp T_5.17;
T_5.6 ;
    %pushi/vec4 125, 0, 7;
    %store/vec4 v0x55d83c903e20_0, 0, 7;
    %jmp T_5.17;
T_5.7 ;
    %pushi/vec4 7, 0, 7;
    %store/vec4 v0x55d83c903e20_0, 0, 7;
    %jmp T_5.17;
T_5.8 ;
    %pushi/vec4 127, 0, 7;
    %store/vec4 v0x55d83c903e20_0, 0, 7;
    %jmp T_5.17;
T_5.9 ;
    %pushi/vec4 111, 0, 7;
    %store/vec4 v0x55d83c903e20_0, 0, 7;
    %jmp T_5.17;
T_5.10 ;
    %pushi/vec4 119, 0, 7;
    %store/vec4 v0x55d83c903e20_0, 0, 7;
    %jmp T_5.17;
T_5.11 ;
    %pushi/vec4 124, 0, 7;
    %store/vec4 v0x55d83c903e20_0, 0, 7;
    %jmp T_5.17;
T_5.12 ;
    %pushi/vec4 57, 0, 7;
    %store/vec4 v0x55d83c903e20_0, 0, 7;
    %jmp T_5.17;
T_5.13 ;
    %pushi/vec4 94, 0, 7;
    %store/vec4 v0x55d83c903e20_0, 0, 7;
    %jmp T_5.17;
T_5.14 ;
    %pushi/vec4 121, 0, 7;
    %store/vec4 v0x55d83c903e20_0, 0, 7;
    %jmp T_5.17;
T_5.15 ;
    %pushi/vec4 113, 0, 7;
    %store/vec4 v0x55d83c903e20_0, 0, 7;
    %jmp T_5.17;
T_5.17 ;
    %pop/vec4 1;
    %jmp T_5;
    .thread T_5, $push;
    .scope S_0x55d83c903f40;
T_6 ;
    %wait E_0x55d83c8acda0;
    %load/vec4 v0x55d83c904db0_0;
    %nor/r;
    %flag_set/vec4 8;
    %jmp/0xz  T_6.0, 8;
    %pushi/vec4 0, 0, 4;
    %assign/vec4 v0x55d83c904b70_0, 0;
    %jmp T_6.1;
T_6.0 ;
    %load/vec4 v0x55d83c904c50_0;
    %flag_set/vec4 8;
    %jmp/0xz  T_6.2, 8;
    %load/vec4 v0x55d83c904e50_0;
    %flag_set/vec4 8;
    %jmp/0xz  T_6.4, 8;
    %load/vec4 v0x55d83c904b70_0;
    %pad/u 32;
    %cmpi/e 3, 0, 32;
    %jmp/0xz  T_6.6, 4;
    %pushi/vec4 0, 0, 4;
    %assign/vec4 v0x55d83c904b70_0, 0;
    %jmp T_6.7;
T_6.6 ;
    %load/vec4 v0x55d83c904b70_0;
    %addi 1, 0, 4;
    %assign/vec4 v0x55d83c904b70_0, 0;
T_6.7 ;
    %jmp T_6.5;
T_6.4 ;
    %load/vec4 v0x55d83c904b70_0;
    %cmpi/e 0, 0, 4;
    %jmp/0xz  T_6.8, 4;
    %pushi/vec4 3, 0, 4;
    %assign/vec4 v0x55d83c904b70_0, 0;
    %jmp T_6.9;
T_6.8 ;
    %load/vec4 v0x55d83c904b70_0;
    %subi 1, 0, 4;
    %assign/vec4 v0x55d83c904b70_0, 0;
T_6.9 ;
T_6.5 ;
T_6.2 ;
T_6.1 ;
    %jmp T_6;
    .thread T_6;
    .scope S_0x55d83c904ff0;
T_7 ;
    %wait E_0x55d83c8acda0;
    %load/vec4 v0x55d83c905ed0_0;
    %nor/r;
    %flag_set/vec4 8;
    %jmp/0xz  T_7.0, 8;
    %pushi/vec4 0, 0, 3;
    %assign/vec4 v0x55d83c905c70_0, 0;
    %jmp T_7.1;
T_7.0 ;
    %load/vec4 v0x55d83c905d50_0;
    %flag_set/vec4 8;
    %jmp/0xz  T_7.2, 8;
    %load/vec4 v0x55d83c906000_0;
    %flag_set/vec4 8;
    %jmp/0xz  T_7.4, 8;
    %load/vec4 v0x55d83c905c70_0;
    %pad/u 32;
    %cmpi/e 1, 0, 32;
    %jmp/0xz  T_7.6, 4;
    %pushi/vec4 0, 0, 3;
    %assign/vec4 v0x55d83c905c70_0, 0;
    %jmp T_7.7;
T_7.6 ;
    %load/vec4 v0x55d83c905c70_0;
    %addi 1, 0, 3;
    %assign/vec4 v0x55d83c905c70_0, 0;
T_7.7 ;
    %jmp T_7.5;
T_7.4 ;
    %load/vec4 v0x55d83c905c70_0;
    %cmpi/e 0, 0, 3;
    %jmp/0xz  T_7.8, 4;
    %pushi/vec4 1, 0, 3;
    %assign/vec4 v0x55d83c905c70_0, 0;
    %jmp T_7.9;
T_7.8 ;
    %load/vec4 v0x55d83c905c70_0;
    %subi 1, 0, 3;
    %assign/vec4 v0x55d83c905c70_0, 0;
T_7.9 ;
T_7.5 ;
T_7.2 ;
T_7.1 ;
    %jmp T_7;
    .thread T_7;
    .scope S_0x55d83c9061c0;
T_8 ;
    %wait E_0x55d83c8acda0;
    %load/vec4 v0x55d83c9069d0_0;
    %nor/r;
    %flag_set/vec4 8;
    %jmp/0xz  T_8.0, 8;
    %pushi/vec4 0, 0, 2;
    %assign/vec4 v0x55d83c906700_0, 0;
    %pushi/vec4 127, 0, 7;
    %assign/vec4 v0x55d83c906a70_0, 0;
    %pushi/vec4 7, 0, 3;
    %assign/vec4 v0x55d83c906620_0, 0;
    %jmp T_8.1;
T_8.0 ;
    %load/vec4 v0x55d83c906930_0;
    %flag_set/vec4 8;
    %jmp/0xz  T_8.2, 8;
    %load/vec4 v0x55d83c906700_0;
    %pad/u 32;
    %cmpi/e 2, 0, 32;
    %jmp/0xz  T_8.4, 4;
    %pushi/vec4 0, 0, 2;
    %assign/vec4 v0x55d83c906700_0, 0;
    %jmp T_8.5;
T_8.4 ;
    %load/vec4 v0x55d83c906700_0;
    %addi 1, 0, 2;
    %assign/vec4 v0x55d83c906700_0, 0;
T_8.5 ;
T_8.2 ;
    %load/vec4 v0x55d83c906700_0;
    %pad/u 4;
    %ix/vec4 4;
    %load/vec4a v0x55d83c9067f0, 4;
    %assign/vec4 v0x55d83c906a70_0, 0;
    %pushi/vec4 1, 0, 3;
    %ix/getv 4, v0x55d83c906700_0;
    %shiftl 4;
    %inv;
    %assign/vec4 v0x55d83c906620_0, 0;
T_8.1 ;
    %jmp T_8;
    .thread T_8;
    .scope S_0x55d83c8ced80;
T_9 ;
Ewait_3 .event/or E_0x55d83c8ad5d0, E_0x0;
    %wait Ewait_3;
    %load/vec4 v0x55d83c906d40_0;
    %flag_set/vec4 8;
    %jmp/0xz  T_9.0, 8;
    %pushi/vec4 0, 0, 1;
    %store/vec4 v0x55d83c907150_0, 0, 1;
    %pushi/vec4 0, 0, 5;
    %store/vec4 v0x55d83c907450_0, 0, 5;
    %jmp T_9.1;
T_9.0 ;
    %pushi/vec4 1, 0, 1;
    %store/vec4 v0x55d83c907150_0, 0, 1;
    %pushi/vec4 31, 0, 5;
    %store/vec4 v0x55d83c907450_0, 0, 5;
T_9.1 ;
    %jmp T_9;
    .thread T_9, $push;
    .scope S_0x55d83c8dad40;
T_10 ;
    %pushi/vec4 0, 0, 1;
    %store/vec4 v0x55d83c907d00_0, 0, 1;
    %end;
    .thread T_10;
    .scope S_0x55d83c8dad40;
T_11 ;
    %delay 5000, 0;
    %load/vec4 v0x55d83c907d00_0;
    %inv;
    %store/vec4 v0x55d83c907d00_0, 0, 1;
    %jmp T_11;
    .thread T_11;
    .scope S_0x55d83c8dad40;
T_12 ;
    %vpi_call/w 3 39 "$dumpfile", "wave.vcd" {0 0 0};
    %vpi_call/w 3 40 "$dumpvars", 32'sb00000000000000000000000000000000, S_0x55d83c8dad40 {0 0 0};
    %pushi/vec4 0, 0, 1;
    %store/vec4 v0x55d83c9080f0_0, 0, 1;
    %pushi/vec4 0, 0, 1;
    %store/vec4 v0x55d83c907e70_0, 0, 1;
    %pushi/vec4 0, 0, 1;
    %store/vec4 v0x55d83c907c40_0, 0, 1;
    %pushi/vec4 3, 0, 32;
T_12.0 %dup/vec4;
    %pushi/vec4 0, 0, 32;
    %cmp/s;
    %jmp/1xz T_12.1, 5;
    %jmp/1 T_12.1, 4;
    %pushi/vec4 1, 0, 32;
    %sub;
    %wait E_0x55d83c8acda0;
    %jmp T_12.0;
T_12.1 ;
    %pop/vec4 1;
    %pushi/vec4 1, 0, 1;
    %store/vec4 v0x55d83c9080f0_0, 0, 1;
    %pushi/vec4 1, 0, 1;
    %store/vec4 v0x55d83c907e70_0, 0, 1;
    %pushi/vec4 500, 0, 32;
T_12.2 %dup/vec4;
    %pushi/vec4 0, 0, 32;
    %cmp/s;
    %jmp/1xz T_12.3, 5;
    %jmp/1 T_12.3, 4;
    %pushi/vec4 1, 0, 32;
    %sub;
    %wait E_0x55d83c8acda0;
    %jmp T_12.2;
T_12.3 ;
    %pop/vec4 1;
    %pushi/vec4 600, 0, 32;
T_12.4 %dup/vec4;
    %pushi/vec4 0, 0, 32;
    %cmp/s;
    %jmp/1xz T_12.5, 5;
    %jmp/1 T_12.5, 4;
    %pushi/vec4 1, 0, 32;
    %sub;
    %wait E_0x55d83c8acda0;
    %jmp T_12.4;
T_12.5 ;
    %pop/vec4 1;
    %vpi_call/w 3 59 "$finish" {0 0 0};
    %end;
    .thread T_12;
# The file index is used to find the file name in the following table.
:file_names 8;
    "N/A";
    "<interactive>";
    "-";
    "top_module_tb.sv";
    "top_module.sv";
    "modules/counter.sv";
    "modules/seg7_dec.sv";
    "modules/sevenseg_mux.sv";
