#! /usr/bin/vvp
:ivl_version "12.0 (stable)";
:ivl_delay_selection "TYPICAL";
:vpi_time_precision - 12;
:vpi_module "/usr/lib/x86_64-linux-gnu/ivl/system.vpi";
:vpi_module "/usr/lib/x86_64-linux-gnu/ivl/vhdl_sys.vpi";
:vpi_module "/usr/lib/x86_64-linux-gnu/ivl/vhdl_textio.vpi";
:vpi_module "/usr/lib/x86_64-linux-gnu/ivl/v2005_math.vpi";
:vpi_module "/usr/lib/x86_64-linux-gnu/ivl/va_math.vpi";
:vpi_module "/usr/lib/x86_64-linux-gnu/ivl/v2009.vpi";
S_0x563dff3f38f0 .scope package, "$unit" "$unit" 2 1;
 .timescale 0 0;
S_0x563dff3f7550 .scope module, "top_module_tb" "top_module_tb" 3 3;
 .timescale -9 -12;
v0x563dff449100_0 .net "an", 1 0, v0x563dff447510_0;  1 drivers
v0x563dff449230_0 .var "cathod", 0 0;
v0x563dff449340_0 .var "clk", 0 0;
v0x563dff4493e0_0 .var "lasers", 1 0;
v0x563dff449480_0 .var "rst", 0 0;
v0x563dff449570_0 .net "seg", 6 0, v0x563dff447a70_0;  1 drivers
S_0x563dff3f76e0 .scope module, "dut" "top_module" 3 18, 4 1 0, S_0x563dff3f7550;
 .timescale -9 -12;
    .port_info 0 /INPUT 1 "clk";
    .port_info 1 /INPUT 1 "rst";
    .port_info 2 /INPUT 1 "cathod";
    .port_info 3 /INPUT 2 "lasers";
    .port_info 4 /OUTPUT 7 "seg";
    .port_info 5 /OUTPUT 2 "an";
    .port_info 6 /OUTPUT 1 "dp";
    .port_info 7 /OUTPUT 6 "other_an";
P_0x563dff422760 .param/l "MAX_VALUE_cnt" 1 4 31, C4<1000>;
P_0x563dff4227a0 .param/l "MAX_VALUE_refresh" 1 4 28, C4<010>;
P_0x563dff4227e0 .param/l "N_cnt" 1 4 30, +C4<00000000000000000000000000000100>;
P_0x563dff422820 .param/l "N_refresh" 1 4 27, +C4<00000000000000000000000000000011>;
v0x563dff447ee0_0 .net "an", 1 0, v0x563dff447510_0;  alias, 1 drivers
v0x563dff447ff0_0 .net "cathod", 0 0, v0x563dff449230_0;  1 drivers
v0x563dff4480c0_0 .net "clk", 0 0, v0x563dff449340_0;  1 drivers
v0x563dff448190_0 .var "cnt_car", 0 0;
v0x563dff448230_0 .var "down", 0 0;
v0x563dff4482d0_0 .var "dp", 0 0;
v0x563dff448370_0 .net "lasers", 1 0, v0x563dff4493e0_0;  1 drivers
v0x563dff448430_0 .var "nxt_state_1", 1 0;
v0x563dff448510_0 .var "nxt_state_2", 1 0;
v0x563dff448680_0 .var "other_an", 5 0;
v0x563dff448760_0 .net "rst", 0 0, v0x563dff449480_0;  1 drivers
v0x563dff448800_0 .net "seg", 6 0, v0x563dff447a70_0;  alias, 1 drivers
v0x563dff4488c0_0 .net "seg_refresh", 0 0, L_0x563dff3e9950;  1 drivers
v0x563dff448960_0 .var "state_1", 1 0;
v0x563dff448a20_0 .var "state_2", 1 0;
v0x563dff448b00_0 .net "tens", 3 0, v0x563dff445d30_0;  1 drivers
v0x563dff448bc0_0 .net "tens_seg", 6 0, v0x563dff446b70_0;  1 drivers
v0x563dff448de0_0 .net "units", 3 0, v0x563dff444c90_0;  1 drivers
v0x563dff448ea0_0 .net "units_seg", 6 0, v0x563dff447080_0;  1 drivers
E_0x563dff3ed5d0 .event anyedge, v0x563dff447610_0;
E_0x563dff3b4090 .event anyedge, v0x563dff448a20_0, v0x563dff448370_0, v0x563dff448370_0;
E_0x563dff3ecda0 .event anyedge, v0x563dff448960_0, v0x563dff448370_0, v0x563dff448370_0;
L_0x563dff45a6a0 .reduce/nor v0x563dff448230_0;
S_0x563dff3fc5d0 .scope module, "freq_div_refresh" "counter" 4 108, 5 2 0, S_0x563dff3f76e0;
 .timescale -9 -12;
    .port_info 0 /INPUT 1 "clk";
    .port_info 1 /INPUT 1 "rst_n";
    .port_info 2 /INPUT 1 "en";
    .port_info 3 /INPUT 1 "up";
    .port_info 4 /OUTPUT 3 "count";
    .port_info 5 /OUTPUT 1 "pulse";
P_0x563dff3db350 .param/l "MAX" 0 5 4, +C4<00000000000000000000000000000010>;
P_0x563dff3db390 .param/l "N" 0 5 3, +C4<00000000000000000000000000000011>;
L_0x7f309f8ad0f0 .functor BUFT 1, C4<1>, C4<0>, C4<0>, C4<0>;
L_0x563dff4257c0 .functor AND 1, L_0x7f309f8ad0f0, L_0x563dff459760, C4<1>, C4<1>;
L_0x563dff425c00 .functor AND 1, L_0x7f309f8ad0f0, L_0x563dff4598f0, C4<1>, C4<1>;
L_0x563dff3e9950 .functor BUFT 1, L_0x563dff4257c0, C4<0>, C4<0>, C4<0>;
v0x563dff426120_0 .net *"_ivl_0", 31 0, L_0x563dff449660;  1 drivers
L_0x7f309f8ad0a8 .functor BUFT 1, C4<000>, C4<0>, C4<0>, C4<0>;
v0x563dff4219f0_0 .net/2u *"_ivl_10", 2 0, L_0x7f309f8ad0a8;  1 drivers
v0x563dff41a580_0 .net *"_ivl_12", 0 0, L_0x563dff4598f0;  1 drivers
v0x563dff415f20_0 .net *"_ivl_15", 0 0, L_0x563dff425c00;  1 drivers
L_0x7f309f8ad018 .functor BUFT 1, C4<00000000000000000000000000000>, C4<0>, C4<0>, C4<0>;
v0x563dff3e9af0_0 .net *"_ivl_3", 28 0, L_0x7f309f8ad018;  1 drivers
L_0x7f309f8ad060 .functor BUFT 1, C4<00000000000000000000000000000010>, C4<0>, C4<0>, C4<0>;
v0x563dff3e4ac0_0 .net/2u *"_ivl_4", 31 0, L_0x7f309f8ad060;  1 drivers
v0x563dff443710_0 .net *"_ivl_6", 0 0, L_0x563dff459760;  1 drivers
v0x563dff4437d0_0 .net *"_ivl_9", 0 0, L_0x563dff4257c0;  1 drivers
v0x563dff443890_0 .net "clk", 0 0, v0x563dff449340_0;  alias, 1 drivers
v0x563dff443950_0 .var "count", 2 0;
v0x563dff443a30_0 .net "en", 0 0, L_0x7f309f8ad0f0;  1 drivers
v0x563dff443af0_0 .net "pulse", 0 0, L_0x563dff3e9950;  alias, 1 drivers
v0x563dff443bb0_0 .net "rst_n", 0 0, v0x563dff449480_0;  alias, 1 drivers
L_0x7f309f8ad138 .functor BUFT 1, C4<1>, C4<0>, C4<0>, C4<0>;
v0x563dff443c70_0 .net "up", 0 0, L_0x7f309f8ad138;  1 drivers
E_0x563dff3d7c10 .event posedge, v0x563dff443890_0;
L_0x563dff449660 .concat [ 3 29 0 0], v0x563dff443950_0, L_0x7f309f8ad018;
L_0x563dff459760 .cmp/eq 32, L_0x563dff449660, L_0x7f309f8ad060;
L_0x563dff4598f0 .cmp/eq 3, v0x563dff443950_0, L_0x7f309f8ad0a8;
S_0x563dff443df0 .scope module, "u_counter" "two_d_counter" 4 120, 6 3 0, S_0x563dff3f76e0;
 .timescale -9 -12;
    .port_info 0 /INPUT 1 "clk";
    .port_info 1 /INPUT 1 "rst";
    .port_info 2 /INPUT 1 "en";
    .port_info 3 /INPUT 1 "up";
    .port_info 4 /OUTPUT 4 "units";
    .port_info 5 /OUTPUT 4 "tens";
v0x563dff4461c0_0 .net "clk", 0 0, v0x563dff449340_0;  alias, 1 drivers
v0x563dff446280_0 .net "en", 0 0, v0x563dff448190_0;  1 drivers
v0x563dff446340_0 .net "rst", 0 0, v0x563dff449480_0;  alias, 1 drivers
v0x563dff446410_0 .net "tc_units", 0 0, L_0x563dff459f00;  1 drivers
v0x563dff446500_0 .net "tens", 3 0, v0x563dff445d30_0;  alias, 1 drivers
v0x563dff4465f0_0 .net "units", 3 0, v0x563dff444c90_0;  alias, 1 drivers
v0x563dff446690_0 .net "up", 0 0, L_0x563dff45a6a0;  1 drivers
S_0x563dff444040 .scope module, "cnt1" "counter" 6 15, 5 2 0, S_0x563dff443df0;
 .timescale -9 -12;
    .port_info 0 /INPUT 1 "clk";
    .port_info 1 /INPUT 1 "rst_n";
    .port_info 2 /INPUT 1 "en";
    .port_info 3 /INPUT 1 "up";
    .port_info 4 /OUTPUT 4 "count";
    .port_info 5 /OUTPUT 1 "pulse";
P_0x563dff444220 .param/l "MAX" 0 5 4, +C4<00000000000000000000000000001001>;
P_0x563dff444260 .param/l "N" 0 5 3, +C4<00000000000000000000000000000100>;
L_0x563dff425f80 .functor AND 1, v0x563dff448190_0, L_0x563dff459bf0, C4<1>, C4<1>;
L_0x563dff4218d0 .functor AND 1, v0x563dff448190_0, L_0x563dff459d80, C4<1>, C4<1>;
v0x563dff4444f0_0 .net *"_ivl_0", 31 0, L_0x563dff459b50;  1 drivers
L_0x7f309f8ad210 .functor BUFT 1, C4<0000>, C4<0>, C4<0>, C4<0>;
v0x563dff4445f0_0 .net/2u *"_ivl_10", 3 0, L_0x7f309f8ad210;  1 drivers
v0x563dff4446d0_0 .net *"_ivl_12", 0 0, L_0x563dff459d80;  1 drivers
v0x563dff4447a0_0 .net *"_ivl_15", 0 0, L_0x563dff4218d0;  1 drivers
L_0x7f309f8ad180 .functor BUFT 1, C4<0000000000000000000000000000>, C4<0>, C4<0>, C4<0>;
v0x563dff444860_0 .net *"_ivl_3", 27 0, L_0x7f309f8ad180;  1 drivers
L_0x7f309f8ad1c8 .functor BUFT 1, C4<00000000000000000000000000001001>, C4<0>, C4<0>, C4<0>;
v0x563dff444990_0 .net/2u *"_ivl_4", 31 0, L_0x7f309f8ad1c8;  1 drivers
v0x563dff444a70_0 .net *"_ivl_6", 0 0, L_0x563dff459bf0;  1 drivers
v0x563dff444b30_0 .net *"_ivl_9", 0 0, L_0x563dff425f80;  1 drivers
v0x563dff444bf0_0 .net "clk", 0 0, v0x563dff449340_0;  alias, 1 drivers
v0x563dff444c90_0 .var "count", 3 0;
v0x563dff444d50_0 .net "en", 0 0, v0x563dff448190_0;  alias, 1 drivers
v0x563dff444e10_0 .net "pulse", 0 0, L_0x563dff459f00;  alias, 1 drivers
v0x563dff444ed0_0 .net "rst_n", 0 0, v0x563dff449480_0;  alias, 1 drivers
v0x563dff444fa0_0 .net "up", 0 0, L_0x563dff45a6a0;  alias, 1 drivers
L_0x563dff459b50 .concat [ 4 28 0 0], v0x563dff444c90_0, L_0x7f309f8ad180;
L_0x563dff459bf0 .cmp/eq 32, L_0x563dff459b50, L_0x7f309f8ad1c8;
L_0x563dff459d80 .cmp/eq 4, v0x563dff444c90_0, L_0x7f309f8ad210;
L_0x563dff459f00 .functor MUXZ 1, L_0x563dff4218d0, L_0x563dff425f80, L_0x563dff45a6a0, C4<>;
S_0x563dff445140 .scope module, "cnt2" "counter" 6 25, 5 2 0, S_0x563dff443df0;
 .timescale -9 -12;
    .port_info 0 /INPUT 1 "clk";
    .port_info 1 /INPUT 1 "rst_n";
    .port_info 2 /INPUT 1 "en";
    .port_info 3 /INPUT 1 "up";
    .port_info 4 /OUTPUT 4 "count";
    .port_info 5 /OUTPUT 1 "pulse";
P_0x563dff4452f0 .param/l "MAX" 0 5 4, +C4<00000000000000000000000000001001>;
P_0x563dff445330 .param/l "N" 0 5 3, +C4<00000000000000000000000000000100>;
L_0x563dff41a420 .functor AND 1, L_0x563dff459f00, L_0x563dff45a230, C4<1>, C4<1>;
L_0x563dff415d80 .functor AND 1, L_0x563dff459f00, L_0x563dff45a3b0, C4<1>, C4<1>;
v0x563dff4455b0_0 .net *"_ivl_0", 31 0, L_0x563dff45a070;  1 drivers
L_0x7f309f8ad2e8 .functor BUFT 1, C4<0000>, C4<0>, C4<0>, C4<0>;
v0x563dff445690_0 .net/2u *"_ivl_10", 3 0, L_0x7f309f8ad2e8;  1 drivers
v0x563dff445770_0 .net *"_ivl_12", 0 0, L_0x563dff45a3b0;  1 drivers
v0x563dff445840_0 .net *"_ivl_15", 0 0, L_0x563dff415d80;  1 drivers
L_0x7f309f8ad258 .functor BUFT 1, C4<0000000000000000000000000000>, C4<0>, C4<0>, C4<0>;
v0x563dff445900_0 .net *"_ivl_3", 27 0, L_0x7f309f8ad258;  1 drivers
L_0x7f309f8ad2a0 .functor BUFT 1, C4<00000000000000000000000000001001>, C4<0>, C4<0>, C4<0>;
v0x563dff445a30_0 .net/2u *"_ivl_4", 31 0, L_0x7f309f8ad2a0;  1 drivers
v0x563dff445b10_0 .net *"_ivl_6", 0 0, L_0x563dff45a230;  1 drivers
v0x563dff445bd0_0 .net *"_ivl_9", 0 0, L_0x563dff41a420;  1 drivers
v0x563dff445c90_0 .net "clk", 0 0, v0x563dff449340_0;  alias, 1 drivers
v0x563dff445d30_0 .var "count", 3 0;
v0x563dff445e10_0 .net "en", 0 0, L_0x563dff459f00;  alias, 1 drivers
v0x563dff445eb0_0 .net "pulse", 0 0, L_0x563dff45a4f0;  1 drivers
v0x563dff445f50_0 .net "rst_n", 0 0, v0x563dff449480_0;  alias, 1 drivers
v0x563dff446040_0 .net "up", 0 0, L_0x563dff45a6a0;  alias, 1 drivers
L_0x563dff45a070 .concat [ 4 28 0 0], v0x563dff445d30_0, L_0x7f309f8ad258;
L_0x563dff45a230 .cmp/eq 32, L_0x563dff45a070, L_0x7f309f8ad2a0;
L_0x563dff45a3b0 .cmp/eq 4, v0x563dff445d30_0, L_0x7f309f8ad2e8;
L_0x563dff45a4f0 .functor MUXZ 1, L_0x563dff415d80, L_0x563dff41a420, L_0x563dff45a6a0, C4<>;
S_0x563dff4467e0 .scope module, "u_dec_tens" "seg7_dec" 4 135, 7 2 0, S_0x563dff3f76e0;
 .timescale -9 -12;
    .port_info 0 /INPUT 4 "bin_in";
    .port_info 1 /OUTPUT 7 "seg_out";
v0x563dff446a40_0 .net "bin_in", 3 0, v0x563dff445d30_0;  alias, 1 drivers
v0x563dff446b70_0 .var "seg_out", 6 0;
E_0x563dff4469c0 .event anyedge, v0x563dff445d30_0;
S_0x563dff446cb0 .scope module, "u_dec_units" "seg7_dec" 4 130, 7 2 0, S_0x563dff3f76e0;
 .timescale -9 -12;
    .port_info 0 /INPUT 4 "bin_in";
    .port_info 1 /OUTPUT 7 "seg_out";
v0x563dff446f50_0 .net "bin_in", 3 0, v0x563dff444c90_0;  alias, 1 drivers
v0x563dff447080_0 .var "seg_out", 6 0;
E_0x563dff446ed0 .event anyedge, v0x563dff444c90_0;
S_0x563dff4471c0 .scope module, "u_mux" "sevenseg_mux" 4 141, 8 2 0, S_0x563dff3f76e0;
 .timescale -9 -12;
    .port_info 0 /INPUT 1 "clk";
    .port_info 1 /INPUT 1 "rst";
    .port_info 2 /INPUT 1 "en";
    .port_info 3 /INPUT 1 "cathod";
    .port_info 4 /INPUT 7 "tens_seg";
    .port_info 5 /INPUT 7 "units_seg";
    .port_info 6 /OUTPUT 7 "seg_out";
    .port_info 7 /OUTPUT 2 "an";
v0x563dff447510_0 .var "an", 1 0;
v0x563dff447610_0 .net "cathod", 0 0, v0x563dff449230_0;  alias, 1 drivers
v0x563dff4476d0_0 .net "clk", 0 0, v0x563dff449340_0;  alias, 1 drivers
v0x563dff447800_0 .net "en", 0 0, L_0x563dff3e9950;  alias, 1 drivers
v0x563dff4478a0_0 .var "raw_seg", 6 0;
v0x563dff447940_0 .net "rst", 0 0, v0x563dff449480_0;  alias, 1 drivers
v0x563dff447a70_0 .var "seg_out", 6 0;
v0x563dff447b50_0 .var "sel_digit", 0 0;
v0x563dff447c10_0 .net "tens_seg", 6 0, v0x563dff446b70_0;  alias, 1 drivers
v0x563dff447d60_0 .net "units_seg", 6 0, v0x563dff447080_0;  alias, 1 drivers
E_0x563dff447440 .event anyedge, v0x563dff447610_0, v0x563dff4478a0_0;
E_0x563dff4474a0 .event anyedge, v0x563dff447b50_0, v0x563dff447610_0, v0x563dff447080_0, v0x563dff446b70_0;
    .scope S_0x563dff3fc5d0;
T_0 ;
    %wait E_0x563dff3d7c10;
    %load/vec4 v0x563dff443bb0_0;
    %nor/r;
    %flag_set/vec4 8;
    %jmp/0xz  T_0.0, 8;
    %pushi/vec4 0, 0, 3;
    %assign/vec4 v0x563dff443950_0, 0;
    %jmp T_0.1;
T_0.0 ;
    %load/vec4 v0x563dff443a30_0;
    %flag_set/vec4 8;
    %jmp/0xz  T_0.2, 8;
    %load/vec4 v0x563dff443c70_0;
    %flag_set/vec4 8;
    %jmp/0xz  T_0.4, 8;
    %load/vec4 v0x563dff443950_0;
    %pad/u 32;
    %cmpi/e 2, 0, 32;
    %jmp/0xz  T_0.6, 4;
    %pushi/vec4 0, 0, 3;
    %assign/vec4 v0x563dff443950_0, 0;
    %jmp T_0.7;
T_0.6 ;
    %load/vec4 v0x563dff443950_0;
    %addi 1, 0, 3;
    %assign/vec4 v0x563dff443950_0, 0;
T_0.7 ;
    %jmp T_0.5;
T_0.4 ;
    %load/vec4 v0x563dff443950_0;
    %cmpi/e 0, 0, 3;
    %jmp/0xz  T_0.8, 4;
    %pushi/vec4 2, 0, 3;
    %assign/vec4 v0x563dff443950_0, 0;
    %jmp T_0.9;
T_0.8 ;
    %load/vec4 v0x563dff443950_0;
    %subi 1, 0, 3;
    %assign/vec4 v0x563dff443950_0, 0;
T_0.9 ;
T_0.5 ;
T_0.2 ;
T_0.1 ;
    %jmp T_0;
    .thread T_0;
    .scope S_0x563dff444040;
T_1 ;
    %wait E_0x563dff3d7c10;
    %load/vec4 v0x563dff444ed0_0;
    %nor/r;
    %flag_set/vec4 8;
    %jmp/0xz  T_1.0, 8;
    %pushi/vec4 0, 0, 4;
    %assign/vec4 v0x563dff444c90_0, 0;
    %jmp T_1.1;
T_1.0 ;
    %load/vec4 v0x563dff444d50_0;
    %flag_set/vec4 8;
    %jmp/0xz  T_1.2, 8;
    %load/vec4 v0x563dff444fa0_0;
    %flag_set/vec4 8;
    %jmp/0xz  T_1.4, 8;
    %load/vec4 v0x563dff444c90_0;
    %pad/u 32;
    %cmpi/e 9, 0, 32;
    %jmp/0xz  T_1.6, 4;
    %pushi/vec4 0, 0, 4;
    %assign/vec4 v0x563dff444c90_0, 0;
    %jmp T_1.7;
T_1.6 ;
    %load/vec4 v0x563dff444c90_0;
    %addi 1, 0, 4;
    %assign/vec4 v0x563dff444c90_0, 0;
T_1.7 ;
    %jmp T_1.5;
T_1.4 ;
    %load/vec4 v0x563dff444c90_0;
    %cmpi/e 0, 0, 4;
    %jmp/0xz  T_1.8, 4;
    %pushi/vec4 9, 0, 4;
    %assign/vec4 v0x563dff444c90_0, 0;
    %jmp T_1.9;
T_1.8 ;
    %load/vec4 v0x563dff444c90_0;
    %subi 1, 0, 4;
    %assign/vec4 v0x563dff444c90_0, 0;
T_1.9 ;
T_1.5 ;
T_1.2 ;
T_1.1 ;
    %jmp T_1;
    .thread T_1;
    .scope S_0x563dff445140;
T_2 ;
    %wait E_0x563dff3d7c10;
    %load/vec4 v0x563dff445f50_0;
    %nor/r;
    %flag_set/vec4 8;
    %jmp/0xz  T_2.0, 8;
    %pushi/vec4 0, 0, 4;
    %assign/vec4 v0x563dff445d30_0, 0;
    %jmp T_2.1;
T_2.0 ;
    %load/vec4 v0x563dff445e10_0;
    %flag_set/vec4 8;
    %jmp/0xz  T_2.2, 8;
    %load/vec4 v0x563dff446040_0;
    %flag_set/vec4 8;
    %jmp/0xz  T_2.4, 8;
    %load/vec4 v0x563dff445d30_0;
    %pad/u 32;
    %cmpi/e 9, 0, 32;
    %jmp/0xz  T_2.6, 4;
    %pushi/vec4 0, 0, 4;
    %assign/vec4 v0x563dff445d30_0, 0;
    %jmp T_2.7;
T_2.6 ;
    %load/vec4 v0x563dff445d30_0;
    %addi 1, 0, 4;
    %assign/vec4 v0x563dff445d30_0, 0;
T_2.7 ;
    %jmp T_2.5;
T_2.4 ;
    %load/vec4 v0x563dff445d30_0;
    %cmpi/e 0, 0, 4;
    %jmp/0xz  T_2.8, 4;
    %pushi/vec4 9, 0, 4;
    %assign/vec4 v0x563dff445d30_0, 0;
    %jmp T_2.9;
T_2.8 ;
    %load/vec4 v0x563dff445d30_0;
    %subi 1, 0, 4;
    %assign/vec4 v0x563dff445d30_0, 0;
T_2.9 ;
T_2.5 ;
T_2.2 ;
T_2.1 ;
    %jmp T_2;
    .thread T_2;
    .scope S_0x563dff446cb0;
T_3 ;
Ewait_0 .event/or E_0x563dff446ed0, E_0x0;
    %wait Ewait_0;
    %load/vec4 v0x563dff446f50_0;
    %dup/vec4;
    %pushi/vec4 0, 0, 4;
    %cmp/u;
    %jmp/1 T_3.0, 6;
    %dup/vec4;
    %pushi/vec4 1, 0, 4;
    %cmp/u;
    %jmp/1 T_3.1, 6;
    %dup/vec4;
    %pushi/vec4 2, 0, 4;
    %cmp/u;
    %jmp/1 T_3.2, 6;
    %dup/vec4;
    %pushi/vec4 3, 0, 4;
    %cmp/u;
    %jmp/1 T_3.3, 6;
    %dup/vec4;
    %pushi/vec4 4, 0, 4;
    %cmp/u;
    %jmp/1 T_3.4, 6;
    %dup/vec4;
    %pushi/vec4 5, 0, 4;
    %cmp/u;
    %jmp/1 T_3.5, 6;
    %dup/vec4;
    %pushi/vec4 6, 0, 4;
    %cmp/u;
    %jmp/1 T_3.6, 6;
    %dup/vec4;
    %pushi/vec4 7, 0, 4;
    %cmp/u;
    %jmp/1 T_3.7, 6;
    %dup/vec4;
    %pushi/vec4 8, 0, 4;
    %cmp/u;
    %jmp/1 T_3.8, 6;
    %dup/vec4;
    %pushi/vec4 9, 0, 4;
    %cmp/u;
    %jmp/1 T_3.9, 6;
    %dup/vec4;
    %pushi/vec4 10, 0, 4;
    %cmp/u;
    %jmp/1 T_3.10, 6;
    %dup/vec4;
    %pushi/vec4 11, 0, 4;
    %cmp/u;
    %jmp/1 T_3.11, 6;
    %dup/vec4;
    %pushi/vec4 12, 0, 4;
    %cmp/u;
    %jmp/1 T_3.12, 6;
    %dup/vec4;
    %pushi/vec4 13, 0, 4;
    %cmp/u;
    %jmp/1 T_3.13, 6;
    %dup/vec4;
    %pushi/vec4 14, 0, 4;
    %cmp/u;
    %jmp/1 T_3.14, 6;
    %dup/vec4;
    %pushi/vec4 15, 0, 4;
    %cmp/u;
    %jmp/1 T_3.15, 6;
    %pushi/vec4 0, 0, 7;
    %store/vec4 v0x563dff447080_0, 0, 7;
    %jmp T_3.17;
T_3.0 ;
    %pushi/vec4 63, 0, 7;
    %store/vec4 v0x563dff447080_0, 0, 7;
    %jmp T_3.17;
T_3.1 ;
    %pushi/vec4 6, 0, 7;
    %store/vec4 v0x563dff447080_0, 0, 7;
    %jmp T_3.17;
T_3.2 ;
    %pushi/vec4 91, 0, 7;
    %store/vec4 v0x563dff447080_0, 0, 7;
    %jmp T_3.17;
T_3.3 ;
    %pushi/vec4 79, 0, 7;
    %store/vec4 v0x563dff447080_0, 0, 7;
    %jmp T_3.17;
T_3.4 ;
    %pushi/vec4 102, 0, 7;
    %store/vec4 v0x563dff447080_0, 0, 7;
    %jmp T_3.17;
T_3.5 ;
    %pushi/vec4 109, 0, 7;
    %store/vec4 v0x563dff447080_0, 0, 7;
    %jmp T_3.17;
T_3.6 ;
    %pushi/vec4 125, 0, 7;
    %store/vec4 v0x563dff447080_0, 0, 7;
    %jmp T_3.17;
T_3.7 ;
    %pushi/vec4 7, 0, 7;
    %store/vec4 v0x563dff447080_0, 0, 7;
    %jmp T_3.17;
T_3.8 ;
    %pushi/vec4 127, 0, 7;
    %store/vec4 v0x563dff447080_0, 0, 7;
    %jmp T_3.17;
T_3.9 ;
    %pushi/vec4 111, 0, 7;
    %store/vec4 v0x563dff447080_0, 0, 7;
    %jmp T_3.17;
T_3.10 ;
    %pushi/vec4 119, 0, 7;
    %store/vec4 v0x563dff447080_0, 0, 7;
    %jmp T_3.17;
T_3.11 ;
    %pushi/vec4 124, 0, 7;
    %store/vec4 v0x563dff447080_0, 0, 7;
    %jmp T_3.17;
T_3.12 ;
    %pushi/vec4 57, 0, 7;
    %store/vec4 v0x563dff447080_0, 0, 7;
    %jmp T_3.17;
T_3.13 ;
    %pushi/vec4 94, 0, 7;
    %store/vec4 v0x563dff447080_0, 0, 7;
    %jmp T_3.17;
T_3.14 ;
    %pushi/vec4 121, 0, 7;
    %store/vec4 v0x563dff447080_0, 0, 7;
    %jmp T_3.17;
T_3.15 ;
    %pushi/vec4 113, 0, 7;
    %store/vec4 v0x563dff447080_0, 0, 7;
    %jmp T_3.17;
T_3.17 ;
    %pop/vec4 1;
    %jmp T_3;
    .thread T_3, $push;
    .scope S_0x563dff4467e0;
T_4 ;
Ewait_1 .event/or E_0x563dff4469c0, E_0x0;
    %wait Ewait_1;
    %load/vec4 v0x563dff446a40_0;
    %dup/vec4;
    %pushi/vec4 0, 0, 4;
    %cmp/u;
    %jmp/1 T_4.0, 6;
    %dup/vec4;
    %pushi/vec4 1, 0, 4;
    %cmp/u;
    %jmp/1 T_4.1, 6;
    %dup/vec4;
    %pushi/vec4 2, 0, 4;
    %cmp/u;
    %jmp/1 T_4.2, 6;
    %dup/vec4;
    %pushi/vec4 3, 0, 4;
    %cmp/u;
    %jmp/1 T_4.3, 6;
    %dup/vec4;
    %pushi/vec4 4, 0, 4;
    %cmp/u;
    %jmp/1 T_4.4, 6;
    %dup/vec4;
    %pushi/vec4 5, 0, 4;
    %cmp/u;
    %jmp/1 T_4.5, 6;
    %dup/vec4;
    %pushi/vec4 6, 0, 4;
    %cmp/u;
    %jmp/1 T_4.6, 6;
    %dup/vec4;
    %pushi/vec4 7, 0, 4;
    %cmp/u;
    %jmp/1 T_4.7, 6;
    %dup/vec4;
    %pushi/vec4 8, 0, 4;
    %cmp/u;
    %jmp/1 T_4.8, 6;
    %dup/vec4;
    %pushi/vec4 9, 0, 4;
    %cmp/u;
    %jmp/1 T_4.9, 6;
    %dup/vec4;
    %pushi/vec4 10, 0, 4;
    %cmp/u;
    %jmp/1 T_4.10, 6;
    %dup/vec4;
    %pushi/vec4 11, 0, 4;
    %cmp/u;
    %jmp/1 T_4.11, 6;
    %dup/vec4;
    %pushi/vec4 12, 0, 4;
    %cmp/u;
    %jmp/1 T_4.12, 6;
    %dup/vec4;
    %pushi/vec4 13, 0, 4;
    %cmp/u;
    %jmp/1 T_4.13, 6;
    %dup/vec4;
    %pushi/vec4 14, 0, 4;
    %cmp/u;
    %jmp/1 T_4.14, 6;
    %dup/vec4;
    %pushi/vec4 15, 0, 4;
    %cmp/u;
    %jmp/1 T_4.15, 6;
    %pushi/vec4 0, 0, 7;
    %store/vec4 v0x563dff446b70_0, 0, 7;
    %jmp T_4.17;
T_4.0 ;
    %pushi/vec4 63, 0, 7;
    %store/vec4 v0x563dff446b70_0, 0, 7;
    %jmp T_4.17;
T_4.1 ;
    %pushi/vec4 6, 0, 7;
    %store/vec4 v0x563dff446b70_0, 0, 7;
    %jmp T_4.17;
T_4.2 ;
    %pushi/vec4 91, 0, 7;
    %store/vec4 v0x563dff446b70_0, 0, 7;
    %jmp T_4.17;
T_4.3 ;
    %pushi/vec4 79, 0, 7;
    %store/vec4 v0x563dff446b70_0, 0, 7;
    %jmp T_4.17;
T_4.4 ;
    %pushi/vec4 102, 0, 7;
    %store/vec4 v0x563dff446b70_0, 0, 7;
    %jmp T_4.17;
T_4.5 ;
    %pushi/vec4 109, 0, 7;
    %store/vec4 v0x563dff446b70_0, 0, 7;
    %jmp T_4.17;
T_4.6 ;
    %pushi/vec4 125, 0, 7;
    %store/vec4 v0x563dff446b70_0, 0, 7;
    %jmp T_4.17;
T_4.7 ;
    %pushi/vec4 7, 0, 7;
    %store/vec4 v0x563dff446b70_0, 0, 7;
    %jmp T_4.17;
T_4.8 ;
    %pushi/vec4 127, 0, 7;
    %store/vec4 v0x563dff446b70_0, 0, 7;
    %jmp T_4.17;
T_4.9 ;
    %pushi/vec4 111, 0, 7;
    %store/vec4 v0x563dff446b70_0, 0, 7;
    %jmp T_4.17;
T_4.10 ;
    %pushi/vec4 119, 0, 7;
    %store/vec4 v0x563dff446b70_0, 0, 7;
    %jmp T_4.17;
T_4.11 ;
    %pushi/vec4 124, 0, 7;
    %store/vec4 v0x563dff446b70_0, 0, 7;
    %jmp T_4.17;
T_4.12 ;
    %pushi/vec4 57, 0, 7;
    %store/vec4 v0x563dff446b70_0, 0, 7;
    %jmp T_4.17;
T_4.13 ;
    %pushi/vec4 94, 0, 7;
    %store/vec4 v0x563dff446b70_0, 0, 7;
    %jmp T_4.17;
T_4.14 ;
    %pushi/vec4 121, 0, 7;
    %store/vec4 v0x563dff446b70_0, 0, 7;
    %jmp T_4.17;
T_4.15 ;
    %pushi/vec4 113, 0, 7;
    %store/vec4 v0x563dff446b70_0, 0, 7;
    %jmp T_4.17;
T_4.17 ;
    %pop/vec4 1;
    %jmp T_4;
    .thread T_4, $push;
    .scope S_0x563dff4471c0;
T_5 ;
    %wait E_0x563dff3d7c10;
    %load/vec4 v0x563dff447940_0;
    %nor/r;
    %flag_set/vec4 8;
    %jmp/0xz  T_5.0, 8;
    %pushi/vec4 1, 0, 1;
    %assign/vec4 v0x563dff447b50_0, 0;
    %jmp T_5.1;
T_5.0 ;
    %load/vec4 v0x563dff447800_0;
    %flag_set/vec4 8;
    %jmp/0xz  T_5.2, 8;
    %load/vec4 v0x563dff447b50_0;
    %inv;
    %assign/vec4 v0x563dff447b50_0, 0;
T_5.2 ;
T_5.1 ;
    %jmp T_5;
    .thread T_5;
    .scope S_0x563dff4471c0;
T_6 ;
Ewait_2 .event/or E_0x563dff4474a0, E_0x0;
    %wait Ewait_2;
    %load/vec4 v0x563dff447b50_0;
    %cmpi/e 1, 0, 1;
    %jmp/0xz  T_6.0, 4;
    %load/vec4 v0x563dff447610_0;
    %flag_set/vec4 8;
    %jmp/0 T_6.2, 8;
    %pushi/vec4 1, 0, 2;
    %jmp/1 T_6.3, 8;
T_6.2 ; End of true expr.
    %pushi/vec4 2, 0, 2;
    %jmp/0 T_6.3, 8;
 ; End of false expr.
    %blend;
T_6.3;
    %store/vec4 v0x563dff447510_0, 0, 2;
    %load/vec4 v0x563dff447d60_0;
    %store/vec4 v0x563dff4478a0_0, 0, 7;
    %jmp T_6.1;
T_6.0 ;
    %load/vec4 v0x563dff447610_0;
    %flag_set/vec4 8;
    %jmp/0 T_6.4, 8;
    %pushi/vec4 2, 0, 2;
    %jmp/1 T_6.5, 8;
T_6.4 ; End of true expr.
    %pushi/vec4 1, 0, 2;
    %jmp/0 T_6.5, 8;
 ; End of false expr.
    %blend;
T_6.5;
    %store/vec4 v0x563dff447510_0, 0, 2;
    %load/vec4 v0x563dff447c10_0;
    %store/vec4 v0x563dff4478a0_0, 0, 7;
T_6.1 ;
    %jmp T_6;
    .thread T_6, $push;
    .scope S_0x563dff4471c0;
T_7 ;
Ewait_3 .event/or E_0x563dff447440, E_0x0;
    %wait Ewait_3;
    %load/vec4 v0x563dff447610_0;
    %flag_set/vec4 8;
    %jmp/0xz  T_7.0, 8;
    %load/vec4 v0x563dff4478a0_0;
    %store/vec4 v0x563dff447a70_0, 0, 7;
    %jmp T_7.1;
T_7.0 ;
    %load/vec4 v0x563dff4478a0_0;
    %inv;
    %store/vec4 v0x563dff447a70_0, 0, 7;
T_7.1 ;
    %jmp T_7;
    .thread T_7, $push;
    .scope S_0x563dff3f76e0;
T_8 ;
Ewait_4 .event/or E_0x563dff3ecda0, E_0x0;
    %wait Ewait_4;
    %load/vec4 v0x563dff448960_0;
    %dup/vec4;
    %pushi/vec4 0, 0, 2;
    %cmp/u;
    %jmp/1 T_8.0, 6;
    %dup/vec4;
    %pushi/vec4 1, 0, 2;
    %cmp/u;
    %jmp/1 T_8.1, 6;
    %dup/vec4;
    %pushi/vec4 2, 0, 2;
    %cmp/u;
    %jmp/1 T_8.2, 6;
    %dup/vec4;
    %pushi/vec4 3, 0, 2;
    %cmp/u;
    %jmp/1 T_8.3, 6;
    %pushi/vec4 0, 0, 2;
    %store/vec4 v0x563dff448430_0, 0, 2;
    %jmp T_8.5;
T_8.0 ;
    %load/vec4 v0x563dff448370_0;
    %parti/s 1, 0, 2;
    %flag_set/vec4 8;
    %jmp/0 T_8.6, 8;
    %pushi/vec4 1, 0, 2;
    %jmp/1 T_8.7, 8;
T_8.6 ; End of true expr.
    %pushi/vec4 0, 0, 2;
    %jmp/0 T_8.7, 8;
 ; End of false expr.
    %blend;
T_8.7;
    %store/vec4 v0x563dff448430_0, 0, 2;
    %jmp T_8.5;
T_8.1 ;
    %load/vec4 v0x563dff448370_0;
    %parti/s 1, 0, 2;
    %flag_set/vec4 8;
    %jmp/0xz  T_8.8, 8;
    %load/vec4 v0x563dff448370_0;
    %parti/s 1, 1, 2;
    %flag_set/vec4 8;
    %jmp/0 T_8.10, 8;
    %pushi/vec4 2, 0, 2;
    %jmp/1 T_8.11, 8;
T_8.10 ; End of true expr.
    %pushi/vec4 1, 0, 2;
    %jmp/0 T_8.11, 8;
 ; End of false expr.
    %blend;
T_8.11;
    %store/vec4 v0x563dff448430_0, 0, 2;
    %jmp T_8.9;
T_8.8 ;
    %pushi/vec4 0, 0, 2;
    %store/vec4 v0x563dff448430_0, 0, 2;
T_8.9 ;
    %jmp T_8.5;
T_8.2 ;
    %load/vec4 v0x563dff448370_0;
    %parti/s 1, 1, 2;
    %nor/r;
    %load/vec4 v0x563dff448370_0;
    %parti/s 1, 0, 2;
    %and;
    %flag_set/vec4 8;
    %jmp/0xz  T_8.12, 8;
    %pushi/vec4 1, 0, 2;
    %store/vec4 v0x563dff448430_0, 0, 2;
    %jmp T_8.13;
T_8.12 ;
    %load/vec4 v0x563dff448370_0;
    %parti/s 1, 1, 2;
    %load/vec4 v0x563dff448370_0;
    %parti/s 1, 0, 2;
    %nor/r;
    %and;
    %flag_set/vec4 8;
    %jmp/0xz  T_8.14, 8;
    %pushi/vec4 3, 0, 2;
    %store/vec4 v0x563dff448430_0, 0, 2;
    %jmp T_8.15;
T_8.14 ;
    %pushi/vec4 2, 0, 2;
    %store/vec4 v0x563dff448430_0, 0, 2;
T_8.15 ;
T_8.13 ;
    %jmp T_8.5;
T_8.3 ;
    %load/vec4 v0x563dff448370_0;
    %parti/s 1, 1, 2;
    %load/vec4 v0x563dff448370_0;
    %parti/s 1, 0, 2;
    %and;
    %flag_set/vec4 8;
    %jmp/0xz  T_8.16, 8;
    %pushi/vec4 2, 0, 2;
    %store/vec4 v0x563dff448430_0, 0, 2;
    %jmp T_8.17;
T_8.16 ;
    %pushi/vec4 0, 0, 2;
    %store/vec4 v0x563dff448430_0, 0, 2;
T_8.17 ;
    %jmp T_8.5;
T_8.5 ;
    %pop/vec4 1;
    %jmp T_8;
    .thread T_8, $push;
    .scope S_0x563dff3f76e0;
T_9 ;
Ewait_5 .event/or E_0x563dff3b4090, E_0x0;
    %wait Ewait_5;
    %load/vec4 v0x563dff448a20_0;
    %dup/vec4;
    %pushi/vec4 0, 0, 2;
    %cmp/u;
    %jmp/1 T_9.0, 6;
    %dup/vec4;
    %pushi/vec4 1, 0, 2;
    %cmp/u;
    %jmp/1 T_9.1, 6;
    %dup/vec4;
    %pushi/vec4 2, 0, 2;
    %cmp/u;
    %jmp/1 T_9.2, 6;
    %dup/vec4;
    %pushi/vec4 3, 0, 2;
    %cmp/u;
    %jmp/1 T_9.3, 6;
    %pushi/vec4 0, 0, 2;
    %store/vec4 v0x563dff448510_0, 0, 2;
    %jmp T_9.5;
T_9.0 ;
    %load/vec4 v0x563dff448370_0;
    %parti/s 1, 1, 2;
    %flag_set/vec4 8;
    %jmp/0 T_9.6, 8;
    %pushi/vec4 1, 0, 2;
    %jmp/1 T_9.7, 8;
T_9.6 ; End of true expr.
    %pushi/vec4 0, 0, 2;
    %jmp/0 T_9.7, 8;
 ; End of false expr.
    %blend;
T_9.7;
    %store/vec4 v0x563dff448510_0, 0, 2;
    %jmp T_9.5;
T_9.1 ;
    %load/vec4 v0x563dff448370_0;
    %parti/s 1, 1, 2;
    %flag_set/vec4 8;
    %jmp/0xz  T_9.8, 8;
    %load/vec4 v0x563dff448370_0;
    %parti/s 1, 0, 2;
    %flag_set/vec4 8;
    %jmp/0 T_9.10, 8;
    %pushi/vec4 2, 0, 2;
    %jmp/1 T_9.11, 8;
T_9.10 ; End of true expr.
    %pushi/vec4 1, 0, 2;
    %jmp/0 T_9.11, 8;
 ; End of false expr.
    %blend;
T_9.11;
    %store/vec4 v0x563dff448510_0, 0, 2;
    %jmp T_9.9;
T_9.8 ;
    %pushi/vec4 0, 0, 2;
    %store/vec4 v0x563dff448510_0, 0, 2;
T_9.9 ;
    %jmp T_9.5;
T_9.2 ;
    %load/vec4 v0x563dff448370_0;
    %parti/s 1, 0, 2;
    %nor/r;
    %load/vec4 v0x563dff448370_0;
    %parti/s 1, 1, 2;
    %and;
    %flag_set/vec4 8;
    %jmp/0xz  T_9.12, 8;
    %pushi/vec4 1, 0, 2;
    %store/vec4 v0x563dff448510_0, 0, 2;
    %jmp T_9.13;
T_9.12 ;
    %load/vec4 v0x563dff448370_0;
    %parti/s 1, 0, 2;
    %load/vec4 v0x563dff448370_0;
    %parti/s 1, 1, 2;
    %nor/r;
    %and;
    %flag_set/vec4 8;
    %jmp/0xz  T_9.14, 8;
    %pushi/vec4 3, 0, 2;
    %store/vec4 v0x563dff448510_0, 0, 2;
    %jmp T_9.15;
T_9.14 ;
    %pushi/vec4 2, 0, 2;
    %store/vec4 v0x563dff448510_0, 0, 2;
T_9.15 ;
T_9.13 ;
    %jmp T_9.5;
T_9.3 ;
    %load/vec4 v0x563dff448370_0;
    %parti/s 1, 1, 2;
    %load/vec4 v0x563dff448370_0;
    %parti/s 1, 0, 2;
    %and;
    %flag_set/vec4 8;
    %jmp/0xz  T_9.16, 8;
    %pushi/vec4 2, 0, 2;
    %store/vec4 v0x563dff448510_0, 0, 2;
    %jmp T_9.17;
T_9.16 ;
    %pushi/vec4 0, 0, 2;
    %store/vec4 v0x563dff448510_0, 0, 2;
T_9.17 ;
    %jmp T_9.5;
T_9.5 ;
    %pop/vec4 1;
    %jmp T_9;
    .thread T_9, $push;
    .scope S_0x563dff3f76e0;
T_10 ;
    %wait E_0x563dff3d7c10;
    %load/vec4 v0x563dff448760_0;
    %nor/r;
    %flag_set/vec4 8;
    %jmp/0xz  T_10.0, 8;
    %pushi/vec4 0, 0, 2;
    %assign/vec4 v0x563dff448960_0, 0;
    %pushi/vec4 0, 0, 2;
    %assign/vec4 v0x563dff448a20_0, 0;
    %pushi/vec4 0, 0, 1;
    %assign/vec4 v0x563dff448190_0, 0;
    %pushi/vec4 0, 0, 1;
    %assign/vec4 v0x563dff448230_0, 0;
    %jmp T_10.1;
T_10.0 ;
    %load/vec4 v0x563dff448960_0;
    %cmpi/e 3, 0, 2;
    %flag_get/vec4 4;
    %jmp/0 T_10.3, 4;
    %load/vec4 v0x563dff448430_0;
    %pushi/vec4 0, 0, 2;
    %cmp/e;
    %flag_get/vec4 4;
    %and;
T_10.3;
    %flag_set/vec4 8;
    %flag_get/vec4 8;
    %jmp/1 T_10.2, 8;
    %load/vec4 v0x563dff448a20_0;
    %cmpi/e 3, 0, 2;
    %flag_get/vec4 4;
    %jmp/0 T_10.4, 4;
    %load/vec4 v0x563dff448510_0;
    %pushi/vec4 0, 0, 2;
    %cmp/e;
    %flag_get/vec4 4;
    %and;
T_10.4;
    %or;
T_10.2;
    %assign/vec4 v0x563dff448190_0, 0;
    %load/vec4 v0x563dff448a20_0;
    %cmpi/e 3, 0, 2;
    %flag_get/vec4 4;
    %jmp/0 T_10.5, 4;
    %load/vec4 v0x563dff448510_0;
    %pushi/vec4 0, 0, 2;
    %cmp/e;
    %flag_get/vec4 4;
    %and;
T_10.5;
    %assign/vec4 v0x563dff448230_0, 0;
    %load/vec4 v0x563dff448430_0;
    %assign/vec4 v0x563dff448960_0, 0;
    %load/vec4 v0x563dff448510_0;
    %assign/vec4 v0x563dff448a20_0, 0;
T_10.1 ;
    %jmp T_10;
    .thread T_10;
    .scope S_0x563dff3f76e0;
T_11 ;
Ewait_6 .event/or E_0x563dff3ed5d0, E_0x0;
    %wait Ewait_6;
    %load/vec4 v0x563dff447ff0_0;
    %flag_set/vec4 8;
    %jmp/0xz  T_11.0, 8;
    %pushi/vec4 0, 0, 1;
    %store/vec4 v0x563dff4482d0_0, 0, 1;
    %pushi/vec4 0, 0, 6;
    %store/vec4 v0x563dff448680_0, 0, 6;
    %jmp T_11.1;
T_11.0 ;
    %pushi/vec4 1, 0, 1;
    %store/vec4 v0x563dff4482d0_0, 0, 1;
    %pushi/vec4 63, 0, 6;
    %store/vec4 v0x563dff448680_0, 0, 6;
T_11.1 ;
    %jmp T_11;
    .thread T_11, $push;
    .scope S_0x563dff3f7550;
T_12 ;
    %pushi/vec4 0, 0, 1;
    %store/vec4 v0x563dff449340_0, 0, 1;
    %end;
    .thread T_12;
    .scope S_0x563dff3f7550;
T_13 ;
    %delay 5000, 0;
    %load/vec4 v0x563dff449340_0;
    %inv;
    %store/vec4 v0x563dff449340_0, 0, 1;
    %jmp T_13;
    .thread T_13;
    .scope S_0x563dff3f7550;
T_14 ;
    %vpi_call/w 3 30 "$dumpfile", "wave.vcd" {0 0 0};
    %vpi_call/w 3 31 "$dumpvars", 32'sb00000000000000000000000000000000, S_0x563dff3f7550 {0 0 0};
    %pushi/vec4 0, 0, 1;
    %store/vec4 v0x563dff449480_0, 0, 1;
    %pushi/vec4 0, 0, 1;
    %store/vec4 v0x563dff449230_0, 0, 1;
    %pushi/vec4 0, 0, 2;
    %store/vec4 v0x563dff4493e0_0, 0, 2;
    %pushi/vec4 3, 0, 32;
T_14.0 %dup/vec4;
    %pushi/vec4 0, 0, 32;
    %cmp/s;
    %jmp/1xz T_14.1, 5;
    %jmp/1 T_14.1, 4;
    %pushi/vec4 1, 0, 32;
    %sub;
    %wait E_0x563dff3d7c10;
    %jmp T_14.0;
T_14.1 ;
    %pop/vec4 1;
    %pushi/vec4 1, 0, 1;
    %store/vec4 v0x563dff449480_0, 0, 1;
    %pushi/vec4 3, 0, 32;
T_14.2 %dup/vec4;
    %pushi/vec4 0, 0, 32;
    %cmp/s;
    %jmp/1xz T_14.3, 5;
    %jmp/1 T_14.3, 4;
    %pushi/vec4 1, 0, 32;
    %sub;
    %wait E_0x563dff3d7c10;
    %jmp T_14.2;
T_14.3 ;
    %pop/vec4 1;
    %pushi/vec4 5, 0, 32;
T_14.4 %dup/vec4;
    %pushi/vec4 0, 0, 32;
    %cmp/s;
    %jmp/1xz T_14.5, 5;
    %jmp/1 T_14.5, 4;
    %pushi/vec4 1, 0, 32;
    %sub;
    %pushi/vec4 1, 0, 2;
    %store/vec4 v0x563dff4493e0_0, 0, 2;
    %pushi/vec4 3, 0, 32;
T_14.6 %dup/vec4;
    %pushi/vec4 0, 0, 32;
    %cmp/s;
    %jmp/1xz T_14.7, 5;
    %jmp/1 T_14.7, 4;
    %pushi/vec4 1, 0, 32;
    %sub;
    %wait E_0x563dff3d7c10;
    %jmp T_14.6;
T_14.7 ;
    %pop/vec4 1;
    %pushi/vec4 3, 0, 2;
    %store/vec4 v0x563dff4493e0_0, 0, 2;
    %pushi/vec4 3, 0, 32;
T_14.8 %dup/vec4;
    %pushi/vec4 0, 0, 32;
    %cmp/s;
    %jmp/1xz T_14.9, 5;
    %jmp/1 T_14.9, 4;
    %pushi/vec4 1, 0, 32;
    %sub;
    %wait E_0x563dff3d7c10;
    %jmp T_14.8;
T_14.9 ;
    %pop/vec4 1;
    %pushi/vec4 2, 0, 2;
    %store/vec4 v0x563dff4493e0_0, 0, 2;
    %pushi/vec4 3, 0, 32;
T_14.10 %dup/vec4;
    %pushi/vec4 0, 0, 32;
    %cmp/s;
    %jmp/1xz T_14.11, 5;
    %jmp/1 T_14.11, 4;
    %pushi/vec4 1, 0, 32;
    %sub;
    %wait E_0x563dff3d7c10;
    %jmp T_14.10;
T_14.11 ;
    %pop/vec4 1;
    %pushi/vec4 0, 0, 2;
    %store/vec4 v0x563dff4493e0_0, 0, 2;
    %pushi/vec4 3, 0, 32;
T_14.12 %dup/vec4;
    %pushi/vec4 0, 0, 32;
    %cmp/s;
    %jmp/1xz T_14.13, 5;
    %jmp/1 T_14.13, 4;
    %pushi/vec4 1, 0, 32;
    %sub;
    %wait E_0x563dff3d7c10;
    %jmp T_14.12;
T_14.13 ;
    %pop/vec4 1;
    %jmp T_14.4;
T_14.5 ;
    %pop/vec4 1;
    %pushi/vec4 10, 0, 32;
T_14.14 %dup/vec4;
    %pushi/vec4 0, 0, 32;
    %cmp/s;
    %jmp/1xz T_14.15, 5;
    %jmp/1 T_14.15, 4;
    %pushi/vec4 1, 0, 32;
    %sub;
    %wait E_0x563dff3d7c10;
    %jmp T_14.14;
T_14.15 ;
    %pop/vec4 1;
    %pushi/vec4 3, 0, 32;
T_14.16 %dup/vec4;
    %pushi/vec4 0, 0, 32;
    %cmp/s;
    %jmp/1xz T_14.17, 5;
    %jmp/1 T_14.17, 4;
    %pushi/vec4 1, 0, 32;
    %sub;
    %pushi/vec4 2, 0, 2;
    %store/vec4 v0x563dff4493e0_0, 0, 2;
    %pushi/vec4 3, 0, 32;
T_14.18 %dup/vec4;
    %pushi/vec4 0, 0, 32;
    %cmp/s;
    %jmp/1xz T_14.19, 5;
    %jmp/1 T_14.19, 4;
    %pushi/vec4 1, 0, 32;
    %sub;
    %wait E_0x563dff3d7c10;
    %jmp T_14.18;
T_14.19 ;
    %pop/vec4 1;
    %pushi/vec4 3, 0, 2;
    %store/vec4 v0x563dff4493e0_0, 0, 2;
    %pushi/vec4 3, 0, 32;
T_14.20 %dup/vec4;
    %pushi/vec4 0, 0, 32;
    %cmp/s;
    %jmp/1xz T_14.21, 5;
    %jmp/1 T_14.21, 4;
    %pushi/vec4 1, 0, 32;
    %sub;
    %wait E_0x563dff3d7c10;
    %jmp T_14.20;
T_14.21 ;
    %pop/vec4 1;
    %pushi/vec4 1, 0, 2;
    %store/vec4 v0x563dff4493e0_0, 0, 2;
    %pushi/vec4 3, 0, 32;
T_14.22 %dup/vec4;
    %pushi/vec4 0, 0, 32;
    %cmp/s;
    %jmp/1xz T_14.23, 5;
    %jmp/1 T_14.23, 4;
    %pushi/vec4 1, 0, 32;
    %sub;
    %wait E_0x563dff3d7c10;
    %jmp T_14.22;
T_14.23 ;
    %pop/vec4 1;
    %pushi/vec4 0, 0, 2;
    %store/vec4 v0x563dff4493e0_0, 0, 2;
    %pushi/vec4 3, 0, 32;
T_14.24 %dup/vec4;
    %pushi/vec4 0, 0, 32;
    %cmp/s;
    %jmp/1xz T_14.25, 5;
    %jmp/1 T_14.25, 4;
    %pushi/vec4 1, 0, 32;
    %sub;
    %wait E_0x563dff3d7c10;
    %jmp T_14.24;
T_14.25 ;
    %pop/vec4 1;
    %jmp T_14.16;
T_14.17 ;
    %pop/vec4 1;
    %pushi/vec4 10, 0, 32;
T_14.26 %dup/vec4;
    %pushi/vec4 0, 0, 32;
    %cmp/s;
    %jmp/1xz T_14.27, 5;
    %jmp/1 T_14.27, 4;
    %pushi/vec4 1, 0, 32;
    %sub;
    %wait E_0x563dff3d7c10;
    %jmp T_14.26;
T_14.27 ;
    %pop/vec4 1;
    %vpi_call/w 3 71 "$finish" {0 0 0};
    %end;
    .thread T_14;
# The file index is used to find the file name in the following table.
:file_names 9;
    "N/A";
    "<interactive>";
    "-";
    "top_module_tb.sv";
    "top_module.sv";
    "modules/counter.sv";
    "modules/two_d_counter.sv";
    "modules/seg7_dec.sv";
    "modules/sevenseg_mux.sv";
