#! /usr/bin/vvp
:ivl_version "12.0 (stable)";
:ivl_delay_selection "TYPICAL";
:vpi_time_precision - 12;
:vpi_module "/usr/lib/x86_64-linux-gnu/ivl/system.vpi";
:vpi_module "/usr/lib/x86_64-linux-gnu/ivl/vhdl_sys.vpi";
:vpi_module "/usr/lib/x86_64-linux-gnu/ivl/vhdl_textio.vpi";
:vpi_module "/usr/lib/x86_64-linux-gnu/ivl/v2005_math.vpi";
:vpi_module "/usr/lib/x86_64-linux-gnu/ivl/va_math.vpi";
:vpi_module "/usr/lib/x86_64-linux-gnu/ivl/v2009.vpi";
S_0x55703c1ec300 .scope package, "$unit" "$unit" 2 1;
 .timescale 0 0;
S_0x55703c1e89a0 .scope module, "top_module_tb" "top_module_tb" 3 3;
 .timescale -9 -12;
v0x55703c2162f0_0 .net "an", 3 0, v0x55703c214c40_0;  1 drivers
v0x55703c216420_0 .var "cathod", 0 0;
v0x55703c2164e0_0 .var "clk", 0 0;
v0x55703c216690_0 .net "dp", 0 0, v0x55703c215870_0;  1 drivers
v0x55703c216760_0 .var "en", 0 0;
v0x55703c2168a0_0 .net "hundreds", 3 0, L_0x55703c228820;  1 drivers
v0x55703c216940_0 .net "other_an", 4 0, v0x55703c215b70_0;  1 drivers
v0x55703c2169e0_0 .var "rst_n", 0 0;
v0x55703c216b90_0 .net "seg", 6 0, v0x55703c215110_0;  1 drivers
v0x55703c216c30_0 .net "tens", 3 0, L_0x55703c228760;  1 drivers
v0x55703c216cd0_0 .net "thousands", 3 0, L_0x55703c2288e0;  1 drivers
v0x55703c216da0_0 .net "units", 3 0, L_0x55703c2286f0;  1 drivers
S_0x55703c1da070 .scope module, "dut" "top_module" 3 22, 4 1 0, S_0x55703c1e89a0;
 .timescale -9 -12;
    .port_info 0 /INPUT 1 "clk";
    .port_info 1 /INPUT 1 "rst_n";
    .port_info 2 /INPUT 1 "cathod";
    .port_info 3 /INPUT 1 "en";
    .port_info 4 /OUTPUT 7 "seg";
    .port_info 5 /OUTPUT 4 "an";
    .port_info 6 /OUTPUT 1 "dp";
    .port_info 7 /OUTPUT 5 "other_an";
    .port_info 8 /OUTPUT 4 "units";
    .port_info 9 /OUTPUT 4 "tens";
    .port_info 10 /OUTPUT 4 "hundreds";
    .port_info 11 /OUTPUT 4 "thousands";
P_0x55703c1e4b60 .param/l "MAX_VALUE_cnt" 1 4 16, C4<0011>;
P_0x55703c1e4ba0 .param/l "MAX_VALUE_refresh" 1 4 18, C4<001>;
P_0x55703c1e4be0 .param/l "N_DIG" 1 4 19, +C4<00000000000000000000000000000100>;
P_0x55703c1e4c20 .param/l "N_cnt" 1 4 15, +C4<00000000000000000000000000000100>;
P_0x55703c1e4c60 .param/l "N_refresh" 1 4 17, +C4<00000000000000000000000000000011>;
L_0x55703c2286f0 .functor BUFZ 4, v0x55703c20c2e0_0, C4<0000>, C4<0000>, C4<0000>;
L_0x55703c228760 .functor BUFZ 4, v0x55703c20d820_0, C4<0000>, C4<0000>, C4<0000>;
L_0x55703c228820 .functor BUFZ 4, v0x55703c20ed70_0, C4<0000>, C4<0000>, C4<0000>;
L_0x55703c2288e0 .functor BUFZ 4, v0x55703c2102d0_0, C4<0000>, C4<0000>, C4<0000>;
L_0x55703c229580 .functor BUFZ 7, v0x55703c210dd0_0, C4<0000000>, C4<0000000>, C4<0000000>;
L_0x55703c229640 .functor BUFZ 7, v0x55703c211550_0, C4<0000000>, C4<0000000>, C4<0000000>;
L_0x55703c229740 .functor BUFZ 7, v0x55703c211d00_0, C4<0000000>, C4<0000000>, C4<0000000>;
L_0x55703c229800 .functor BUFZ 7, v0x55703c2124b0_0, C4<0000000>, C4<0000000>, C4<0000000>;
v0x55703c2152d0_0 .net "an", 3 0, v0x55703c214c40_0;  alias, 1 drivers
v0x55703c2153e0_0 .net "cathod", 0 0, v0x55703c216420_0;  1 drivers
v0x55703c215480_0 .net "clk", 0 0, v0x55703c2164e0_0;  1 drivers
v0x55703c215550_0 .net "cnt_freq", 0 0, L_0x55703c229d50;  1 drivers
v0x55703c215640 .array "digits", 3 0;
v0x55703c215640_0 .net v0x55703c215640 0, 3 0, v0x55703c20c2e0_0; 1 drivers
v0x55703c215640_1 .net v0x55703c215640 1, 3 0, v0x55703c20d820_0; 1 drivers
v0x55703c215640_2 .net v0x55703c215640 2, 3 0, v0x55703c20ed70_0; 1 drivers
v0x55703c215640_3 .net v0x55703c215640 3, 3 0, v0x55703c2102d0_0; 1 drivers
v0x55703c215870_0 .var "dp", 0 0;
v0x55703c215930_0 .net "en", 0 0, v0x55703c216760_0;  1 drivers
v0x55703c2159d0_0 .net "en_pulses", 3 0, L_0x55703c2284d0;  1 drivers
v0x55703c215a90_0 .net "hundreds", 3 0, L_0x55703c228820;  alias, 1 drivers
v0x55703c215b70_0 .var "other_an", 4 0;
v0x55703c215c50_0 .net "rst_n", 0 0, v0x55703c2169e0_0;  1 drivers
v0x55703c215cf0_0 .net "seg", 6 0, v0x55703c215110_0;  alias, 1 drivers
v0x55703c215db0 .array "seg_decoded", 3 0;
v0x55703c215db0_0 .net v0x55703c215db0 0, 6 0, v0x55703c210dd0_0; 1 drivers
v0x55703c215db0_1 .net v0x55703c215db0 1, 6 0, v0x55703c211550_0; 1 drivers
v0x55703c215db0_2 .net v0x55703c215db0 2, 6 0, v0x55703c211d00_0; 1 drivers
v0x55703c215db0_3 .net v0x55703c215db0 3, 6 0, v0x55703c2124b0_0; 1 drivers
v0x55703c215eb0_0 .net "seg_refresh", 0 0, L_0x55703c229e10;  1 drivers
v0x55703c215f50_0 .net "tens", 3 0, L_0x55703c228760;  alias, 1 drivers
v0x55703c215ff0_0 .net "thousands", 3 0, L_0x55703c2288e0;  alias, 1 drivers
v0x55703c216090_0 .net "units", 3 0, L_0x55703c2286f0;  alias, 1 drivers
E_0x55703c1b15d0 .event anyedge, v0x55703c2153e0_0;
L_0x55703c2277c0 .part L_0x55703c2284d0, 0, 1;
L_0x55703c227db0 .part L_0x55703c2284d0, 1, 1;
L_0x55703c228430 .part L_0x55703c2284d0, 2, 1;
L_0x55703c2284d0 .concat8 [ 1 1 1 1], L_0x55703c229910, L_0x55703c229a20, L_0x55703c229b30, L_0x55703c229c40;
S_0x55703c1d5df0 .scope generate, "cnt_gen[0]" "cnt_gen[0]" 4 56, 4 56 0, S_0x55703c1da070;
 .timescale -9 -12;
P_0x55703c1db890 .param/l "i" 1 4 56, +C4<00>;
S_0x55703c1e50c0 .scope generate, "genblk1" "genblk1" 4 57, 4 57 0, S_0x55703c1d5df0;
 .timescale -9 -12;
S_0x55703c1e5ee0 .scope module, "cnt_inst" "counter" 4 58, 5 2 0, S_0x55703c1e50c0;
 .timescale -9 -12;
    .port_info 0 /INPUT 1 "clk";
    .port_info 1 /INPUT 1 "rst_n";
    .port_info 2 /INPUT 1 "en";
    .port_info 3 /INPUT 1 "up";
    .port_info 4 /OUTPUT 4 "count";
    .port_info 5 /OUTPUT 1 "pulse_out";
P_0x55703c1ec540 .param/l "MAX" 0 5 4, +C4<00000000000000000000000000001001>;
P_0x55703c1ec580 .param/l "N" 0 5 3, +C4<00000000000000000000000000000100>;
L_0x55703c1ef220 .functor AND 1, L_0x55703c229d50, L_0x55703c227000, C4<1>, C4<1>;
L_0x55703c1e9d40 .functor AND 1, L_0x55703c229d50, L_0x55703c2271c0, C4<1>, C4<1>;
L_0x55703c229910 .functor BUFT 1, L_0x55703c1ef220, C4<0>, C4<0>, C4<0>;
v0x55703c1ec4a0_0 .net *"_ivl_0", 31 0, L_0x55703c216e70;  1 drivers
L_0x7fe71f75d0a8 .functor BUFT 1, C4<0000>, C4<0>, C4<0>, C4<0>;
v0x55703c1e8b40_0 .net/2u *"_ivl_10", 3 0, L_0x7fe71f75d0a8;  1 drivers
v0x55703c1da210_0 .net *"_ivl_12", 0 0, L_0x55703c2271c0;  1 drivers
v0x55703c1d5f90_0 .net *"_ivl_15", 0 0, L_0x55703c1e9d40;  1 drivers
L_0x7fe71f75d018 .functor BUFT 1, C4<0000000000000000000000000000>, C4<0>, C4<0>, C4<0>;
v0x55703c1d1d10_0 .net *"_ivl_3", 27 0, L_0x7fe71f75d018;  1 drivers
L_0x7fe71f75d060 .functor BUFT 1, C4<00000000000000000000000000001001>, C4<0>, C4<0>, C4<0>;
v0x55703c1cdcd0_0 .net/2u *"_ivl_4", 31 0, L_0x7fe71f75d060;  1 drivers
v0x55703c20c010_0 .net *"_ivl_6", 0 0, L_0x55703c227000;  1 drivers
v0x55703c20c0d0_0 .net *"_ivl_9", 0 0, L_0x55703c1ef220;  1 drivers
v0x55703c20c190_0 .net "clk", 0 0, v0x55703c2164e0_0;  alias, 1 drivers
v0x55703c20c2e0_0 .var "count", 3 0;
v0x55703c20c3c0_0 .net "en", 0 0, L_0x55703c229d50;  alias, 1 drivers
v0x55703c20c480_0 .net "pulse_out", 0 0, L_0x55703c229910;  1 drivers
v0x55703c20c540_0 .net "rst_n", 0 0, v0x55703c2169e0_0;  alias, 1 drivers
L_0x7fe71f75d0f0 .functor BUFT 1, C4<1>, C4<0>, C4<0>, C4<0>;
v0x55703c20c600_0 .net "up", 0 0, L_0x7fe71f75d0f0;  1 drivers
E_0x55703c1b0da0 .event posedge, v0x55703c20c190_0;
L_0x55703c216e70 .concat [ 4 28 0 0], v0x55703c20c2e0_0, L_0x7fe71f75d018;
L_0x55703c227000 .cmp/eq 32, L_0x55703c216e70, L_0x7fe71f75d060;
L_0x55703c2271c0 .cmp/eq 4, v0x55703c20c2e0_0, L_0x7fe71f75d0a8;
S_0x55703c20c780 .scope generate, "cnt_gen[1]" "cnt_gen[1]" 4 56, 4 56 0, S_0x55703c1da070;
 .timescale -9 -12;
P_0x55703c20c950 .param/l "i" 1 4 56, +C4<01>;
S_0x55703c20ca10 .scope generate, "genblk1" "genblk1" 4 57, 4 57 0, S_0x55703c20c780;
 .timescale -9 -12;
S_0x55703c20cbf0 .scope module, "cnt_inst" "counter" 4 67, 5 2 0, S_0x55703c20ca10;
 .timescale -9 -12;
    .port_info 0 /INPUT 1 "clk";
    .port_info 1 /INPUT 1 "rst_n";
    .port_info 2 /INPUT 1 "en";
    .port_info 3 /INPUT 1 "up";
    .port_info 4 /OUTPUT 4 "count";
    .port_info 5 /OUTPUT 1 "pulse_out";
P_0x55703c20cdf0 .param/l "MAX" 0 5 4, +C4<00000000000000000000000000001001>;
P_0x55703c20ce30 .param/l "N" 0 5 3, +C4<00000000000000000000000000000100>;
L_0x55703c1db410 .functor AND 1, L_0x55703c2277c0, L_0x55703c227430, C4<1>, C4<1>;
L_0x55703c1d7190 .functor AND 1, L_0x55703c2277c0, L_0x55703c2275c0, C4<1>, C4<1>;
L_0x55703c229a20 .functor BUFT 1, L_0x55703c1db410, C4<0>, C4<0>, C4<0>;
v0x55703c20d080_0 .net *"_ivl_0", 31 0, L_0x55703c227290;  1 drivers
L_0x7fe71f75d1c8 .functor BUFT 1, C4<0000>, C4<0>, C4<0>, C4<0>;
v0x55703c20d180_0 .net/2u *"_ivl_10", 3 0, L_0x7fe71f75d1c8;  1 drivers
v0x55703c20d260_0 .net *"_ivl_12", 0 0, L_0x55703c2275c0;  1 drivers
v0x55703c20d330_0 .net *"_ivl_15", 0 0, L_0x55703c1d7190;  1 drivers
L_0x7fe71f75d138 .functor BUFT 1, C4<0000000000000000000000000000>, C4<0>, C4<0>, C4<0>;
v0x55703c20d3f0_0 .net *"_ivl_3", 27 0, L_0x7fe71f75d138;  1 drivers
L_0x7fe71f75d180 .functor BUFT 1, C4<00000000000000000000000000001001>, C4<0>, C4<0>, C4<0>;
v0x55703c20d520_0 .net/2u *"_ivl_4", 31 0, L_0x7fe71f75d180;  1 drivers
v0x55703c20d600_0 .net *"_ivl_6", 0 0, L_0x55703c227430;  1 drivers
v0x55703c20d6c0_0 .net *"_ivl_9", 0 0, L_0x55703c1db410;  1 drivers
v0x55703c20d780_0 .net "clk", 0 0, v0x55703c2164e0_0;  alias, 1 drivers
v0x55703c20d820_0 .var "count", 3 0;
v0x55703c20d8e0_0 .net "en", 0 0, L_0x55703c2277c0;  1 drivers
v0x55703c20d9a0_0 .net "pulse_out", 0 0, L_0x55703c229a20;  1 drivers
v0x55703c20da60_0 .net "rst_n", 0 0, v0x55703c2169e0_0;  alias, 1 drivers
L_0x7fe71f75d210 .functor BUFT 1, C4<1>, C4<0>, C4<0>, C4<0>;
v0x55703c20db30_0 .net "up", 0 0, L_0x7fe71f75d210;  1 drivers
L_0x55703c227290 .concat [ 4 28 0 0], v0x55703c20d820_0, L_0x7fe71f75d138;
L_0x55703c227430 .cmp/eq 32, L_0x55703c227290, L_0x7fe71f75d180;
L_0x55703c2275c0 .cmp/eq 4, v0x55703c20d820_0, L_0x7fe71f75d1c8;
S_0x55703c20dc90 .scope generate, "cnt_gen[2]" "cnt_gen[2]" 4 56, 4 56 0, S_0x55703c1da070;
 .timescale -9 -12;
P_0x55703c20de70 .param/l "i" 1 4 56, +C4<010>;
S_0x55703c20df30 .scope generate, "genblk1" "genblk1" 4 57, 4 57 0, S_0x55703c20dc90;
 .timescale -9 -12;
S_0x55703c20e110 .scope module, "cnt_inst" "counter" 4 67, 5 2 0, S_0x55703c20df30;
 .timescale -9 -12;
    .port_info 0 /INPUT 1 "clk";
    .port_info 1 /INPUT 1 "rst_n";
    .port_info 2 /INPUT 1 "en";
    .port_info 3 /INPUT 1 "up";
    .port_info 4 /OUTPUT 4 "count";
    .port_info 5 /OUTPUT 1 "pulse_out";
P_0x55703c20e310 .param/l "MAX" 0 5 4, +C4<00000000000000000000000000001001>;
P_0x55703c20e350 .param/l "N" 0 5 3, +C4<00000000000000000000000000000100>;
L_0x55703c1d2f10 .functor AND 1, L_0x55703c227db0, L_0x55703c227a40, C4<1>, C4<1>;
L_0x55703c1c0130 .functor AND 1, L_0x55703c227db0, L_0x55703c227bb0, C4<1>, C4<1>;
L_0x55703c229b30 .functor BUFT 1, L_0x55703c1d2f10, C4<0>, C4<0>, C4<0>;
v0x55703c20e5d0_0 .net *"_ivl_0", 31 0, L_0x55703c227860;  1 drivers
L_0x7fe71f75d2e8 .functor BUFT 1, C4<0000>, C4<0>, C4<0>, C4<0>;
v0x55703c20e6d0_0 .net/2u *"_ivl_10", 3 0, L_0x7fe71f75d2e8;  1 drivers
v0x55703c20e7b0_0 .net *"_ivl_12", 0 0, L_0x55703c227bb0;  1 drivers
v0x55703c20e880_0 .net *"_ivl_15", 0 0, L_0x55703c1c0130;  1 drivers
L_0x7fe71f75d258 .functor BUFT 1, C4<0000000000000000000000000000>, C4<0>, C4<0>, C4<0>;
v0x55703c20e940_0 .net *"_ivl_3", 27 0, L_0x7fe71f75d258;  1 drivers
L_0x7fe71f75d2a0 .functor BUFT 1, C4<00000000000000000000000000001001>, C4<0>, C4<0>, C4<0>;
v0x55703c20ea70_0 .net/2u *"_ivl_4", 31 0, L_0x7fe71f75d2a0;  1 drivers
v0x55703c20eb50_0 .net *"_ivl_6", 0 0, L_0x55703c227a40;  1 drivers
v0x55703c20ec10_0 .net *"_ivl_9", 0 0, L_0x55703c1d2f10;  1 drivers
v0x55703c20ecd0_0 .net "clk", 0 0, v0x55703c2164e0_0;  alias, 1 drivers
v0x55703c20ed70_0 .var "count", 3 0;
v0x55703c20ee50_0 .net "en", 0 0, L_0x55703c227db0;  1 drivers
v0x55703c20ef10_0 .net "pulse_out", 0 0, L_0x55703c229b30;  1 drivers
v0x55703c20efd0_0 .net "rst_n", 0 0, v0x55703c2169e0_0;  alias, 1 drivers
L_0x7fe71f75d330 .functor BUFT 1, C4<1>, C4<0>, C4<0>, C4<0>;
v0x55703c20f0c0_0 .net "up", 0 0, L_0x7fe71f75d330;  1 drivers
L_0x55703c227860 .concat [ 4 28 0 0], v0x55703c20ed70_0, L_0x7fe71f75d258;
L_0x55703c227a40 .cmp/eq 32, L_0x55703c227860, L_0x7fe71f75d2a0;
L_0x55703c227bb0 .cmp/eq 4, v0x55703c20ed70_0, L_0x7fe71f75d2e8;
S_0x55703c20f240 .scope generate, "cnt_gen[3]" "cnt_gen[3]" 4 56, 4 56 0, S_0x55703c1da070;
 .timescale -9 -12;
P_0x55703c20f440 .param/l "i" 1 4 56, +C4<011>;
S_0x55703c20f520 .scope generate, "genblk1" "genblk1" 4 57, 4 57 0, S_0x55703c20f240;
 .timescale -9 -12;
S_0x55703c20f700 .scope module, "cnt_inst" "counter" 4 67, 5 2 0, S_0x55703c20f520;
 .timescale -9 -12;
    .port_info 0 /INPUT 1 "clk";
    .port_info 1 /INPUT 1 "rst_n";
    .port_info 2 /INPUT 1 "en";
    .port_info 3 /INPUT 1 "up";
    .port_info 4 /OUTPUT 4 "count";
    .port_info 5 /OUTPUT 1 "pulse_out";
P_0x55703c20f900 .param/l "MAX" 0 5 4, +C4<00000000000000000000000000001001>;
P_0x55703c20f940 .param/l "N" 0 5 3, +C4<00000000000000000000000000000100>;
L_0x55703c228100 .functor AND 1, L_0x55703c228430, L_0x55703c227f90, C4<1>, C4<1>;
L_0x55703c228320 .functor AND 1, L_0x55703c228430, L_0x55703c2281c0, C4<1>, C4<1>;
L_0x55703c229c40 .functor BUFT 1, L_0x55703c228100, C4<0>, C4<0>, C4<0>;
v0x55703c20fb60_0 .net *"_ivl_0", 31 0, L_0x55703c227ea0;  1 drivers
L_0x7fe71f75d408 .functor BUFT 1, C4<0000>, C4<0>, C4<0>, C4<0>;
v0x55703c20fc60_0 .net/2u *"_ivl_10", 3 0, L_0x7fe71f75d408;  1 drivers
v0x55703c20fd40_0 .net *"_ivl_12", 0 0, L_0x55703c2281c0;  1 drivers
v0x55703c20fde0_0 .net *"_ivl_15", 0 0, L_0x55703c228320;  1 drivers
L_0x7fe71f75d378 .functor BUFT 1, C4<0000000000000000000000000000>, C4<0>, C4<0>, C4<0>;
v0x55703c20fea0_0 .net *"_ivl_3", 27 0, L_0x7fe71f75d378;  1 drivers
L_0x7fe71f75d3c0 .functor BUFT 1, C4<00000000000000000000000000001001>, C4<0>, C4<0>, C4<0>;
v0x55703c20ffd0_0 .net/2u *"_ivl_4", 31 0, L_0x7fe71f75d3c0;  1 drivers
v0x55703c2100b0_0 .net *"_ivl_6", 0 0, L_0x55703c227f90;  1 drivers
v0x55703c210170_0 .net *"_ivl_9", 0 0, L_0x55703c228100;  1 drivers
v0x55703c210230_0 .net "clk", 0 0, v0x55703c2164e0_0;  alias, 1 drivers
v0x55703c2102d0_0 .var "count", 3 0;
v0x55703c2103b0_0 .net "en", 0 0, L_0x55703c228430;  1 drivers
v0x55703c210470_0 .net "pulse_out", 0 0, L_0x55703c229c40;  1 drivers
v0x55703c210530_0 .net "rst_n", 0 0, v0x55703c2169e0_0;  alias, 1 drivers
L_0x7fe71f75d450 .functor BUFT 1, C4<1>, C4<0>, C4<0>, C4<0>;
v0x55703c2105d0_0 .net "up", 0 0, L_0x7fe71f75d450;  1 drivers
L_0x55703c227ea0 .concat [ 4 28 0 0], v0x55703c2102d0_0, L_0x7fe71f75d378;
L_0x55703c227f90 .cmp/eq 32, L_0x55703c227ea0, L_0x7fe71f75d3c0;
L_0x55703c2281c0 .cmp/eq 4, v0x55703c2102d0_0, L_0x7fe71f75d408;
S_0x55703c210790 .scope generate, "decoders[0]" "decoders[0]" 4 81, 4 81 0, S_0x55703c1da070;
 .timescale -9 -12;
P_0x55703c210990 .param/l "j" 1 4 81, +C4<00>;
S_0x55703c210a70 .scope module, "u_dec" "seg7_dec" 4 82, 6 2 0, S_0x55703c210790;
 .timescale -9 -12;
    .port_info 0 /INPUT 4 "bin_in";
    .port_info 1 /OUTPUT 7 "seg_out";
v0x55703c210cf0_0 .net "bin_in", 3 0, v0x55703c20c2e0_0;  alias, 1 drivers
v0x55703c210dd0_0 .var "seg_out", 6 0;
E_0x55703c210c70 .event anyedge, v0x55703c20c2e0_0;
S_0x55703c210ef0 .scope generate, "decoders[1]" "decoders[1]" 4 81, 4 81 0, S_0x55703c1da070;
 .timescale -9 -12;
P_0x55703c2110d0 .param/l "j" 1 4 81, +C4<01>;
S_0x55703c2111b0 .scope module, "u_dec" "seg7_dec" 4 82, 6 2 0, S_0x55703c210ef0;
 .timescale -9 -12;
    .port_info 0 /INPUT 4 "bin_in";
    .port_info 1 /OUTPUT 7 "seg_out";
v0x55703c211470_0 .net "bin_in", 3 0, v0x55703c20d820_0;  alias, 1 drivers
v0x55703c211550_0 .var "seg_out", 6 0;
E_0x55703c2113f0 .event anyedge, v0x55703c20d820_0;
S_0x55703c211670 .scope generate, "decoders[2]" "decoders[2]" 4 81, 4 81 0, S_0x55703c1da070;
 .timescale -9 -12;
P_0x55703c211850 .param/l "j" 1 4 81, +C4<010>;
S_0x55703c211930 .scope module, "u_dec" "seg7_dec" 4 82, 6 2 0, S_0x55703c211670;
 .timescale -9 -12;
    .port_info 0 /INPUT 4 "bin_in";
    .port_info 1 /OUTPUT 7 "seg_out";
v0x55703c211bf0_0 .net "bin_in", 3 0, v0x55703c20ed70_0;  alias, 1 drivers
v0x55703c211d00_0 .var "seg_out", 6 0;
E_0x55703c211b70 .event anyedge, v0x55703c20ed70_0;
S_0x55703c211e20 .scope generate, "decoders[3]" "decoders[3]" 4 81, 4 81 0, S_0x55703c1da070;
 .timescale -9 -12;
P_0x55703c212000 .param/l "j" 1 4 81, +C4<011>;
S_0x55703c2120e0 .scope module, "u_dec" "seg7_dec" 4 82, 6 2 0, S_0x55703c211e20;
 .timescale -9 -12;
    .port_info 0 /INPUT 4 "bin_in";
    .port_info 1 /OUTPUT 7 "seg_out";
v0x55703c2123a0_0 .net "bin_in", 3 0, v0x55703c2102d0_0;  alias, 1 drivers
v0x55703c2124b0_0 .var "seg_out", 6 0;
E_0x55703c212320 .event anyedge, v0x55703c2102d0_0;
S_0x55703c2125d0 .scope module, "freq_div_cnt" "counter" 4 34, 5 2 0, S_0x55703c1da070;
 .timescale -9 -12;
    .port_info 0 /INPUT 1 "clk";
    .port_info 1 /INPUT 1 "rst_n";
    .port_info 2 /INPUT 1 "en";
    .port_info 3 /INPUT 1 "up";
    .port_info 4 /OUTPUT 4 "count";
    .port_info 5 /OUTPUT 1 "pulse_out";
P_0x55703c212840 .param/l "MAX" 0 5 4, +C4<00000000000000000000000000000011>;
P_0x55703c212880 .param/l "N" 0 5 3, +C4<00000000000000000000000000000100>;
L_0x55703c228d10 .functor AND 1, v0x55703c216760_0, L_0x55703c228bd0, C4<1>, C4<1>;
L_0x55703c228f10 .functor AND 1, v0x55703c216760_0, L_0x55703c228dd0, C4<1>, C4<1>;
L_0x55703c229d50 .functor BUFT 1, L_0x55703c228d10, C4<0>, C4<0>, C4<0>;
v0x55703c212b40_0 .net *"_ivl_0", 31 0, L_0x55703c2289d0;  1 drivers
L_0x7fe71f75d528 .functor BUFT 1, C4<0000>, C4<0>, C4<0>, C4<0>;
v0x55703c212c20_0 .net/2u *"_ivl_10", 3 0, L_0x7fe71f75d528;  1 drivers
v0x55703c212d00_0 .net *"_ivl_12", 0 0, L_0x55703c228dd0;  1 drivers
v0x55703c212dd0_0 .net *"_ivl_15", 0 0, L_0x55703c228f10;  1 drivers
L_0x7fe71f75d498 .functor BUFT 1, C4<0000000000000000000000000000>, C4<0>, C4<0>, C4<0>;
v0x55703c212e90_0 .net *"_ivl_3", 27 0, L_0x7fe71f75d498;  1 drivers
L_0x7fe71f75d4e0 .functor BUFT 1, C4<00000000000000000000000000000011>, C4<0>, C4<0>, C4<0>;
v0x55703c212f70_0 .net/2u *"_ivl_4", 31 0, L_0x7fe71f75d4e0;  1 drivers
v0x55703c213050_0 .net *"_ivl_6", 0 0, L_0x55703c228bd0;  1 drivers
v0x55703c213110_0 .net *"_ivl_9", 0 0, L_0x55703c228d10;  1 drivers
v0x55703c2131d0_0 .net "clk", 0 0, v0x55703c2164e0_0;  alias, 1 drivers
v0x55703c213300_0 .var "count", 3 0;
v0x55703c2133e0_0 .net "en", 0 0, v0x55703c216760_0;  alias, 1 drivers
v0x55703c2134a0_0 .net "pulse_out", 0 0, L_0x55703c229d50;  alias, 1 drivers
v0x55703c213540_0 .net "rst_n", 0 0, v0x55703c2169e0_0;  alias, 1 drivers
L_0x7fe71f75d570 .functor BUFT 1, C4<1>, C4<0>, C4<0>, C4<0>;
v0x55703c213670_0 .net "up", 0 0, L_0x7fe71f75d570;  1 drivers
L_0x55703c2289d0 .concat [ 4 28 0 0], v0x55703c213300_0, L_0x7fe71f75d498;
L_0x55703c228bd0 .cmp/eq 32, L_0x55703c2289d0, L_0x7fe71f75d4e0;
L_0x55703c228dd0 .cmp/eq 4, v0x55703c213300_0, L_0x7fe71f75d528;
S_0x55703c213810 .scope module, "freq_div_refresh" "counter" 4 43, 5 2 0, S_0x55703c1da070;
 .timescale -9 -12;
    .port_info 0 /INPUT 1 "clk";
    .port_info 1 /INPUT 1 "rst_n";
    .port_info 2 /INPUT 1 "en";
    .port_info 3 /INPUT 1 "up";
    .port_info 4 /OUTPUT 3 "count";
    .port_info 5 /OUTPUT 1 "pulse_out";
P_0x55703c2139a0 .param/l "MAX" 0 5 4, +C4<00000000000000000000000000000001>;
P_0x55703c2139e0 .param/l "N" 0 5 3, +C4<00000000000000000000000000000011>;
L_0x7fe71f75d690 .functor BUFT 1, C4<1>, C4<0>, C4<0>, C4<0>;
L_0x55703c229240 .functor AND 1, L_0x7fe71f75d690, L_0x55703c2290d0, C4<1>, C4<1>;
L_0x55703c229470 .functor AND 1, L_0x7fe71f75d690, L_0x55703c229300, C4<1>, C4<1>;
L_0x55703c229e10 .functor BUFT 1, L_0x55703c229240, C4<0>, C4<0>, C4<0>;
v0x55703c213c60_0 .net *"_ivl_0", 31 0, L_0x55703c228f80;  1 drivers
L_0x7fe71f75d648 .functor BUFT 1, C4<000>, C4<0>, C4<0>, C4<0>;
v0x55703c213d60_0 .net/2u *"_ivl_10", 2 0, L_0x7fe71f75d648;  1 drivers
v0x55703c213e40_0 .net *"_ivl_12", 0 0, L_0x55703c229300;  1 drivers
v0x55703c213f10_0 .net *"_ivl_15", 0 0, L_0x55703c229470;  1 drivers
L_0x7fe71f75d5b8 .functor BUFT 1, C4<00000000000000000000000000000>, C4<0>, C4<0>, C4<0>;
v0x55703c213fd0_0 .net *"_ivl_3", 28 0, L_0x7fe71f75d5b8;  1 drivers
L_0x7fe71f75d600 .functor BUFT 1, C4<00000000000000000000000000000001>, C4<0>, C4<0>, C4<0>;
v0x55703c2140b0_0 .net/2u *"_ivl_4", 31 0, L_0x7fe71f75d600;  1 drivers
v0x55703c214190_0 .net *"_ivl_6", 0 0, L_0x55703c2290d0;  1 drivers
v0x55703c214250_0 .net *"_ivl_9", 0 0, L_0x55703c229240;  1 drivers
v0x55703c214310_0 .net "clk", 0 0, v0x55703c2164e0_0;  alias, 1 drivers
v0x55703c2143b0_0 .var "count", 2 0;
v0x55703c214490_0 .net "en", 0 0, L_0x7fe71f75d690;  1 drivers
v0x55703c214550_0 .net "pulse_out", 0 0, L_0x55703c229e10;  alias, 1 drivers
v0x55703c214610_0 .net "rst_n", 0 0, v0x55703c2169e0_0;  alias, 1 drivers
L_0x7fe71f75d6d8 .functor BUFT 1, C4<1>, C4<0>, C4<0>, C4<0>;
v0x55703c2146b0_0 .net "up", 0 0, L_0x7fe71f75d6d8;  1 drivers
L_0x55703c228f80 .concat [ 3 29 0 0], v0x55703c2143b0_0, L_0x7fe71f75d5b8;
L_0x55703c2290d0 .cmp/eq 32, L_0x55703c228f80, L_0x7fe71f75d600;
L_0x55703c229300 .cmp/eq 3, v0x55703c2143b0_0, L_0x7fe71f75d648;
S_0x55703c214870 .scope module, "u_mux" "sevenseg_mux" 4 90, 7 1 0, S_0x55703c1da070;
 .timescale -9 -12;
    .port_info 0 /INPUT 1 "clk";
    .port_info 1 /INPUT 1 "reset";
    .port_info 2 /INPUT 1 "en";
    .port_info 3 /INPUT 28 "digit_values";
    .port_info 4 /OUTPUT 7 "seg";
    .port_info 5 /OUTPUT 4 "dig";
P_0x55703c210940 .param/l "N" 0 7 2, +C4<00000000000000000000000000000100>;
v0x55703c214b80_0 .net "clk", 0 0, v0x55703c2164e0_0;  alias, 1 drivers
v0x55703c214c40_0 .var "dig", 3 0;
v0x55703c214d20_0 .var "digit_index", 1 0;
v0x55703c214e10 .array "digit_values", 3 0;
v0x55703c214e10_0 .net v0x55703c214e10 0, 6 0, L_0x55703c229580; 1 drivers
v0x55703c214e10_1 .net v0x55703c214e10 1, 6 0, L_0x55703c229640; 1 drivers
v0x55703c214e10_2 .net v0x55703c214e10 2, 6 0, L_0x55703c229740; 1 drivers
v0x55703c214e10_3 .net v0x55703c214e10 3, 6 0, L_0x55703c229800; 1 drivers
v0x55703c214f80_0 .net "en", 0 0, L_0x55703c229e10;  alias, 1 drivers
v0x55703c215070_0 .net "reset", 0 0, v0x55703c2169e0_0;  alias, 1 drivers
v0x55703c215110_0 .var "seg", 6 0;
    .scope S_0x55703c1e5ee0;
T_0 ;
    %wait E_0x55703c1b0da0;
    %load/vec4 v0x55703c20c540_0;
    %nor/r;
    %flag_set/vec4 8;
    %jmp/0xz  T_0.0, 8;
    %pushi/vec4 0, 0, 4;
    %assign/vec4 v0x55703c20c2e0_0, 0;
    %jmp T_0.1;
T_0.0 ;
    %load/vec4 v0x55703c20c3c0_0;
    %flag_set/vec4 8;
    %jmp/0xz  T_0.2, 8;
    %load/vec4 v0x55703c20c600_0;
    %flag_set/vec4 8;
    %jmp/0xz  T_0.4, 8;
    %load/vec4 v0x55703c20c2e0_0;
    %pad/u 32;
    %cmpi/e 9, 0, 32;
    %jmp/0xz  T_0.6, 4;
    %pushi/vec4 0, 0, 4;
    %assign/vec4 v0x55703c20c2e0_0, 0;
    %jmp T_0.7;
T_0.6 ;
    %load/vec4 v0x55703c20c2e0_0;
    %addi 1, 0, 4;
    %assign/vec4 v0x55703c20c2e0_0, 0;
T_0.7 ;
    %jmp T_0.5;
T_0.4 ;
    %load/vec4 v0x55703c20c2e0_0;
    %cmpi/e 0, 0, 4;
    %jmp/0xz  T_0.8, 4;
    %pushi/vec4 9, 0, 4;
    %assign/vec4 v0x55703c20c2e0_0, 0;
    %jmp T_0.9;
T_0.8 ;
    %load/vec4 v0x55703c20c2e0_0;
    %subi 1, 0, 4;
    %assign/vec4 v0x55703c20c2e0_0, 0;
T_0.9 ;
T_0.5 ;
T_0.2 ;
T_0.1 ;
    %jmp T_0;
    .thread T_0;
    .scope S_0x55703c20cbf0;
T_1 ;
    %wait E_0x55703c1b0da0;
    %load/vec4 v0x55703c20da60_0;
    %nor/r;
    %flag_set/vec4 8;
    %jmp/0xz  T_1.0, 8;
    %pushi/vec4 0, 0, 4;
    %assign/vec4 v0x55703c20d820_0, 0;
    %jmp T_1.1;
T_1.0 ;
    %load/vec4 v0x55703c20d8e0_0;
    %flag_set/vec4 8;
    %jmp/0xz  T_1.2, 8;
    %load/vec4 v0x55703c20db30_0;
    %flag_set/vec4 8;
    %jmp/0xz  T_1.4, 8;
    %load/vec4 v0x55703c20d820_0;
    %pad/u 32;
    %cmpi/e 9, 0, 32;
    %jmp/0xz  T_1.6, 4;
    %pushi/vec4 0, 0, 4;
    %assign/vec4 v0x55703c20d820_0, 0;
    %jmp T_1.7;
T_1.6 ;
    %load/vec4 v0x55703c20d820_0;
    %addi 1, 0, 4;
    %assign/vec4 v0x55703c20d820_0, 0;
T_1.7 ;
    %jmp T_1.5;
T_1.4 ;
    %load/vec4 v0x55703c20d820_0;
    %cmpi/e 0, 0, 4;
    %jmp/0xz  T_1.8, 4;
    %pushi/vec4 9, 0, 4;
    %assign/vec4 v0x55703c20d820_0, 0;
    %jmp T_1.9;
T_1.8 ;
    %load/vec4 v0x55703c20d820_0;
    %subi 1, 0, 4;
    %assign/vec4 v0x55703c20d820_0, 0;
T_1.9 ;
T_1.5 ;
T_1.2 ;
T_1.1 ;
    %jmp T_1;
    .thread T_1;
    .scope S_0x55703c20e110;
T_2 ;
    %wait E_0x55703c1b0da0;
    %load/vec4 v0x55703c20efd0_0;
    %nor/r;
    %flag_set/vec4 8;
    %jmp/0xz  T_2.0, 8;
    %pushi/vec4 0, 0, 4;
    %assign/vec4 v0x55703c20ed70_0, 0;
    %jmp T_2.1;
T_2.0 ;
    %load/vec4 v0x55703c20ee50_0;
    %flag_set/vec4 8;
    %jmp/0xz  T_2.2, 8;
    %load/vec4 v0x55703c20f0c0_0;
    %flag_set/vec4 8;
    %jmp/0xz  T_2.4, 8;
    %load/vec4 v0x55703c20ed70_0;
    %pad/u 32;
    %cmpi/e 9, 0, 32;
    %jmp/0xz  T_2.6, 4;
    %pushi/vec4 0, 0, 4;
    %assign/vec4 v0x55703c20ed70_0, 0;
    %jmp T_2.7;
T_2.6 ;
    %load/vec4 v0x55703c20ed70_0;
    %addi 1, 0, 4;
    %assign/vec4 v0x55703c20ed70_0, 0;
T_2.7 ;
    %jmp T_2.5;
T_2.4 ;
    %load/vec4 v0x55703c20ed70_0;
    %cmpi/e 0, 0, 4;
    %jmp/0xz  T_2.8, 4;
    %pushi/vec4 9, 0, 4;
    %assign/vec4 v0x55703c20ed70_0, 0;
    %jmp T_2.9;
T_2.8 ;
    %load/vec4 v0x55703c20ed70_0;
    %subi 1, 0, 4;
    %assign/vec4 v0x55703c20ed70_0, 0;
T_2.9 ;
T_2.5 ;
T_2.2 ;
T_2.1 ;
    %jmp T_2;
    .thread T_2;
    .scope S_0x55703c20f700;
T_3 ;
    %wait E_0x55703c1b0da0;
    %load/vec4 v0x55703c210530_0;
    %nor/r;
    %flag_set/vec4 8;
    %jmp/0xz  T_3.0, 8;
    %pushi/vec4 0, 0, 4;
    %assign/vec4 v0x55703c2102d0_0, 0;
    %jmp T_3.1;
T_3.0 ;
    %load/vec4 v0x55703c2103b0_0;
    %flag_set/vec4 8;
    %jmp/0xz  T_3.2, 8;
    %load/vec4 v0x55703c2105d0_0;
    %flag_set/vec4 8;
    %jmp/0xz  T_3.4, 8;
    %load/vec4 v0x55703c2102d0_0;
    %pad/u 32;
    %cmpi/e 9, 0, 32;
    %jmp/0xz  T_3.6, 4;
    %pushi/vec4 0, 0, 4;
    %assign/vec4 v0x55703c2102d0_0, 0;
    %jmp T_3.7;
T_3.6 ;
    %load/vec4 v0x55703c2102d0_0;
    %addi 1, 0, 4;
    %assign/vec4 v0x55703c2102d0_0, 0;
T_3.7 ;
    %jmp T_3.5;
T_3.4 ;
    %load/vec4 v0x55703c2102d0_0;
    %cmpi/e 0, 0, 4;
    %jmp/0xz  T_3.8, 4;
    %pushi/vec4 9, 0, 4;
    %assign/vec4 v0x55703c2102d0_0, 0;
    %jmp T_3.9;
T_3.8 ;
    %load/vec4 v0x55703c2102d0_0;
    %subi 1, 0, 4;
    %assign/vec4 v0x55703c2102d0_0, 0;
T_3.9 ;
T_3.5 ;
T_3.2 ;
T_3.1 ;
    %jmp T_3;
    .thread T_3;
    .scope S_0x55703c210a70;
T_4 ;
Ewait_0 .event/or E_0x55703c210c70, E_0x0;
    %wait Ewait_0;
    %load/vec4 v0x55703c210cf0_0;
    %dup/vec4;
    %pushi/vec4 0, 0, 4;
    %cmp/u;
    %jmp/1 T_4.0, 6;
    %dup/vec4;
    %pushi/vec4 1, 0, 4;
    %cmp/u;
    %jmp/1 T_4.1, 6;
    %dup/vec4;
    %pushi/vec4 2, 0, 4;
    %cmp/u;
    %jmp/1 T_4.2, 6;
    %dup/vec4;
    %pushi/vec4 3, 0, 4;
    %cmp/u;
    %jmp/1 T_4.3, 6;
    %dup/vec4;
    %pushi/vec4 4, 0, 4;
    %cmp/u;
    %jmp/1 T_4.4, 6;
    %dup/vec4;
    %pushi/vec4 5, 0, 4;
    %cmp/u;
    %jmp/1 T_4.5, 6;
    %dup/vec4;
    %pushi/vec4 6, 0, 4;
    %cmp/u;
    %jmp/1 T_4.6, 6;
    %dup/vec4;
    %pushi/vec4 7, 0, 4;
    %cmp/u;
    %jmp/1 T_4.7, 6;
    %dup/vec4;
    %pushi/vec4 8, 0, 4;
    %cmp/u;
    %jmp/1 T_4.8, 6;
    %dup/vec4;
    %pushi/vec4 9, 0, 4;
    %cmp/u;
    %jmp/1 T_4.9, 6;
    %dup/vec4;
    %pushi/vec4 10, 0, 4;
    %cmp/u;
    %jmp/1 T_4.10, 6;
    %dup/vec4;
    %pushi/vec4 11, 0, 4;
    %cmp/u;
    %jmp/1 T_4.11, 6;
    %dup/vec4;
    %pushi/vec4 12, 0, 4;
    %cmp/u;
    %jmp/1 T_4.12, 6;
    %dup/vec4;
    %pushi/vec4 13, 0, 4;
    %cmp/u;
    %jmp/1 T_4.13, 6;
    %dup/vec4;
    %pushi/vec4 14, 0, 4;
    %cmp/u;
    %jmp/1 T_4.14, 6;
    %dup/vec4;
    %pushi/vec4 15, 0, 4;
    %cmp/u;
    %jmp/1 T_4.15, 6;
    %pushi/vec4 0, 0, 7;
    %store/vec4 v0x55703c210dd0_0, 0, 7;
    %jmp T_4.17;
T_4.0 ;
    %pushi/vec4 63, 0, 7;
    %store/vec4 v0x55703c210dd0_0, 0, 7;
    %jmp T_4.17;
T_4.1 ;
    %pushi/vec4 6, 0, 7;
    %store/vec4 v0x55703c210dd0_0, 0, 7;
    %jmp T_4.17;
T_4.2 ;
    %pushi/vec4 91, 0, 7;
    %store/vec4 v0x55703c210dd0_0, 0, 7;
    %jmp T_4.17;
T_4.3 ;
    %pushi/vec4 79, 0, 7;
    %store/vec4 v0x55703c210dd0_0, 0, 7;
    %jmp T_4.17;
T_4.4 ;
    %pushi/vec4 102, 0, 7;
    %store/vec4 v0x55703c210dd0_0, 0, 7;
    %jmp T_4.17;
T_4.5 ;
    %pushi/vec4 109, 0, 7;
    %store/vec4 v0x55703c210dd0_0, 0, 7;
    %jmp T_4.17;
T_4.6 ;
    %pushi/vec4 125, 0, 7;
    %store/vec4 v0x55703c210dd0_0, 0, 7;
    %jmp T_4.17;
T_4.7 ;
    %pushi/vec4 7, 0, 7;
    %store/vec4 v0x55703c210dd0_0, 0, 7;
    %jmp T_4.17;
T_4.8 ;
    %pushi/vec4 127, 0, 7;
    %store/vec4 v0x55703c210dd0_0, 0, 7;
    %jmp T_4.17;
T_4.9 ;
    %pushi/vec4 111, 0, 7;
    %store/vec4 v0x55703c210dd0_0, 0, 7;
    %jmp T_4.17;
T_4.10 ;
    %pushi/vec4 119, 0, 7;
    %store/vec4 v0x55703c210dd0_0, 0, 7;
    %jmp T_4.17;
T_4.11 ;
    %pushi/vec4 124, 0, 7;
    %store/vec4 v0x55703c210dd0_0, 0, 7;
    %jmp T_4.17;
T_4.12 ;
    %pushi/vec4 57, 0, 7;
    %store/vec4 v0x55703c210dd0_0, 0, 7;
    %jmp T_4.17;
T_4.13 ;
    %pushi/vec4 94, 0, 7;
    %store/vec4 v0x55703c210dd0_0, 0, 7;
    %jmp T_4.17;
T_4.14 ;
    %pushi/vec4 121, 0, 7;
    %store/vec4 v0x55703c210dd0_0, 0, 7;
    %jmp T_4.17;
T_4.15 ;
    %pushi/vec4 113, 0, 7;
    %store/vec4 v0x55703c210dd0_0, 0, 7;
    %jmp T_4.17;
T_4.17 ;
    %pop/vec4 1;
    %jmp T_4;
    .thread T_4, $push;
    .scope S_0x55703c2111b0;
T_5 ;
Ewait_1 .event/or E_0x55703c2113f0, E_0x0;
    %wait Ewait_1;
    %load/vec4 v0x55703c211470_0;
    %dup/vec4;
    %pushi/vec4 0, 0, 4;
    %cmp/u;
    %jmp/1 T_5.0, 6;
    %dup/vec4;
    %pushi/vec4 1, 0, 4;
    %cmp/u;
    %jmp/1 T_5.1, 6;
    %dup/vec4;
    %pushi/vec4 2, 0, 4;
    %cmp/u;
    %jmp/1 T_5.2, 6;
    %dup/vec4;
    %pushi/vec4 3, 0, 4;
    %cmp/u;
    %jmp/1 T_5.3, 6;
    %dup/vec4;
    %pushi/vec4 4, 0, 4;
    %cmp/u;
    %jmp/1 T_5.4, 6;
    %dup/vec4;
    %pushi/vec4 5, 0, 4;
    %cmp/u;
    %jmp/1 T_5.5, 6;
    %dup/vec4;
    %pushi/vec4 6, 0, 4;
    %cmp/u;
    %jmp/1 T_5.6, 6;
    %dup/vec4;
    %pushi/vec4 7, 0, 4;
    %cmp/u;
    %jmp/1 T_5.7, 6;
    %dup/vec4;
    %pushi/vec4 8, 0, 4;
    %cmp/u;
    %jmp/1 T_5.8, 6;
    %dup/vec4;
    %pushi/vec4 9, 0, 4;
    %cmp/u;
    %jmp/1 T_5.9, 6;
    %dup/vec4;
    %pushi/vec4 10, 0, 4;
    %cmp/u;
    %jmp/1 T_5.10, 6;
    %dup/vec4;
    %pushi/vec4 11, 0, 4;
    %cmp/u;
    %jmp/1 T_5.11, 6;
    %dup/vec4;
    %pushi/vec4 12, 0, 4;
    %cmp/u;
    %jmp/1 T_5.12, 6;
    %dup/vec4;
    %pushi/vec4 13, 0, 4;
    %cmp/u;
    %jmp/1 T_5.13, 6;
    %dup/vec4;
    %pushi/vec4 14, 0, 4;
    %cmp/u;
    %jmp/1 T_5.14, 6;
    %dup/vec4;
    %pushi/vec4 15, 0, 4;
    %cmp/u;
    %jmp/1 T_5.15, 6;
    %pushi/vec4 0, 0, 7;
    %store/vec4 v0x55703c211550_0, 0, 7;
    %jmp T_5.17;
T_5.0 ;
    %pushi/vec4 63, 0, 7;
    %store/vec4 v0x55703c211550_0, 0, 7;
    %jmp T_5.17;
T_5.1 ;
    %pushi/vec4 6, 0, 7;
    %store/vec4 v0x55703c211550_0, 0, 7;
    %jmp T_5.17;
T_5.2 ;
    %pushi/vec4 91, 0, 7;
    %store/vec4 v0x55703c211550_0, 0, 7;
    %jmp T_5.17;
T_5.3 ;
    %pushi/vec4 79, 0, 7;
    %store/vec4 v0x55703c211550_0, 0, 7;
    %jmp T_5.17;
T_5.4 ;
    %pushi/vec4 102, 0, 7;
    %store/vec4 v0x55703c211550_0, 0, 7;
    %jmp T_5.17;
T_5.5 ;
    %pushi/vec4 109, 0, 7;
    %store/vec4 v0x55703c211550_0, 0, 7;
    %jmp T_5.17;
T_5.6 ;
    %pushi/vec4 125, 0, 7;
    %store/vec4 v0x55703c211550_0, 0, 7;
    %jmp T_5.17;
T_5.7 ;
    %pushi/vec4 7, 0, 7;
    %store/vec4 v0x55703c211550_0, 0, 7;
    %jmp T_5.17;
T_5.8 ;
    %pushi/vec4 127, 0, 7;
    %store/vec4 v0x55703c211550_0, 0, 7;
    %jmp T_5.17;
T_5.9 ;
    %pushi/vec4 111, 0, 7;
    %store/vec4 v0x55703c211550_0, 0, 7;
    %jmp T_5.17;
T_5.10 ;
    %pushi/vec4 119, 0, 7;
    %store/vec4 v0x55703c211550_0, 0, 7;
    %jmp T_5.17;
T_5.11 ;
    %pushi/vec4 124, 0, 7;
    %store/vec4 v0x55703c211550_0, 0, 7;
    %jmp T_5.17;
T_5.12 ;
    %pushi/vec4 57, 0, 7;
    %store/vec4 v0x55703c211550_0, 0, 7;
    %jmp T_5.17;
T_5.13 ;
    %pushi/vec4 94, 0, 7;
    %store/vec4 v0x55703c211550_0, 0, 7;
    %jmp T_5.17;
T_5.14 ;
    %pushi/vec4 121, 0, 7;
    %store/vec4 v0x55703c211550_0, 0, 7;
    %jmp T_5.17;
T_5.15 ;
    %pushi/vec4 113, 0, 7;
    %store/vec4 v0x55703c211550_0, 0, 7;
    %jmp T_5.17;
T_5.17 ;
    %pop/vec4 1;
    %jmp T_5;
    .thread T_5, $push;
    .scope S_0x55703c211930;
T_6 ;
Ewait_2 .event/or E_0x55703c211b70, E_0x0;
    %wait Ewait_2;
    %load/vec4 v0x55703c211bf0_0;
    %dup/vec4;
    %pushi/vec4 0, 0, 4;
    %cmp/u;
    %jmp/1 T_6.0, 6;
    %dup/vec4;
    %pushi/vec4 1, 0, 4;
    %cmp/u;
    %jmp/1 T_6.1, 6;
    %dup/vec4;
    %pushi/vec4 2, 0, 4;
    %cmp/u;
    %jmp/1 T_6.2, 6;
    %dup/vec4;
    %pushi/vec4 3, 0, 4;
    %cmp/u;
    %jmp/1 T_6.3, 6;
    %dup/vec4;
    %pushi/vec4 4, 0, 4;
    %cmp/u;
    %jmp/1 T_6.4, 6;
    %dup/vec4;
    %pushi/vec4 5, 0, 4;
    %cmp/u;
    %jmp/1 T_6.5, 6;
    %dup/vec4;
    %pushi/vec4 6, 0, 4;
    %cmp/u;
    %jmp/1 T_6.6, 6;
    %dup/vec4;
    %pushi/vec4 7, 0, 4;
    %cmp/u;
    %jmp/1 T_6.7, 6;
    %dup/vec4;
    %pushi/vec4 8, 0, 4;
    %cmp/u;
    %jmp/1 T_6.8, 6;
    %dup/vec4;
    %pushi/vec4 9, 0, 4;
    %cmp/u;
    %jmp/1 T_6.9, 6;
    %dup/vec4;
    %pushi/vec4 10, 0, 4;
    %cmp/u;
    %jmp/1 T_6.10, 6;
    %dup/vec4;
    %pushi/vec4 11, 0, 4;
    %cmp/u;
    %jmp/1 T_6.11, 6;
    %dup/vec4;
    %pushi/vec4 12, 0, 4;
    %cmp/u;
    %jmp/1 T_6.12, 6;
    %dup/vec4;
    %pushi/vec4 13, 0, 4;
    %cmp/u;
    %jmp/1 T_6.13, 6;
    %dup/vec4;
    %pushi/vec4 14, 0, 4;
    %cmp/u;
    %jmp/1 T_6.14, 6;
    %dup/vec4;
    %pushi/vec4 15, 0, 4;
    %cmp/u;
    %jmp/1 T_6.15, 6;
    %pushi/vec4 0, 0, 7;
    %store/vec4 v0x55703c211d00_0, 0, 7;
    %jmp T_6.17;
T_6.0 ;
    %pushi/vec4 63, 0, 7;
    %store/vec4 v0x55703c211d00_0, 0, 7;
    %jmp T_6.17;
T_6.1 ;
    %pushi/vec4 6, 0, 7;
    %store/vec4 v0x55703c211d00_0, 0, 7;
    %jmp T_6.17;
T_6.2 ;
    %pushi/vec4 91, 0, 7;
    %store/vec4 v0x55703c211d00_0, 0, 7;
    %jmp T_6.17;
T_6.3 ;
    %pushi/vec4 79, 0, 7;
    %store/vec4 v0x55703c211d00_0, 0, 7;
    %jmp T_6.17;
T_6.4 ;
    %pushi/vec4 102, 0, 7;
    %store/vec4 v0x55703c211d00_0, 0, 7;
    %jmp T_6.17;
T_6.5 ;
    %pushi/vec4 109, 0, 7;
    %store/vec4 v0x55703c211d00_0, 0, 7;
    %jmp T_6.17;
T_6.6 ;
    %pushi/vec4 125, 0, 7;
    %store/vec4 v0x55703c211d00_0, 0, 7;
    %jmp T_6.17;
T_6.7 ;
    %pushi/vec4 7, 0, 7;
    %store/vec4 v0x55703c211d00_0, 0, 7;
    %jmp T_6.17;
T_6.8 ;
    %pushi/vec4 127, 0, 7;
    %store/vec4 v0x55703c211d00_0, 0, 7;
    %jmp T_6.17;
T_6.9 ;
    %pushi/vec4 111, 0, 7;
    %store/vec4 v0x55703c211d00_0, 0, 7;
    %jmp T_6.17;
T_6.10 ;
    %pushi/vec4 119, 0, 7;
    %store/vec4 v0x55703c211d00_0, 0, 7;
    %jmp T_6.17;
T_6.11 ;
    %pushi/vec4 124, 0, 7;
    %store/vec4 v0x55703c211d00_0, 0, 7;
    %jmp T_6.17;
T_6.12 ;
    %pushi/vec4 57, 0, 7;
    %store/vec4 v0x55703c211d00_0, 0, 7;
    %jmp T_6.17;
T_6.13 ;
    %pushi/vec4 94, 0, 7;
    %store/vec4 v0x55703c211d00_0, 0, 7;
    %jmp T_6.17;
T_6.14 ;
    %pushi/vec4 121, 0, 7;
    %store/vec4 v0x55703c211d00_0, 0, 7;
    %jmp T_6.17;
T_6.15 ;
    %pushi/vec4 113, 0, 7;
    %store/vec4 v0x55703c211d00_0, 0, 7;
    %jmp T_6.17;
T_6.17 ;
    %pop/vec4 1;
    %jmp T_6;
    .thread T_6, $push;
    .scope S_0x55703c2120e0;
T_7 ;
Ewait_3 .event/or E_0x55703c212320, E_0x0;
    %wait Ewait_3;
    %load/vec4 v0x55703c2123a0_0;
    %dup/vec4;
    %pushi/vec4 0, 0, 4;
    %cmp/u;
    %jmp/1 T_7.0, 6;
    %dup/vec4;
    %pushi/vec4 1, 0, 4;
    %cmp/u;
    %jmp/1 T_7.1, 6;
    %dup/vec4;
    %pushi/vec4 2, 0, 4;
    %cmp/u;
    %jmp/1 T_7.2, 6;
    %dup/vec4;
    %pushi/vec4 3, 0, 4;
    %cmp/u;
    %jmp/1 T_7.3, 6;
    %dup/vec4;
    %pushi/vec4 4, 0, 4;
    %cmp/u;
    %jmp/1 T_7.4, 6;
    %dup/vec4;
    %pushi/vec4 5, 0, 4;
    %cmp/u;
    %jmp/1 T_7.5, 6;
    %dup/vec4;
    %pushi/vec4 6, 0, 4;
    %cmp/u;
    %jmp/1 T_7.6, 6;
    %dup/vec4;
    %pushi/vec4 7, 0, 4;
    %cmp/u;
    %jmp/1 T_7.7, 6;
    %dup/vec4;
    %pushi/vec4 8, 0, 4;
    %cmp/u;
    %jmp/1 T_7.8, 6;
    %dup/vec4;
    %pushi/vec4 9, 0, 4;
    %cmp/u;
    %jmp/1 T_7.9, 6;
    %dup/vec4;
    %pushi/vec4 10, 0, 4;
    %cmp/u;
    %jmp/1 T_7.10, 6;
    %dup/vec4;
    %pushi/vec4 11, 0, 4;
    %cmp/u;
    %jmp/1 T_7.11, 6;
    %dup/vec4;
    %pushi/vec4 12, 0, 4;
    %cmp/u;
    %jmp/1 T_7.12, 6;
    %dup/vec4;
    %pushi/vec4 13, 0, 4;
    %cmp/u;
    %jmp/1 T_7.13, 6;
    %dup/vec4;
    %pushi/vec4 14, 0, 4;
    %cmp/u;
    %jmp/1 T_7.14, 6;
    %dup/vec4;
    %pushi/vec4 15, 0, 4;
    %cmp/u;
    %jmp/1 T_7.15, 6;
    %pushi/vec4 0, 0, 7;
    %store/vec4 v0x55703c2124b0_0, 0, 7;
    %jmp T_7.17;
T_7.0 ;
    %pushi/vec4 63, 0, 7;
    %store/vec4 v0x55703c2124b0_0, 0, 7;
    %jmp T_7.17;
T_7.1 ;
    %pushi/vec4 6, 0, 7;
    %store/vec4 v0x55703c2124b0_0, 0, 7;
    %jmp T_7.17;
T_7.2 ;
    %pushi/vec4 91, 0, 7;
    %store/vec4 v0x55703c2124b0_0, 0, 7;
    %jmp T_7.17;
T_7.3 ;
    %pushi/vec4 79, 0, 7;
    %store/vec4 v0x55703c2124b0_0, 0, 7;
    %jmp T_7.17;
T_7.4 ;
    %pushi/vec4 102, 0, 7;
    %store/vec4 v0x55703c2124b0_0, 0, 7;
    %jmp T_7.17;
T_7.5 ;
    %pushi/vec4 109, 0, 7;
    %store/vec4 v0x55703c2124b0_0, 0, 7;
    %jmp T_7.17;
T_7.6 ;
    %pushi/vec4 125, 0, 7;
    %store/vec4 v0x55703c2124b0_0, 0, 7;
    %jmp T_7.17;
T_7.7 ;
    %pushi/vec4 7, 0, 7;
    %store/vec4 v0x55703c2124b0_0, 0, 7;
    %jmp T_7.17;
T_7.8 ;
    %pushi/vec4 127, 0, 7;
    %store/vec4 v0x55703c2124b0_0, 0, 7;
    %jmp T_7.17;
T_7.9 ;
    %pushi/vec4 111, 0, 7;
    %store/vec4 v0x55703c2124b0_0, 0, 7;
    %jmp T_7.17;
T_7.10 ;
    %pushi/vec4 119, 0, 7;
    %store/vec4 v0x55703c2124b0_0, 0, 7;
    %jmp T_7.17;
T_7.11 ;
    %pushi/vec4 124, 0, 7;
    %store/vec4 v0x55703c2124b0_0, 0, 7;
    %jmp T_7.17;
T_7.12 ;
    %pushi/vec4 57, 0, 7;
    %store/vec4 v0x55703c2124b0_0, 0, 7;
    %jmp T_7.17;
T_7.13 ;
    %pushi/vec4 94, 0, 7;
    %store/vec4 v0x55703c2124b0_0, 0, 7;
    %jmp T_7.17;
T_7.14 ;
    %pushi/vec4 121, 0, 7;
    %store/vec4 v0x55703c2124b0_0, 0, 7;
    %jmp T_7.17;
T_7.15 ;
    %pushi/vec4 113, 0, 7;
    %store/vec4 v0x55703c2124b0_0, 0, 7;
    %jmp T_7.17;
T_7.17 ;
    %pop/vec4 1;
    %jmp T_7;
    .thread T_7, $push;
    .scope S_0x55703c2125d0;
T_8 ;
    %wait E_0x55703c1b0da0;
    %load/vec4 v0x55703c213540_0;
    %nor/r;
    %flag_set/vec4 8;
    %jmp/0xz  T_8.0, 8;
    %pushi/vec4 0, 0, 4;
    %assign/vec4 v0x55703c213300_0, 0;
    %jmp T_8.1;
T_8.0 ;
    %load/vec4 v0x55703c2133e0_0;
    %flag_set/vec4 8;
    %jmp/0xz  T_8.2, 8;
    %load/vec4 v0x55703c213670_0;
    %flag_set/vec4 8;
    %jmp/0xz  T_8.4, 8;
    %load/vec4 v0x55703c213300_0;
    %pad/u 32;
    %cmpi/e 3, 0, 32;
    %jmp/0xz  T_8.6, 4;
    %pushi/vec4 0, 0, 4;
    %assign/vec4 v0x55703c213300_0, 0;
    %jmp T_8.7;
T_8.6 ;
    %load/vec4 v0x55703c213300_0;
    %addi 1, 0, 4;
    %assign/vec4 v0x55703c213300_0, 0;
T_8.7 ;
    %jmp T_8.5;
T_8.4 ;
    %load/vec4 v0x55703c213300_0;
    %cmpi/e 0, 0, 4;
    %jmp/0xz  T_8.8, 4;
    %pushi/vec4 3, 0, 4;
    %assign/vec4 v0x55703c213300_0, 0;
    %jmp T_8.9;
T_8.8 ;
    %load/vec4 v0x55703c213300_0;
    %subi 1, 0, 4;
    %assign/vec4 v0x55703c213300_0, 0;
T_8.9 ;
T_8.5 ;
T_8.2 ;
T_8.1 ;
    %jmp T_8;
    .thread T_8;
    .scope S_0x55703c213810;
T_9 ;
    %wait E_0x55703c1b0da0;
    %load/vec4 v0x55703c214610_0;
    %nor/r;
    %flag_set/vec4 8;
    %jmp/0xz  T_9.0, 8;
    %pushi/vec4 0, 0, 3;
    %assign/vec4 v0x55703c2143b0_0, 0;
    %jmp T_9.1;
T_9.0 ;
    %load/vec4 v0x55703c214490_0;
    %flag_set/vec4 8;
    %jmp/0xz  T_9.2, 8;
    %load/vec4 v0x55703c2146b0_0;
    %flag_set/vec4 8;
    %jmp/0xz  T_9.4, 8;
    %load/vec4 v0x55703c2143b0_0;
    %pad/u 32;
    %cmpi/e 1, 0, 32;
    %jmp/0xz  T_9.6, 4;
    %pushi/vec4 0, 0, 3;
    %assign/vec4 v0x55703c2143b0_0, 0;
    %jmp T_9.7;
T_9.6 ;
    %load/vec4 v0x55703c2143b0_0;
    %addi 1, 0, 3;
    %assign/vec4 v0x55703c2143b0_0, 0;
T_9.7 ;
    %jmp T_9.5;
T_9.4 ;
    %load/vec4 v0x55703c2143b0_0;
    %cmpi/e 0, 0, 3;
    %jmp/0xz  T_9.8, 4;
    %pushi/vec4 1, 0, 3;
    %assign/vec4 v0x55703c2143b0_0, 0;
    %jmp T_9.9;
T_9.8 ;
    %load/vec4 v0x55703c2143b0_0;
    %subi 1, 0, 3;
    %assign/vec4 v0x55703c2143b0_0, 0;
T_9.9 ;
T_9.5 ;
T_9.2 ;
T_9.1 ;
    %jmp T_9;
    .thread T_9;
    .scope S_0x55703c214870;
T_10 ;
    %wait E_0x55703c1b0da0;
    %load/vec4 v0x55703c215070_0;
    %nor/r;
    %flag_set/vec4 8;
    %jmp/0xz  T_10.0, 8;
    %pushi/vec4 0, 0, 2;
    %assign/vec4 v0x55703c214d20_0, 0;
    %pushi/vec4 127, 0, 7;
    %assign/vec4 v0x55703c215110_0, 0;
    %pushi/vec4 15, 0, 4;
    %assign/vec4 v0x55703c214c40_0, 0;
    %jmp T_10.1;
T_10.0 ;
    %load/vec4 v0x55703c214f80_0;
    %flag_set/vec4 8;
    %jmp/0xz  T_10.2, 8;
    %load/vec4 v0x55703c214d20_0;
    %pad/u 32;
    %cmpi/e 3, 0, 32;
    %jmp/0xz  T_10.4, 4;
    %pushi/vec4 0, 0, 2;
    %assign/vec4 v0x55703c214d20_0, 0;
    %jmp T_10.5;
T_10.4 ;
    %load/vec4 v0x55703c214d20_0;
    %addi 1, 0, 2;
    %assign/vec4 v0x55703c214d20_0, 0;
T_10.5 ;
T_10.2 ;
    %load/vec4 v0x55703c214d20_0;
    %pad/u 4;
    %ix/vec4 4;
    %load/vec4a v0x55703c214e10, 4;
    %assign/vec4 v0x55703c215110_0, 0;
    %pushi/vec4 1, 0, 4;
    %ix/getv 4, v0x55703c214d20_0;
    %shiftl 4;
    %inv;
    %assign/vec4 v0x55703c214c40_0, 0;
T_10.1 ;
    %jmp T_10;
    .thread T_10;
    .scope S_0x55703c1da070;
T_11 ;
Ewait_4 .event/or E_0x55703c1b15d0, E_0x0;
    %wait Ewait_4;
    %load/vec4 v0x55703c2153e0_0;
    %flag_set/vec4 8;
    %jmp/0xz  T_11.0, 8;
    %pushi/vec4 0, 0, 1;
    %store/vec4 v0x55703c215870_0, 0, 1;
    %pushi/vec4 0, 0, 5;
    %store/vec4 v0x55703c215b70_0, 0, 5;
    %jmp T_11.1;
T_11.0 ;
    %pushi/vec4 1, 0, 1;
    %store/vec4 v0x55703c215870_0, 0, 1;
    %pushi/vec4 31, 0, 5;
    %store/vec4 v0x55703c215b70_0, 0, 5;
T_11.1 ;
    %jmp T_11;
    .thread T_11, $push;
    .scope S_0x55703c1e89a0;
T_12 ;
    %pushi/vec4 0, 0, 1;
    %store/vec4 v0x55703c2164e0_0, 0, 1;
    %end;
    .thread T_12;
    .scope S_0x55703c1e89a0;
T_13 ;
    %delay 5000, 0;
    %load/vec4 v0x55703c2164e0_0;
    %inv;
    %store/vec4 v0x55703c2164e0_0, 0, 1;
    %jmp T_13;
    .thread T_13;
    .scope S_0x55703c1e89a0;
T_14 ;
    %vpi_call/w 3 40 "$dumpfile", "wave.vcd" {0 0 0};
    %vpi_call/w 3 41 "$dumpvars", 32'sb00000000000000000000000000000000, S_0x55703c1e89a0 {0 0 0};
    %pushi/vec4 0, 0, 1;
    %store/vec4 v0x55703c2169e0_0, 0, 1;
    %pushi/vec4 0, 0, 1;
    %store/vec4 v0x55703c216760_0, 0, 1;
    %pushi/vec4 0, 0, 1;
    %store/vec4 v0x55703c216420_0, 0, 1;
    %pushi/vec4 3, 0, 32;
T_14.0 %dup/vec4;
    %pushi/vec4 0, 0, 32;
    %cmp/s;
    %jmp/1xz T_14.1, 5;
    %jmp/1 T_14.1, 4;
    %pushi/vec4 1, 0, 32;
    %sub;
    %wait E_0x55703c1b0da0;
    %jmp T_14.0;
T_14.1 ;
    %pop/vec4 1;
    %pushi/vec4 1, 0, 1;
    %store/vec4 v0x55703c2169e0_0, 0, 1;
    %pushi/vec4 1, 0, 1;
    %store/vec4 v0x55703c216760_0, 0, 1;
    %pushi/vec4 5500, 0, 32;
T_14.2 %dup/vec4;
    %pushi/vec4 0, 0, 32;
    %cmp/s;
    %jmp/1xz T_14.3, 5;
    %jmp/1 T_14.3, 4;
    %pushi/vec4 1, 0, 32;
    %sub;
    %wait E_0x55703c1b0da0;
    %jmp T_14.2;
T_14.3 ;
    %pop/vec4 1;
    %vpi_call/w 3 60 "$finish" {0 0 0};
    %end;
    .thread T_14;
# The file index is used to find the file name in the following table.
:file_names 8;
    "N/A";
    "<interactive>";
    "-";
    "top_module_tb.sv";
    "top_module.sv";
    "modules/counter.sv";
    "modules/seg7_dec.sv";
    "modules/sevenseg_mux.sv";
